
--------------------------------------
net4_2 local robustness 1
Academic license - for non-commercial use only
verification neuron: 2 Unsafe Overapproximate(Box)%: 1.0288540624545883
Overall Unsafe Overapproximate(Box)%: 21.875
Overall Unsafe Overapproximate(Deeppoly)%: 50.0
57.92608618736267
--------------------------------------


--------------------------------------
net4_2 local robustness 2
verification neuron: 0 Unsafe Overapproximate(Box)%: 6.25
verification neuron: 1 Unsafe Overapproximate(Box)%: 0
verification neuron: 2 Unsafe Overapproximate(Box)%: 6.25
verification neuron: 3 Unsafe Overapproximate(Box)%: 0
Overall Unsafe Overapproximate(Box)%: 6.25
Overall Unsafe Overapproximate(Deeppoly)%: 21.875
120.90659689903259
--------------------------------------


--------------------------------------
net4_2 local robustness 3
verification neuron: 0 Unsafe Overapproximate(Box)%: 0
verification neuron: 2 Unsafe Overapproximate(Box)%: 6.25
Overall Unsafe Overapproximate(Box)%: 6.25
Overall Unsafe Overapproximate(Deeppoly)%: 15.625
59.15610694885254
--------------------------------------


--------------------------------------
net4_3 local robustness 1
verification neuron: 0 Unsafe Overapproximate(Box)%: 0.15856575092089487
verification neuron: 2 Unsafe Overapproximate(Box)%: 0
Overall Unsafe Overapproximate(Box)%: 6.25
Overall Unsafe Overapproximate(Deeppoly)%: 34.375
84.5518364906311
--------------------------------------


--------------------------------------
net4_3 local robustness 2
verification neuron: 0 Unsafe Overapproximate(Box)%: 3.125
verification neuron: 1 Unsafe Overapproximate(Box)%: 6.25
verification neuron: 2 Unsafe Overapproximate(Box)%: 2.579630121305716
verification neuron: 3 Unsafe Overapproximate(Box)%: 6.25
Overall Unsafe Overapproximate(Box)%: 9.375
Overall Unsafe Overapproximate(Deeppoly)%: 34.375
161.54289770126343
--------------------------------------


--------------------------------------
net4_3 local robustness 3
verification neuron: 0 Unsafe Overapproximate(Box)%: 3.1250000000000027
verification neuron: 1 Unsafe Overapproximate(Box)%: 19.843708404679436
verification neuron: 2 Unsafe Overapproximate(Box)%: 3.1250000000000027
verification neuron: 3 Unsafe Overapproximate(Box)%: 20.071028001458167
Overall Unsafe Overapproximate(Box)%: 28.125
Overall Unsafe Overapproximate(Deeppoly)%: 40.625
175.03913569450378
--------------------------------------


--------------------------------------
net4_4 local robustness 1
verification neuron: 2 Unsafe Overapproximate(Box)%: 0.1315987541678937
Overall Unsafe Overapproximate(Box)%: 9.375
Overall Unsafe Overapproximate(Deeppoly)%: 12.5
36.878138303756714
--------------------------------------


--------------------------------------
net4_4 local robustness 2
verification neuron: 0 Unsafe Overapproximate(Box)%: 3.125
verification neuron: 1 Unsafe Overapproximate(Box)%: 6.25
verification neuron: 2 Unsafe Overapproximate(Box)%: 3.125
verification neuron: 3 Unsafe Overapproximate(Box)%: 6.25
Overall Unsafe Overapproximate(Box)%: 9.375
Overall Unsafe Overapproximate(Deeppoly)%: 25.0
152.05752205848694
--------------------------------------


--------------------------------------
net4_4 local robustness 3
verification neuron: 0 Unsafe Overapproximate(Box)%: 6.250000000000003
verification neuron: 1 Unsafe Overapproximate(Box)%: 0
verification neuron: 2 Unsafe Overapproximate(Box)%: 6.250000000000003
verification neuron: 3 Unsafe Overapproximate(Box)%: 0
Overall Unsafe Overapproximate(Box)%: 6.25
Overall Unsafe Overapproximate(Deeppoly)%: 12.5
135.34693121910095
--------------------------------------


--------------------------------------
FNN1 local robustness 0
verification neuron: 0 Unsafe Overapproximate(Box)%: 0
verification neuron: 3 Unsafe Overapproximate(Box)%: 0
verification neuron: 8 Unsafe Overapproximate(Box)%: 0
Overall Unsafe Overapproximate(Box)%: 0.0
Overall Unsafe Overapproximate(Deeppoly)%: 100.0
191.50904774665833
--------------------------------------


--------------------------------------
FNN1 local robustness 1
verification neuron: 2 Unsafe Overapproximate(Box)%: 0
verification neuron: 4 Unsafe Overapproximate(Box)%: 0
verification neuron: 5 Unsafe Overapproximate(Box)%: 0
verification neuron: 6 Unsafe Overapproximate(Box)%: 0
verification neuron: 7 Unsafe Overapproximate(Box)%: 0
Overall Unsafe Overapproximate(Box)%: 0.0
Overall Unsafe Overapproximate(Deeppoly)%: 100.0
570.8230245113373
--------------------------------------


--------------------------------------
FNN1 local robustness 2
verification neuron: 3 Unsafe Overapproximate(Box)%: 0
Overall Unsafe Overapproximate(Box)%: 0.0
Overall Unsafe Overapproximate(Deeppoly)%: 100.0
91.74266815185547
--------------------------------------


--------------------------------------
FNN2 local robustness 0
verification neuron: 2 Unsafe Overapproximate(Box)%: 0
verification neuron: 3 Unsafe Overapproximate(Box)%: 0
Overall Unsafe Overapproximate(Box)%: 0.0
Overall Unsafe Overapproximate(Deeppoly)%: 100.0
107.38043999671936
--------------------------------------


--------------------------------------
FNN2 local robustness 1
verification neuron: 7 Unsafe Overapproximate(Box)%: 0
Overall Unsafe Overapproximate(Box)%: 0.0
Overall Unsafe Overapproximate(Deeppoly)%: 100.0
61.333792209625244
--------------------------------------


--------------------------------------
FNN2 local robustness 2
verification neuron: 3 Unsafe Overapproximate(Box)%: 0
Overall Unsafe Overapproximate(Box)%: 0.0
Overall Unsafe Overapproximate(Deeppoly)%: 100.0
66.52508544921875
--------------------------------------


--------------------------------------
FNN3 local robustness 0
verification neuron: 3 Unsafe Overapproximate(Box)%: 0
verification neuron: 8 Unsafe Overapproximate(Box)%: 0
Overall Unsafe Overapproximate(Box)%: 0.0
Overall Unsafe Overapproximate(Deeppoly)%: 100.0
491.9720582962036
--------------------------------------


--------------------------------------
FNN3 local robustness 1
verification neuron: 7 Unsafe Overapproximate(Box)%: 0
Overall Unsafe Overapproximate(Box)%: 0.0
Overall Unsafe Overapproximate(Deeppoly)%: 100.0
132.37475109100342
--------------------------------------


--------------------------------------
FNN3 local robustness 2
verification neuron: 3 Unsafe Overapproximate(Box)%: 0
Overall Unsafe Overapproximate(Box)%: 0.0
Overall Unsafe Overapproximate(Deeppoly)%: 100.0
353.1003143787384
--------------------------------------


--------------------------------------
FNN4 local robustness 0
verification neuron: 2 Unsafe Overapproximate(Box)%: 0
verification neuron: 3 Unsafe Overapproximate(Box)%: 0
verification neuron: 8 Unsafe Overapproximate(Box)%: 0
Overall Unsafe Overapproximate(Box)%: 0.0
Overall Unsafe Overapproximate(Deeppoly)%: 100.0
1218.9283838272095
--------------------------------------


--------------------------------------
FNN4 local robustness 1
verification neuron: 6 Unsafe Overapproximate(Box)%: 0
verification neuron: 7 Unsafe Overapproximate(Box)%: 0
Overall Unsafe Overapproximate(Box)%: 0.0
Overall Unsafe Overapproximate(Deeppoly)%: 100.0
685.0408504009247
--------------------------------------


--------------------------------------
FNN4 local robustness 2
verification neuron: 3 Unsafe Overapproximate(Box)%: 0
Overall Unsafe Overapproximate(Box)%: 0.0
Overall Unsafe Overapproximate(Deeppoly)%: 100.0
434.6726543903351
--------------------------------------

