Net: rlv/caffeprototxt_AI2_MNIST_FNN_2_testNetworkB.rlv Property: properties/mnist_0_local_property.in
Abstract Mode Changed: 0
Refreshed ReLu nodes: 3
Abstract Mode Changed: 1
Refreshed ReLu nodes: 3
Abstract Mode Changed: 0
Refreshed ReLu nodes: 0
Abstract Mode Changed: 1
Refreshed ReLu nodes: 1
Abstract Mode Changed: 2
Refreshed ReLu nodes: 0
Split: 0 Area: 99.99999999998671
Disturbance: 0.065 Failed!
Abstract Mode Changed: 0
Refreshed ReLu nodes: 17
Abstract Mode Changed: 6
Split: 0 Infeasible
verification neuron: 1 Unsafe Overapproximate(Box)%: 0
Abstract Mode Changed: 0
Refreshed ReLu nodes: 12
Abstract Mode Changed: 9
Split: 0 Infeasible
verification neuron: 5 Unsafe Overapproximate(Box)%: 0
Abstract Mode Changed: 0
Refreshed ReLu nodes: 6
Abstract Mode Changed: 5
Refreshed ReLu nodes: 28
Abstract Mode Changed: 2
Split: 0 Infeasible
verification neuron: 8 Unsafe Overapproximate(Box)%: 0
Abstract Mode Changed: 0
Refreshed ReLu nodes: 6
Abstract Mode Changed: 8
Refreshed ReLu nodes: 38
Abstract Mode Changed: 1
Split: 0 Infeasible
verification neuron: 7 Unsafe Overapproximate(Box)%: 0
Abstract Mode Changed: 0
Refreshed ReLu nodes: 4
Abstract Mode Changed: 3
Refreshed ReLu nodes: 5
Abstract Mode Changed: 0
Refreshed ReLu nodes: 7
Abstract Mode Changed: 1
Refreshed ReLu nodes: 13
Abstract Mode Changed: 1
Refreshed ReLu nodes: 9
Split: 0 Area: 99.99999999997605
Disturbance: 0.049 Failed!
Abstract Mode Changed: 0
Refreshed ReLu nodes: 12
Abstract Mode Changed: 9
Split: 0 Infeasible
verification neuron: 3 Unsafe Overapproximate(Box)%: 0
Abstract Mode Changed: 0
Refreshed ReLu nodes: 19
Abstract Mode Changed: 3
Split: 0 Infeasible
verification neuron: 2 Unsafe Overapproximate(Box)%: 0
Overall Unsafe Overapproximate(Area)% 0
Overall Unsafe Overapproximate(Smart Area)% 0.0
Overall Unsafe Overapproximate(Box)%: 0.0
Overall Unsafe Overapproximate(Deeppoly)%: 100.0
Disturbance: 0.041 Success!
Abstract Mode Changed: 0
Refreshed ReLu nodes: 30
Abstract Mode Changed: 4
Split: 0 Infeasible
verification neuron: 7 Unsafe Overapproximate(Box)%: 0
Abstract Mode Changed: 0
Refreshed ReLu nodes: 18
Abstract Mode Changed: 7
Split: 0 Infeasible
verification neuron: 8 Unsafe Overapproximate(Box)%: 0
Abstract Mode Changed: 0
Refreshed ReLu nodes: 5
Abstract Mode Changed: 4
Refreshed ReLu nodes: 20
Abstract Mode Changed: 1
Refreshed ReLu nodes: 9
Abstract Mode Changed: 5
Split: 0 Infeasible
verification neuron: 2 Unsafe Overapproximate(Box)%: 0
Abstract Mode Changed: 0
Refreshed ReLu nodes: 3
Abstract Mode Changed: 7
Refreshed ReLu nodes: 11
Abstract Mode Changed: 2
Refreshed ReLu nodes: 26
Abstract Mode Changed: 1
Split: 0 Infeasible
verification neuron: 3 Unsafe Overapproximate(Box)%: 0
Overall Unsafe Overapproximate(Area)% 0
Overall Unsafe Overapproximate(Smart Area)% 0.0
Overall Unsafe Overapproximate(Box)%: 0.0
Overall Unsafe Overapproximate(Deeppoly)%: 100.0
Disturbance: 0.045 Success!
Abstract Mode Changed: 0
Refreshed ReLu nodes: 35
Abstract Mode Changed: 4
Split: 0 Infeasible
verification neuron: 1 Unsafe Overapproximate(Box)%: 0
Abstract Mode Changed: 0
Refreshed ReLu nodes: 26
Abstract Mode Changed: 5
Split: 0 Infeasible
verification neuron: 5 Unsafe Overapproximate(Box)%: 0
Abstract Mode Changed: 0
Refreshed ReLu nodes: 10
Abstract Mode Changed: 7
Split: 0 Infeasible
verification neuron: 8 Unsafe Overapproximate(Box)%: 0
Abstract Mode Changed: 0
Refreshed ReLu nodes: 16
Abstract Mode Changed: 9
Split: 0 Infeasible
verification neuron: 7 Unsafe Overapproximate(Box)%: 0
Abstract Mode Changed: 0
Refreshed ReLu nodes: 6
Abstract Mode Changed: 4
Refreshed ReLu nodes: 8
Abstract Mode Changed: 0
Refreshed ReLu nodes: 19
Abstract Mode Changed: 2
Refreshed ReLu nodes: 5
Abstract Mode Changed: 4
Split: 0 Infeasible
verification neuron: 2 Unsafe Overapproximate(Box)%: 0
Abstract Mode Changed: 0
Refreshed ReLu nodes: 7
Abstract Mode Changed: 6
Refreshed ReLu nodes: 5
Abstract Mode Changed: 3
Refreshed ReLu nodes: 11
Abstract Mode Changed: 0
Split: 0 Infeasible
verification neuron: 3 Unsafe Overapproximate(Box)%: 0
Overall Unsafe Overapproximate(Area)% 0
Overall Unsafe Overapproximate(Smart Area)% 0.0
Overall Unsafe Overapproximate(Box)%: 0.0
Overall Unsafe Overapproximate(Deeppoly)%: 100.0
Disturbance: 0.047 Success!
Abstract Mode Changed: 0
Refreshed ReLu nodes: 20
Abstract Mode Changed: 5
Split: 0 Infeasible
verification neuron: 1 Unsafe Overapproximate(Box)%: 0
Abstract Mode Changed: 0
Refreshed ReLu nodes: 16
Abstract Mode Changed: 9
Split: 0 Infeasible
verification neuron: 5 Unsafe Overapproximate(Box)%: 0
Abstract Mode Changed: 0
Refreshed ReLu nodes: 6
Abstract Mode Changed: 5
Split: 0 Infeasible
verification neuron: 8 Unsafe Overapproximate(Box)%: 0
Abstract Mode Changed: 0
Refreshed ReLu nodes: 10
Abstract Mode Changed: 8
Split: 0 Infeasible
verification neuron: 7 Unsafe Overapproximate(Box)%: 0
Abstract Mode Changed: 0
Refreshed ReLu nodes: 5
Abstract Mode Changed: 3
Refreshed ReLu nodes: 4
Abstract Mode Changed: 0
Refreshed ReLu nodes: 12
Abstract Mode Changed: 2
Refreshed ReLu nodes: 14
Abstract Mode Changed: 1
Refreshed ReLu nodes: 4
Split: 0 Area: 99.9999999999775
Disturbance: 0.048 Failed!
DeepPoly Max Verified Distrubance: 0.034
Our method Max Verified Disturbance: 0.047
Net: rlv/caffeprototxt_AI2_MNIST_FNN_2_testNetworkB.rlv Property: properties/mnist_1_local_property.in
Abstract Mode Changed: 0
Refreshed ReLu nodes: 0
Abstract Mode Changed: 3
Refreshed ReLu nodes: 1
Abstract Mode Changed: 0
Refreshed ReLu nodes: 0
Abstract Mode Changed: 0
Refreshed ReLu nodes: 0
Abstract Mode Changed: 0
Refreshed ReLu nodes: 0
Split: 0 Area: 99.99999999999152
Disturbance: 0.048 Failed!
Abstract Mode Changed: 0
Refreshed ReLu nodes: 4
Abstract Mode Changed: 2
Refreshed ReLu nodes: 0
Abstract Mode Changed: 0
Refreshed ReLu nodes: 0
Abstract Mode Changed: 0
Refreshed ReLu nodes: 0
Abstract Mode Changed: 0
Refreshed ReLu nodes: 0
Split: 0 Area: 99.99999999998855
Disturbance: 0.032 Failed!
Abstract Mode Changed: 0
Refreshed ReLu nodes: 39
Abstract Mode Changed: 2
Split: 0 Infeasible
verification neuron: 8 Unsafe Overapproximate(Box)%: 0
Abstract Mode Changed: 0
Refreshed ReLu nodes: 33
Abstract Mode Changed: 4
Split: 0 Infeasible
verification neuron: 4 Unsafe Overapproximate(Box)%: 0
Abstract Mode Changed: 0
Refreshed ReLu nodes: 9
Abstract Mode Changed: 4
Refreshed ReLu nodes: 26
Abstract Mode Changed: 3
Split: 0 Infeasible
verification neuron: 2 Unsafe Overapproximate(Box)%: 0
Abstract Mode Changed: 0
Refreshed ReLu nodes: 5
Abstract Mode Changed: 3
Refreshed ReLu nodes: 16
Abstract Mode Changed: 2
Split: 0 Infeasible
verification neuron: 1 Unsafe Overapproximate(Box)%: 0
Abstract Mode Changed: 0
Refreshed ReLu nodes: 4
Abstract Mode Changed: 3
Refreshed ReLu nodes: 3
Abstract Mode Changed: 0
Refreshed ReLu nodes: 8
Abstract Mode Changed: 0
Refreshed ReLu nodes: 8
Abstract Mode Changed: 3
Refreshed ReLu nodes: 14
Split: 0 Area: 99.99999999998815
Disturbance: 0.024 Failed!
Abstract Mode Changed: 0
Refreshed ReLu nodes: 32
Abstract Mode Changed: 4
Split: 0 Infeasible
verification neuron: 1 Unsafe Overapproximate(Box)%: 0
Abstract Mode Changed: 0
Refreshed ReLu nodes: 11
Abstract Mode Changed: 2
Split: 0 Infeasible
verification neuron: 7 Unsafe Overapproximate(Box)%: 0
Overall Unsafe Overapproximate(Area)% 0
Overall Unsafe Overapproximate(Smart Area)% 0.0
Overall Unsafe Overapproximate(Box)%: 0.0
Overall Unsafe Overapproximate(Deeppoly)%: 100.0
Disturbance: 0.02 Success!
Abstract Mode Changed: 0
Refreshed ReLu nodes: 19
Abstract Mode Changed: 6
Split: 0 Infeasible
verification neuron: 2 Unsafe Overapproximate(Box)%: 0
Abstract Mode Changed: 0
Refreshed ReLu nodes: 14
Abstract Mode Changed: 5
Split: 0 Infeasible
verification neuron: 1 Unsafe Overapproximate(Box)%: 0
Abstract Mode Changed: 0
Refreshed ReLu nodes: 6
Abstract Mode Changed: 2
Refreshed ReLu nodes: 9
Abstract Mode Changed: 1
Split: 0 Infeasible
verification neuron: 7 Unsafe Overapproximate(Box)%: 0
Overall Unsafe Overapproximate(Area)% 0
Overall Unsafe Overapproximate(Smart Area)% 0.0
Overall Unsafe Overapproximate(Box)%: 0.0
Overall Unsafe Overapproximate(Deeppoly)%: 100.0
Disturbance: 0.022 Success!
Abstract Mode Changed: 0
Refreshed ReLu nodes: 16
Abstract Mode Changed: 4
Split: 0 Infeasible
verification neuron: 2 Unsafe Overapproximate(Box)%: 0
Abstract Mode Changed: 0
Refreshed ReLu nodes: 9
Abstract Mode Changed: 3
Refreshed ReLu nodes: 28
Abstract Mode Changed: 4
Split: 0 Infeasible
verification neuron: 1 Unsafe Overapproximate(Box)%: 0
Abstract Mode Changed: 0
Refreshed ReLu nodes: 4
Abstract Mode Changed: 3
Refreshed ReLu nodes: 9
Abstract Mode Changed: 2
Refreshed ReLu nodes: 7
Abstract Mode Changed: 4
Split: 0 Infeasible
verification neuron: 7 Unsafe Overapproximate(Box)%: 0
Overall Unsafe Overapproximate(Area)% 0
Overall Unsafe Overapproximate(Smart Area)% 0.0
Overall Unsafe Overapproximate(Box)%: 0.0
Overall Unsafe Overapproximate(Deeppoly)%: 100.0
Disturbance: 0.023 Success!
DeepPoly Max Verified Distrubance: 0.017
Our method Max Verified Disturbance: 0.023
Net: rlv/caffeprototxt_AI2_MNIST_FNN_2_testNetworkB.rlv Property: properties/mnist_2_local_property.in
Abstract Mode Changed: 0
Refreshed ReLu nodes: 3
Abstract Mode Changed: 4
Refreshed ReLu nodes: 3
Abstract Mode Changed: 4
Refreshed ReLu nodes: 28
Abstract Mode Changed: 3
Split: 0 Infeasible
verification neuron: 6 Unsafe Overapproximate(Box)%: 0
Abstract Mode Changed: 0
Refreshed ReLu nodes: 3
Abstract Mode Changed: 4
Refreshed ReLu nodes: 4
Abstract Mode Changed: 6
Refreshed ReLu nodes: 22
Abstract Mode Changed: 6
Split: 0 Infeasible
verification neuron: 0 Unsafe Overapproximate(Box)%: 0
Abstract Mode Changed: 0
Refreshed ReLu nodes: 3
Abstract Mode Changed: 4
Refreshed ReLu nodes: 2
Abstract Mode Changed: 2
Refreshed ReLu nodes: 2
Abstract Mode Changed: 1
Refreshed ReLu nodes: 0
Abstract Mode Changed: 0
Refreshed ReLu nodes: 0
Split: 0 Area: 99.99999999998187
Disturbance: 0.048 Failed!
Abstract Mode Changed: 0
Split: 0 Infeasible
verification neuron: 7 Unsafe Overapproximate(Box)%: 0
Abstract Mode Changed: 0
Refreshed ReLu nodes: 6
Abstract Mode Changed: 4
Refreshed ReLu nodes: 13
Abstract Mode Changed: 4
Split: 0 Infeasible
verification neuron: 2 Unsafe Overapproximate(Box)%: 0
Abstract Mode Changed: 0
Refreshed ReLu nodes: 5
Abstract Mode Changed: 2
Refreshed ReLu nodes: 12
Abstract Mode Changed: 7
Split: 0 Infeasible
verification neuron: 8 Unsafe Overapproximate(Box)%: 0
Abstract Mode Changed: 0
Refreshed ReLu nodes: 6
Abstract Mode Changed: 3
Refreshed ReLu nodes: 3
Abstract Mode Changed: 1
Refreshed ReLu nodes: 3
Abstract Mode Changed: 2
Refreshed ReLu nodes: 0
Abstract Mode Changed: 0
Refreshed ReLu nodes: 1
Split: 0 Area: 99.99999999997911
Disturbance: 0.032 Failed!
Abstract Mode Changed: 0
Refreshed ReLu nodes: 8
Abstract Mode Changed: 3
Refreshed ReLu nodes: 9
Abstract Mode Changed: 4
Refreshed ReLu nodes: 8
Abstract Mode Changed: 1
Refreshed ReLu nodes: 5
Abstract Mode Changed: 0
Refreshed ReLu nodes: 5
Split: 0 Area: 99.9999999999682
Disturbance: 0.024 Failed!
Abstract Mode Changed: 0
Refreshed ReLu nodes: 12
Abstract Mode Changed: 5
Split: 0 Infeasible
verification neuron: 3 Unsafe Overapproximate(Box)%: 0
Overall Unsafe Overapproximate(Area)% 0
Overall Unsafe Overapproximate(Smart Area)% 0.0
Overall Unsafe Overapproximate(Box)%: 0.0
Overall Unsafe Overapproximate(Deeppoly)%: 100.0
Disturbance: 0.02 Success!
Abstract Mode Changed: 0
Refreshed ReLu nodes: 6
Abstract Mode Changed: 4
Refreshed ReLu nodes: 11
Abstract Mode Changed: 4
Split: 0 Infeasible
verification neuron: 3 Unsafe Overapproximate(Box)%: 0
Overall Unsafe Overapproximate(Area)% 0
Overall Unsafe Overapproximate(Smart Area)% 0.0
Overall Unsafe Overapproximate(Box)%: 0.0
Overall Unsafe Overapproximate(Deeppoly)%: 100.0
Disturbance: 0.022 Success!
Abstract Mode Changed: 0
Refreshed ReLu nodes: 6
Abstract Mode Changed: 6
Refreshed ReLu nodes: 11
Abstract Mode Changed: 2
Refreshed ReLu nodes: 8
Abstract Mode Changed: 0
Split: 0 Infeasible
verification neuron: 3 Unsafe Overapproximate(Box)%: 0
Overall Unsafe Overapproximate(Area)% 0
Overall Unsafe Overapproximate(Smart Area)% 0.0
Overall Unsafe Overapproximate(Box)%: 0.0
Overall Unsafe Overapproximate(Deeppoly)%: 100.0
Disturbance: 0.023 Success!
DeepPoly Max Verified Distrubance: 0.017
Our method Max Verified Disturbance: 0.023
Net: rlv/caffeprototxt_AI2_MNIST_FNN_3_testNetworkB.rlv Property: properties/mnist_0_local_property.in
Abstract Mode Changed: 0
Split: 0 Infeasible
verification neuron: 1 Unsafe Overapproximate(Box)%: 0
Abstract Mode Changed: 0
Refreshed ReLu nodes: 4
Abstract Mode Changed: 4
Refreshed ReLu nodes: 13
Abstract Mode Changed: 4
Refreshed ReLu nodes: 46
Abstract Mode Changed: 1
Split: 0 Infeasible
verification neuron: 0 Unsafe Overapproximate(Box)%: 0
Abstract Mode Changed: 0
Refreshed ReLu nodes: 5
Abstract Mode Changed: 5
Refreshed ReLu nodes: 28
Abstract Mode Changed: 0
Split: 0 Infeasible
verification neuron: 7 Unsafe Overapproximate(Box)%: 0
Abstract Mode Changed: 0
Refreshed ReLu nodes: 2
Abstract Mode Changed: 3
Refreshed ReLu nodes: 3
Abstract Mode Changed: 3
Refreshed ReLu nodes: 10
Abstract Mode Changed: 3
Refreshed ReLu nodes: 36
Abstract Mode Changed: 0
Split: 0 Infeasible
verification neuron: 2 Unsafe Overapproximate(Box)%: 0
Abstract Mode Changed: 0
Refreshed ReLu nodes: 6
Abstract Mode Changed: 2
Refreshed ReLu nodes: 13
Abstract Mode Changed: 1
Refreshed ReLu nodes: 28
Abstract Mode Changed: 3
Split: 0 Infeasible
verification neuron: 5 Unsafe Overapproximate(Box)%: 0
Abstract Mode Changed: 0
Refreshed ReLu nodes: 2
Abstract Mode Changed: 1
Refreshed ReLu nodes: 7
Abstract Mode Changed: 0
Refreshed ReLu nodes: 3
Abstract Mode Changed: 3
Refreshed ReLu nodes: 5
Abstract Mode Changed: 0
Refreshed ReLu nodes: 14
Split: 0 Area: 99.99999999997871
Disturbance: 0.08 Failed!
Abstract Mode Changed: 0
Refreshed ReLu nodes: 56
Abstract Mode Changed: 3
Split: 0 Infeasible
verification neuron: 5 Unsafe Overapproximate(Box)%: 0
Abstract Mode Changed: 0
Refreshed ReLu nodes: 53
Abstract Mode Changed: 7
Split: 0 Infeasible
verification neuron: 2 Unsafe Overapproximate(Box)%: 0
Abstract Mode Changed: 0
Refreshed ReLu nodes: 20
Abstract Mode Changed: 2
Refreshed ReLu nodes: 47
Abstract Mode Changed: 4
Split: 0 Infeasible
verification neuron: 8 Unsafe Overapproximate(Box)%: 0
Abstract Mode Changed: 0
Refreshed ReLu nodes: 11
Abstract Mode Changed: 2
Refreshed ReLu nodes: 21
Abstract Mode Changed: 3
Refreshed ReLu nodes: 21
Abstract Mode Changed: 1
Split: 0 Infeasible
verification neuron: 3 Unsafe Overapproximate(Box)%: 0
Overall Unsafe Overapproximate(Area)% 0
Overall Unsafe Overapproximate(Smart Area)% 0.0
Overall Unsafe Overapproximate(Box)%: 0.0
Overall Unsafe Overapproximate(Deeppoly)%: 100.0
Disturbance: 0.064 Success!
Abstract Mode Changed: 0
Refreshed ReLu nodes: 22
Abstract Mode Changed: 3
Split: 0 Infeasible
verification neuron: 0 Unsafe Overapproximate(Box)%: 0
Abstract Mode Changed: 0
Refreshed ReLu nodes: 29
Abstract Mode Changed: 4
Split: 0 Infeasible
verification neuron: 7 Unsafe Overapproximate(Box)%: 0
Abstract Mode Changed: 0
Refreshed ReLu nodes: 9
Abstract Mode Changed: 4
Refreshed ReLu nodes: 57
Abstract Mode Changed: 2
Split: 0 Infeasible
verification neuron: 2 Unsafe Overapproximate(Box)%: 0
Abstract Mode Changed: 0
Refreshed ReLu nodes: 18
Abstract Mode Changed: 4
Refreshed ReLu nodes: 59
Abstract Mode Changed: 2
Split: 0 Infeasible
verification neuron: 5 Unsafe Overapproximate(Box)%: 0
Abstract Mode Changed: 0
Refreshed ReLu nodes: 7
Abstract Mode Changed: 3
Refreshed ReLu nodes: 20
Abstract Mode Changed: 2
Refreshed ReLu nodes: 24
Abstract Mode Changed: 1
Refreshed ReLu nodes: 24
Abstract Mode Changed: 2
Split: 0 Infeasible
verification neuron: 8 Unsafe Overapproximate(Box)%: 0
Abstract Mode Changed: 0
Refreshed ReLu nodes: 4
Abstract Mode Changed: 2
Refreshed ReLu nodes: 4
Abstract Mode Changed: 2
Refreshed ReLu nodes: 9
Abstract Mode Changed: 1
Refreshed ReLu nodes: 10
Abstract Mode Changed: 0
Refreshed ReLu nodes: 6
Split: 0 Area: 99.99999999998566
Disturbance: 0.072 Failed!
Abstract Mode Changed: 0
Refreshed ReLu nodes: 71
Abstract Mode Changed: 1
Split: 0 Infeasible
verification neuron: 7 Unsafe Overapproximate(Box)%: 0
Abstract Mode Changed: 0
Refreshed ReLu nodes: 46
Abstract Mode Changed: 6
Split: 0 Infeasible
verification neuron: 0 Unsafe Overapproximate(Box)%: 0
Abstract Mode Changed: 0
Refreshed ReLu nodes: 22
Abstract Mode Changed: 5
Split: 0 Infeasible
verification neuron: 2 Unsafe Overapproximate(Box)%: 0
Abstract Mode Changed: 0
Refreshed ReLu nodes: 34
Abstract Mode Changed: 3
Split: 0 Infeasible
verification neuron: 5 Unsafe Overapproximate(Box)%: 0
Abstract Mode Changed: 0
Refreshed ReLu nodes: 12
Abstract Mode Changed: 3
Refreshed ReLu nodes: 33
Abstract Mode Changed: 3
Split: 0 Infeasible
verification neuron: 8 Unsafe Overapproximate(Box)%: 0
Abstract Mode Changed: 0
Refreshed ReLu nodes: 5
Abstract Mode Changed: 2
Refreshed ReLu nodes: 12
Abstract Mode Changed: 2
Refreshed ReLu nodes: 15
Abstract Mode Changed: 1
Refreshed ReLu nodes: 15
Abstract Mode Changed: 1
Refreshed ReLu nodes: 11
Split: 0 Area: 99.99999999998312
Disturbance: 0.068 Failed!
Abstract Mode Changed: 0
Split: 0 Infeasible
verification neuron: 7 Unsafe Overapproximate(Box)%: 0
Abstract Mode Changed: 0
Refreshed ReLu nodes: 69
Abstract Mode Changed: 6
Split: 0 Infeasible
verification neuron: 0 Unsafe Overapproximate(Box)%: 0
Abstract Mode Changed: 0
Refreshed ReLu nodes: 39
Abstract Mode Changed: 6
Split: 0 Infeasible
verification neuron: 2 Unsafe Overapproximate(Box)%: 0
Abstract Mode Changed: 0
Refreshed ReLu nodes: 44
Abstract Mode Changed: 3
Split: 0 Infeasible
verification neuron: 5 Unsafe Overapproximate(Box)%: 0
Abstract Mode Changed: 0
Refreshed ReLu nodes: 16
Abstract Mode Changed: 3
Refreshed ReLu nodes: 38
Abstract Mode Changed: 3
Split: 0 Infeasible
verification neuron: 8 Unsafe Overapproximate(Box)%: 0
Abstract Mode Changed: 0
Refreshed ReLu nodes: 9
Abstract Mode Changed: 2
Refreshed ReLu nodes: 17
Abstract Mode Changed: 3
Refreshed ReLu nodes: 18
Abstract Mode Changed: 0
Refreshed ReLu nodes: 18
Abstract Mode Changed: 2
Split: 0 Infeasible
verification neuron: 3 Unsafe Overapproximate(Box)%: 0
Overall Unsafe Overapproximate(Area)% 0
Overall Unsafe Overapproximate(Smart Area)% 0.0
Overall Unsafe Overapproximate(Box)%: 0.0
Overall Unsafe Overapproximate(Deeppoly)%: 100.0
Disturbance: 0.066 Success!
Abstract Mode Changed: 0
Split: 0 Infeasible
verification neuron: 7 Unsafe Overapproximate(Box)%: 0
Abstract Mode Changed: 0
Refreshed ReLu nodes: 55
Abstract Mode Changed: 6
Split: 0 Infeasible
verification neuron: 0 Unsafe Overapproximate(Box)%: 0
Abstract Mode Changed: 0
Refreshed ReLu nodes: 31
Abstract Mode Changed: 5
Split: 0 Infeasible
verification neuron: 2 Unsafe Overapproximate(Box)%: 0
Abstract Mode Changed: 0
Refreshed ReLu nodes: 39
Abstract Mode Changed: 3
Split: 0 Infeasible
verification neuron: 5 Unsafe Overapproximate(Box)%: 0
Abstract Mode Changed: 0
Refreshed ReLu nodes: 16
Abstract Mode Changed: 3
Refreshed ReLu nodes: 34
Abstract Mode Changed: 3
Split: 0 Infeasible
verification neuron: 8 Unsafe Overapproximate(Box)%: 0
Abstract Mode Changed: 0
Refreshed ReLu nodes: 7
Abstract Mode Changed: 2
Refreshed ReLu nodes: 18
Abstract Mode Changed: 3
Refreshed ReLu nodes: 16
Abstract Mode Changed: 0
Refreshed ReLu nodes: 13
Abstract Mode Changed: 1
Refreshed ReLu nodes: 20
Split: 0 Area: 97.10696024758812
Disturbance: 0.067 Failed!
DeepPoly Max Verified Distrubance: 0.049
Our method Max Verified Disturbance: 0.066
Net: rlv/caffeprototxt_AI2_MNIST_FNN_3_testNetworkB.rlv Property: properties/mnist_1_local_property.in
Abstract Mode Changed: 0
Refreshed ReLu nodes: 0
Abstract Mode Changed: 5
Refreshed ReLu nodes: 0
Abstract Mode Changed: 1
Refreshed ReLu nodes: 0
Abstract Mode Changed: 0
Refreshed ReLu nodes: 0
Abstract Mode Changed: 0
Refreshed ReLu nodes: 0
Split: 0 Area: 99.99999999999253
Disturbance: 0.056 Failed!
Abstract Mode Changed: 0
Refreshed ReLu nodes: 6
Abstract Mode Changed: 4
Refreshed ReLu nodes: 50
Abstract Mode Changed: 4
Split: 0 Infeasible
verification neuron: 0 Unsafe Overapproximate(Box)%: 0
Abstract Mode Changed: 0
Refreshed ReLu nodes: 10
Abstract Mode Changed: 6
Refreshed ReLu nodes: 32
Abstract Mode Changed: 2
Split: 0 Infeasible
verification neuron: 8 Unsafe Overapproximate(Box)%: 0
Abstract Mode Changed: 0
Refreshed ReLu nodes: 10
Abstract Mode Changed: 3
Refreshed ReLu nodes: 27
Abstract Mode Changed: 5
Split: 0 Infeasible
verification neuron: 5 Unsafe Overapproximate(Box)%: 0
Abstract Mode Changed: 0
Refreshed ReLu nodes: 4
Abstract Mode Changed: 5
Refreshed ReLu nodes: 14
Abstract Mode Changed: 3
Refreshed ReLu nodes: 30
Abstract Mode Changed: 5
Split: 0 Infeasible
verification neuron: 3 Unsafe Overapproximate(Box)%: 0
Abstract Mode Changed: 0
Refreshed ReLu nodes: 1
Abstract Mode Changed: 2
Refreshed ReLu nodes: 1
Abstract Mode Changed: 0
Refreshed ReLu nodes: 0
Abstract Mode Changed: 0
Refreshed ReLu nodes: 0
Abstract Mode Changed: 0
Refreshed ReLu nodes: 0
Split: 0 Area: 99.99999999998937
Disturbance: 0.04 Failed!
Abstract Mode Changed: 0
Refreshed ReLu nodes: 49
Abstract Mode Changed: 6
Split: 0 Infeasible
verification neuron: 4 Unsafe Overapproximate(Box)%: 0
Abstract Mode Changed: 0
Refreshed ReLu nodes: 70
Abstract Mode Changed: 8
Split: 0 Infeasible
verification neuron: 3 Unsafe Overapproximate(Box)%: 0
Abstract Mode Changed: 0
Refreshed ReLu nodes: 33
Abstract Mode Changed: 5
Split: 0 Infeasible
verification neuron: 2 Unsafe Overapproximate(Box)%: 0
Abstract Mode Changed: 0
Refreshed ReLu nodes: 25
Abstract Mode Changed: 6
Split: 0 Infeasible
verification neuron: 1 Unsafe Overapproximate(Box)%: 0
Abstract Mode Changed: 0
Refreshed ReLu nodes: 4
Abstract Mode Changed: 3
Refreshed ReLu nodes: 47
Abstract Mode Changed: 5
Split: 0 Infeasible
verification neuron: 6 Unsafe Overapproximate(Box)%: 0
Abstract Mode Changed: 0
Refreshed ReLu nodes: 4
Abstract Mode Changed: 2
Refreshed ReLu nodes: 17
Abstract Mode Changed: 0
Refreshed ReLu nodes: 29
Abstract Mode Changed: 1
Split: 0 Infeasible
verification neuron: 7 Unsafe Overapproximate(Box)%: 0
Overall Unsafe Overapproximate(Area)% 0
Overall Unsafe Overapproximate(Smart Area)% 0.0
Overall Unsafe Overapproximate(Box)%: 0.0
Overall Unsafe Overapproximate(Deeppoly)%: 100.0
Disturbance: 0.032 Success!
Abstract Mode Changed: 0
Refreshed ReLu nodes: 33
Abstract Mode Changed: 7
Split: 0 Infeasible
verification neuron: 8 Unsafe Overapproximate(Box)%: 0
Abstract Mode Changed: 0
Refreshed ReLu nodes: 35
Abstract Mode Changed: 6
Split: 0 Infeasible
verification neuron: 0 Unsafe Overapproximate(Box)%: 0
Abstract Mode Changed: 0
Refreshed ReLu nodes: 25
Abstract Mode Changed: 6
Split: 0 Infeasible
verification neuron: 5 Unsafe Overapproximate(Box)%: 0
Abstract Mode Changed: 0
Refreshed ReLu nodes: 15
Abstract Mode Changed: 6
Split: 0 Infeasible
verification neuron: 3 Unsafe Overapproximate(Box)%: 0
Abstract Mode Changed: 0
Refreshed ReLu nodes: 13
Abstract Mode Changed: 5
Refreshed ReLu nodes: 78
Abstract Mode Changed: 2
Split: 0 Infeasible
verification neuron: 4 Unsafe Overapproximate(Box)%: 0
Abstract Mode Changed: 0
Refreshed ReLu nodes: 11
Abstract Mode Changed: 5
Refreshed ReLu nodes: 28
Abstract Mode Changed: 2
Split: 0 Infeasible
verification neuron: 2 Unsafe Overapproximate(Box)%: 0
Abstract Mode Changed: 0
Refreshed ReLu nodes: 4
Abstract Mode Changed: 1
Refreshed ReLu nodes: 4
Abstract Mode Changed: 2
Refreshed ReLu nodes: 2
Abstract Mode Changed: 1
Refreshed ReLu nodes: 10
Abstract Mode Changed: 0
Refreshed ReLu nodes: 31
Split: 0 Area: 99.99999999998866
Disturbance: 0.036 Failed!
Abstract Mode Changed: 0
Refreshed ReLu nodes: 51
Abstract Mode Changed: 6
Split: 0 Infeasible
verification neuron: 5 Unsafe Overapproximate(Box)%: 0
Abstract Mode Changed: 0
Refreshed ReLu nodes: 25
Abstract Mode Changed: 10
Split: 0 Infeasible
verification neuron: 3 Unsafe Overapproximate(Box)%: 0
Abstract Mode Changed: 0
Refreshed ReLu nodes: 30
Abstract Mode Changed: 6
Split: 0 Infeasible
verification neuron: 4 Unsafe Overapproximate(Box)%: 0
Abstract Mode Changed: 0
Refreshed ReLu nodes: 19
Abstract Mode Changed: 6
Split: 0 Infeasible
verification neuron: 2 Unsafe Overapproximate(Box)%: 0
Abstract Mode Changed: 0
Refreshed ReLu nodes: 14
Abstract Mode Changed: 5
Split: 0 Infeasible
verification neuron: 1 Unsafe Overapproximate(Box)%: 0
Abstract Mode Changed: 0
Refreshed ReLu nodes: 5
Abstract Mode Changed: 2
Refreshed ReLu nodes: 8
Abstract Mode Changed: 1
Refreshed ReLu nodes: 38
Abstract Mode Changed: 6
Split: 0 Infeasible
verification neuron: 6 Unsafe Overapproximate(Box)%: 0
Abstract Mode Changed: 0
Refreshed ReLu nodes: 6
Abstract Mode Changed: 1
Refreshed ReLu nodes: 5
Abstract Mode Changed: 1
Refreshed ReLu nodes: 14
Abstract Mode Changed: 2
Refreshed ReLu nodes: 15
Abstract Mode Changed: 3
Refreshed ReLu nodes: 36
Split: 0 Area: 99.99999999998457
Disturbance: 0.034 Failed!
Abstract Mode Changed: 0
Refreshed ReLu nodes: 85
Abstract Mode Changed: 7
Split: 0 Infeasible
verification neuron: 5 Unsafe Overapproximate(Box)%: 0
Abstract Mode Changed: 0
Refreshed ReLu nodes: 37
Abstract Mode Changed: 10
Split: 0 Infeasible
verification neuron: 3 Unsafe Overapproximate(Box)%: 0
Abstract Mode Changed: 0
Refreshed ReLu nodes: 37
Abstract Mode Changed: 6
Split: 0 Infeasible
verification neuron: 4 Unsafe Overapproximate(Box)%: 0
Abstract Mode Changed: 0
Refreshed ReLu nodes: 24
Abstract Mode Changed: 6
Split: 0 Infeasible
verification neuron: 2 Unsafe Overapproximate(Box)%: 0
Abstract Mode Changed: 0
Refreshed ReLu nodes: 18
Abstract Mode Changed: 5
Split: 0 Infeasible
verification neuron: 1 Unsafe Overapproximate(Box)%: 0
Abstract Mode Changed: 0
Refreshed ReLu nodes: 6
Abstract Mode Changed: 3
Refreshed ReLu nodes: 19
Abstract Mode Changed: 2
Split: 0 Infeasible
verification neuron: 6 Unsafe Overapproximate(Box)%: 0
Abstract Mode Changed: 0
Refreshed ReLu nodes: 3
Abstract Mode Changed: 1
Refreshed ReLu nodes: 18
Abstract Mode Changed: 2
Refreshed ReLu nodes: 13
Abstract Mode Changed: 4
Refreshed ReLu nodes: 43
Abstract Mode Changed: 1
Split: 0 Infeasible
verification neuron: 7 Unsafe Overapproximate(Box)%: 0
Overall Unsafe Overapproximate(Area)% 0
Overall Unsafe Overapproximate(Smart Area)% 0.0
Overall Unsafe Overapproximate(Box)%: 0.0
Overall Unsafe Overapproximate(Deeppoly)%: 100.0
Disturbance: 0.033 Success!
DeepPoly Max Verified Distrubance: 0.025
Our method Max Verified Disturbance: 0.033
Net: rlv/caffeprototxt_AI2_MNIST_FNN_3_testNetworkB.rlv Property: properties/mnist_2_local_property.in
Abstract Mode Changed: 0
Refreshed ReLu nodes: 3
Abstract Mode Changed: 9
Refreshed ReLu nodes: 23
Abstract Mode Changed: 7
Split: 0 Infeasible
verification neuron: 0 Unsafe Overapproximate(Box)%: 0
Abstract Mode Changed: 0
Refreshed ReLu nodes: 1
Abstract Mode Changed: 5
Refreshed ReLu nodes: 12
Abstract Mode Changed: 4
Split: 0 Infeasible
verification neuron: 1 Unsafe Overapproximate(Box)%: 0
Abstract Mode Changed: 0
Refreshed ReLu nodes: 6
Abstract Mode Changed: 8
Refreshed ReLu nodes: 14
Abstract Mode Changed: 6
Split: 0 Infeasible
verification neuron: 5 Unsafe Overapproximate(Box)%: 0
Abstract Mode Changed: 0
Refreshed ReLu nodes: 1
Abstract Mode Changed: 7
Refreshed ReLu nodes: 17
Abstract Mode Changed: 7
Refreshed ReLu nodes: 44
Abstract Mode Changed: 7
Split: 0 Infeasible
verification neuron: 4 Unsafe Overapproximate(Box)%: 0
Abstract Mode Changed: 0
Refreshed ReLu nodes: 2
Abstract Mode Changed: 4
Refreshed ReLu nodes: 3
Abstract Mode Changed: 8
Refreshed ReLu nodes: 9
Abstract Mode Changed: 4
Refreshed ReLu nodes: 25
Abstract Mode Changed: 1
Split: 0 Infeasible
verification neuron: 7 Unsafe Overapproximate(Box)%: 0
Abstract Mode Changed: 0
Refreshed ReLu nodes: 1
Abstract Mode Changed: 1
Refreshed ReLu nodes: 0
Abstract Mode Changed: 0
Refreshed ReLu nodes: 0
Abstract Mode Changed: 0
Refreshed ReLu nodes: 1
Abstract Mode Changed: 1
Refreshed ReLu nodes: 0
Split: 0 Area: 99.9999999999872
Disturbance: 0.076 Failed!
Abstract Mode Changed: 0
Refreshed ReLu nodes: 50
Abstract Mode Changed: 13
Split: 0 Infeasible
verification neuron: 7 Unsafe Overapproximate(Box)%: 0
Abstract Mode Changed: 0
Refreshed ReLu nodes: 7
Abstract Mode Changed: 5
Refreshed ReLu nodes: 64
Abstract Mode Changed: 5
Split: 0 Infeasible
verification neuron: 2 Unsafe Overapproximate(Box)%: 0
Abstract Mode Changed: 0
Refreshed ReLu nodes: 11
Abstract Mode Changed: 12
Refreshed ReLu nodes: 45
Abstract Mode Changed: 4
Split: 0 Infeasible
verification neuron: 8 Unsafe Overapproximate(Box)%: 0
Abstract Mode Changed: 0
Refreshed ReLu nodes: 5
Abstract Mode Changed: 5
Refreshed ReLu nodes: 4
Abstract Mode Changed: 3
Refreshed ReLu nodes: 5
Abstract Mode Changed: 2
Refreshed ReLu nodes: 3
Abstract Mode Changed: 1
Refreshed ReLu nodes: 14
Split: 0 Area: 99.99999999998475
Disturbance: 0.06 Failed!
Abstract Mode Changed: 0
Refreshed ReLu nodes: 59
Abstract Mode Changed: 9
Split: 0 Infeasible
verification neuron: 8 Unsafe Overapproximate(Box)%: 0
Abstract Mode Changed: 0
Refreshed ReLu nodes: 12
Abstract Mode Changed: 10
Refreshed ReLu nodes: 43
Abstract Mode Changed: 2
Split: 0 Infeasible
verification neuron: 3 Unsafe Overapproximate(Box)%: 0
Overall Unsafe Overapproximate(Area)% 0
Overall Unsafe Overapproximate(Smart Area)% 0.0
Overall Unsafe Overapproximate(Box)%: 0.0
Overall Unsafe Overapproximate(Deeppoly)%: 100.0
Disturbance: 0.052 Success!
Abstract Mode Changed: 0
Refreshed ReLu nodes: 24
Abstract Mode Changed: 9
Split: 0 Infeasible
verification neuron: 2 Unsafe Overapproximate(Box)%: 0
Abstract Mode Changed: 0
Refreshed ReLu nodes: 22
Abstract Mode Changed: 12
Split: 0 Infeasible
verification neuron: 8 Unsafe Overapproximate(Box)%: 0
Abstract Mode Changed: 0
Refreshed ReLu nodes: 9
Abstract Mode Changed: 6
Refreshed ReLu nodes: 10
Abstract Mode Changed: 4
Refreshed ReLu nodes: 24
Abstract Mode Changed: 2
Split: 0 Infeasible
verification neuron: 3 Unsafe Overapproximate(Box)%: 0
Overall Unsafe Overapproximate(Area)% 0
Overall Unsafe Overapproximate(Smart Area)% 0.0
Overall Unsafe Overapproximate(Box)%: 0.0
Overall Unsafe Overapproximate(Deeppoly)%: 100.0
Disturbance: 0.056 Success!
Abstract Mode Changed: 0
Refreshed ReLu nodes: 17
Abstract Mode Changed: 7
Split: 0 Infeasible
verification neuron: 2 Unsafe Overapproximate(Box)%: 0
Abstract Mode Changed: 0
Refreshed ReLu nodes: 18
Abstract Mode Changed: 12
Split: 0 Infeasible
verification neuron: 8 Unsafe Overapproximate(Box)%: 0
Abstract Mode Changed: 0
Refreshed ReLu nodes: 7
Abstract Mode Changed: 5
Refreshed ReLu nodes: 6
Abstract Mode Changed: 4
Refreshed ReLu nodes: 9
Abstract Mode Changed: 2
Refreshed ReLu nodes: 23
Abstract Mode Changed: 1
Split: 0 Infeasible
verification neuron: 3 Unsafe Overapproximate(Box)%: 0
Overall Unsafe Overapproximate(Area)% 0
Overall Unsafe Overapproximate(Smart Area)% 0.0
Overall Unsafe Overapproximate(Box)%: 0.0
Overall Unsafe Overapproximate(Deeppoly)%: 100.0
Disturbance: 0.058 Success!
Abstract Mode Changed: 0
Refreshed ReLu nodes: 65
Abstract Mode Changed: 11
Split: 0 Infeasible
verification neuron: 7 Unsafe Overapproximate(Box)%: 0
Abstract Mode Changed: 0
Refreshed ReLu nodes: 11
Abstract Mode Changed: 5
Split: 0 Infeasible
verification neuron: 2 Unsafe Overapproximate(Box)%: 0
Abstract Mode Changed: 0
Refreshed ReLu nodes: 16
Abstract Mode Changed: 12
Split: 0 Infeasible
verification neuron: 8 Unsafe Overapproximate(Box)%: 0
Abstract Mode Changed: 0
Refreshed ReLu nodes: 8
Abstract Mode Changed: 5
Refreshed ReLu nodes: 3
Abstract Mode Changed: 4
Refreshed ReLu nodes: 5
Abstract Mode Changed: 1
Refreshed ReLu nodes: 13
Abstract Mode Changed: 1
Refreshed ReLu nodes: 35
Split: 0 Area: 99.99999999997999
Disturbance: 0.059 Failed!
DeepPoly Max Verified Distrubance: 0.045
Our method Max Verified Disturbance: 0.058
Net: rlv/caffeprototxt_AI2_MNIST_FNN_4_testNetworkB.rlv Property: properties/mnist_0_local_property.in
Abstract Mode Changed: 0
Refreshed ReLu nodes: 39
Abstract Mode Changed: 18
Split: 0 Infeasible
verification neuron: 4 Unsafe Overapproximate(Box)%: 0
Abstract Mode Changed: 0
Refreshed ReLu nodes: 49
Abstract Mode Changed: 14
Split: 0 Infeasible
verification neuron: 6 Unsafe Overapproximate(Box)%: 0
Abstract Mode Changed: 0
Refreshed ReLu nodes: 10
Abstract Mode Changed: 5
Refreshed ReLu nodes: 18
Abstract Mode Changed: 10
Refreshed ReLu nodes: 55
Abstract Mode Changed: 7
Split: 0 Infeasible
verification neuron: 1 Unsafe Overapproximate(Box)%: 0
Abstract Mode Changed: 0
Refreshed ReLu nodes: 2
Abstract Mode Changed: 5
Refreshed ReLu nodes: 4
Abstract Mode Changed: 3
Refreshed ReLu nodes: 1
Abstract Mode Changed: 1
Refreshed ReLu nodes: 7
Abstract Mode Changed: 0
Refreshed ReLu nodes: 10
Split: 0 Area: 99.99999999998718
Disturbance: 0.076 Failed!
Abstract Mode Changed: 0
Refreshed ReLu nodes: 50
Abstract Mode Changed: 15
Split: 0 Infeasible
verification neuron: 7 Unsafe Overapproximate(Box)%: 0
Abstract Mode Changed: 0
Refreshed ReLu nodes: 40
Abstract Mode Changed: 13
Split: 0 Infeasible
verification neuron: 0 Unsafe Overapproximate(Box)%: 0
Abstract Mode Changed: 0
Refreshed ReLu nodes: 30
Abstract Mode Changed: 8
Split: 0 Infeasible
verification neuron: 5 Unsafe Overapproximate(Box)%: 0
Abstract Mode Changed: 0
Refreshed ReLu nodes: 15
Abstract Mode Changed: 12
Refreshed ReLu nodes: 21
Abstract Mode Changed: 5
Refreshed ReLu nodes: 45
Abstract Mode Changed: 7
Split: 0 Infeasible
verification neuron: 2 Unsafe Overapproximate(Box)%: 0
Abstract Mode Changed: 0
Refreshed ReLu nodes: 9
Abstract Mode Changed: 5
Refreshed ReLu nodes: 9
Abstract Mode Changed: 6
Refreshed ReLu nodes: 19
Abstract Mode Changed: 5
Refreshed ReLu nodes: 40
Abstract Mode Changed: 2
Split: 0 Infeasible
verification neuron: 8 Unsafe Overapproximate(Box)%: 0
Abstract Mode Changed: 0
Refreshed ReLu nodes: 12
Abstract Mode Changed: 4
Refreshed ReLu nodes: 14
Abstract Mode Changed: 2
Refreshed ReLu nodes: 24
Abstract Mode Changed: 4
Refreshed ReLu nodes: 52
Abstract Mode Changed: 4
Split: 0 Infeasible
verification neuron: 3 Unsafe Overapproximate(Box)%: 0
Overall Unsafe Overapproximate(Area)% 0
Overall Unsafe Overapproximate(Smart Area)% 0.0
Overall Unsafe Overapproximate(Box)%: 0.0
Overall Unsafe Overapproximate(Deeppoly)%: 100.0
Disturbance: 0.06 Success!
Abstract Mode Changed: 0
Refreshed ReLu nodes: 36
Abstract Mode Changed: 16
Split: 0 Infeasible
verification neuron: 1 Unsafe Overapproximate(Box)%: 0
Abstract Mode Changed: 0
Refreshed ReLu nodes: 16
Abstract Mode Changed: 10
Refreshed ReLu nodes: 18
Abstract Mode Changed: 5
Refreshed ReLu nodes: 48
Abstract Mode Changed: 4
Split: 0 Infeasible
verification neuron: 0 Unsafe Overapproximate(Box)%: 0
Abstract Mode Changed: 0
Refreshed ReLu nodes: 16
Abstract Mode Changed: 11
Refreshed ReLu nodes: 31
Abstract Mode Changed: 8
Split: 0 Infeasible
verification neuron: 7 Unsafe Overapproximate(Box)%: 0
Abstract Mode Changed: 0
Refreshed ReLu nodes: 12
Abstract Mode Changed: 5
Refreshed ReLu nodes: 10
Abstract Mode Changed: 4
Refreshed ReLu nodes: 24
Abstract Mode Changed: 4
Refreshed ReLu nodes: 59
Abstract Mode Changed: 3
Split: 0 Infeasible
verification neuron: 5 Unsafe Overapproximate(Box)%: 0
Abstract Mode Changed: 0
Refreshed ReLu nodes: 10
Abstract Mode Changed: 4
Refreshed ReLu nodes: 5
Abstract Mode Changed: 8
Refreshed ReLu nodes: 3
Abstract Mode Changed: 0
Refreshed ReLu nodes: 2
Abstract Mode Changed: 0
Refreshed ReLu nodes: 0
Split: 0 Area: 99.99999999998639
Disturbance: 0.068 Failed!
Abstract Mode Changed: 0
Refreshed ReLu nodes: 112
Abstract Mode Changed: 18
Split: 0 Infeasible
verification neuron: 1 Unsafe Overapproximate(Box)%: 0
Abstract Mode Changed: 0
Refreshed ReLu nodes: 23
Abstract Mode Changed: 14
Refreshed ReLu nodes: 64
Abstract Mode Changed: 3
Split: 0 Infeasible
verification neuron: 0 Unsafe Overapproximate(Box)%: 0
Abstract Mode Changed: 0
Refreshed ReLu nodes: 27
Abstract Mode Changed: 15
Split: 0 Infeasible
verification neuron: 7 Unsafe Overapproximate(Box)%: 0
Abstract Mode Changed: 0
Refreshed ReLu nodes: 10
Abstract Mode Changed: 8
Refreshed ReLu nodes: 36
Abstract Mode Changed: 1
Split: 0 Infeasible
verification neuron: 5 Unsafe Overapproximate(Box)%: 0
Abstract Mode Changed: 0
Refreshed ReLu nodes: 11
Abstract Mode Changed: 8
Refreshed ReLu nodes: 4
Abstract Mode Changed: 4
Refreshed ReLu nodes: 12
Abstract Mode Changed: 3
Refreshed ReLu nodes: 14
Abstract Mode Changed: 3
Refreshed ReLu nodes: 19
Split: 0 Area: 99.99999999997904
Disturbance: 0.064 Failed!
Abstract Mode Changed: 0
Refreshed ReLu nodes: 32
Abstract Mode Changed: 13
Split: 0 Infeasible
verification neuron: 0 Unsafe Overapproximate(Box)%: 0
Abstract Mode Changed: 0
Refreshed ReLu nodes: 35
Abstract Mode Changed: 14
Split: 0 Infeasible
verification neuron: 7 Unsafe Overapproximate(Box)%: 0
Abstract Mode Changed: 0
Refreshed ReLu nodes: 22
Abstract Mode Changed: 9
Refreshed ReLu nodes: 63
Abstract Mode Changed: 2
Split: 0 Infeasible
verification neuron: 5 Unsafe Overapproximate(Box)%: 0
Abstract Mode Changed: 0
Refreshed ReLu nodes: 11
Abstract Mode Changed: 10
Refreshed ReLu nodes: 12
Abstract Mode Changed: 4
Refreshed ReLu nodes: 19
Abstract Mode Changed: 4
Refreshed ReLu nodes: 42
Abstract Mode Changed: 5
Split: 0 Infeasible
verification neuron: 2 Unsafe Overapproximate(Box)%: 0
Abstract Mode Changed: 0
Refreshed ReLu nodes: 6
Abstract Mode Changed: 6
Refreshed ReLu nodes: 8
Abstract Mode Changed: 0
Refreshed ReLu nodes: 6
Abstract Mode Changed: 6
Refreshed ReLu nodes: 14
Abstract Mode Changed: 2
Refreshed ReLu nodes: 13
Split: 0 Area: 99.99999999998289
Disturbance: 0.062 Failed!
Abstract Mode Changed: 0
Refreshed ReLu nodes: 42
Abstract Mode Changed: 15
Split: 0 Infeasible
verification neuron: 7 Unsafe Overapproximate(Box)%: 0
Abstract Mode Changed: 0
Refreshed ReLu nodes: 34
Abstract Mode Changed: 14
Split: 0 Infeasible
verification neuron: 0 Unsafe Overapproximate(Box)%: 0
Abstract Mode Changed: 0
Refreshed ReLu nodes: 27
Abstract Mode Changed: 9
Refreshed ReLu nodes: 88
Abstract Mode Changed: 3
Split: 0 Infeasible
verification neuron: 5 Unsafe Overapproximate(Box)%: 0
Abstract Mode Changed: 0
Refreshed ReLu nodes: 14
Abstract Mode Changed: 11
Refreshed ReLu nodes: 15
Abstract Mode Changed: 5
Refreshed ReLu nodes: 24
Abstract Mode Changed: 4
Split: 0 Infeasible
verification neuron: 2 Unsafe Overapproximate(Box)%: 0
Abstract Mode Changed: 0
Refreshed ReLu nodes: 9
Abstract Mode Changed: 6
Refreshed ReLu nodes: 7
Abstract Mode Changed: 1
Refreshed ReLu nodes: 14
Abstract Mode Changed: 6
Refreshed ReLu nodes: 15
Abstract Mode Changed: 5
Refreshed ReLu nodes: 51
Split: 0 Area: 99.99999999998315
Disturbance: 0.061 Failed!
DeepPoly Max Verified Distrubance: 0.045
Our method Max Verified Disturbance: 0.06
Net: rlv/caffeprototxt_AI2_MNIST_FNN_4_testNetworkB.rlv Property: properties/mnist_1_local_property.in
Abstract Mode Changed: 0
Refreshed ReLu nodes: 0
Abstract Mode Changed: 3
Refreshed ReLu nodes: 0
Abstract Mode Changed: 0
Refreshed ReLu nodes: 0
Abstract Mode Changed: 0
Refreshed ReLu nodes: 0
Abstract Mode Changed: 0
Refreshed ReLu nodes: 0
Split: 0 Area: 99.99999999999292
Disturbance: 0.055 Failed!
Abstract Mode Changed: 0
Refreshed ReLu nodes: 6
Abstract Mode Changed: 11
Refreshed ReLu nodes: 50
Abstract Mode Changed: 2
Split: 0 Infeasible
verification neuron: 0 Unsafe Overapproximate(Box)%: 0
Abstract Mode Changed: 0
Refreshed ReLu nodes: 4
Abstract Mode Changed: 6
Refreshed ReLu nodes: 13
Abstract Mode Changed: 4
Refreshed ReLu nodes: 27
Abstract Mode Changed: 7
Split: 0 Infeasible
verification neuron: 5 Unsafe Overapproximate(Box)%: 0
Abstract Mode Changed: 0
Refreshed ReLu nodes: 1
Abstract Mode Changed: 4
Refreshed ReLu nodes: 2
Abstract Mode Changed: 2
Refreshed ReLu nodes: 10
Abstract Mode Changed: 3
Refreshed ReLu nodes: 14
Abstract Mode Changed: 1
Refreshed ReLu nodes: 37
Split: 0 Area: 99.99999999999068
Disturbance: 0.039 Failed!
Abstract Mode Changed: 0
Refreshed ReLu nodes: 139
Abstract Mode Changed: 13
Split: 0 Infeasible
verification neuron: 5 Unsafe Overapproximate(Box)%: 0
Abstract Mode Changed: 0
Refreshed ReLu nodes: 101
Abstract Mode Changed: 12
Split: 0 Infeasible
verification neuron: 8 Unsafe Overapproximate(Box)%: 0
Abstract Mode Changed: 0
Refreshed ReLu nodes: 85
Abstract Mode Changed: 13
Split: 0 Infeasible
verification neuron: 3 Unsafe Overapproximate(Box)%: 0
Abstract Mode Changed: 0
Refreshed ReLu nodes: 40
Abstract Mode Changed: 16
Split: 0 Infeasible
verification neuron: 4 Unsafe Overapproximate(Box)%: 0
Abstract Mode Changed: 0
Refreshed ReLu nodes: 20
Abstract Mode Changed: 7
Refreshed ReLu nodes: 73
Abstract Mode Changed: 9
Split: 0 Infeasible
verification neuron: 1 Unsafe Overapproximate(Box)%: 0
Abstract Mode Changed: 0
Refreshed ReLu nodes: 18
Abstract Mode Changed: 10
Refreshed ReLu nodes: 35
Abstract Mode Changed: 3
Split: 0 Infeasible
verification neuron: 6 Unsafe Overapproximate(Box)%: 0
Abstract Mode Changed: 0
Refreshed ReLu nodes: 33
Abstract Mode Changed: 11
Refreshed ReLu nodes: 75
Abstract Mode Changed: 10
Split: 0 Infeasible
verification neuron: 2 Unsafe Overapproximate(Box)%: 0
Abstract Mode Changed: 0
Refreshed ReLu nodes: 11
Abstract Mode Changed: 5
Refreshed ReLu nodes: 11
Abstract Mode Changed: 4
Refreshed ReLu nodes: 18
Abstract Mode Changed: 2
Refreshed ReLu nodes: 27
Abstract Mode Changed: 2
Refreshed ReLu nodes: 86
Split: 0 Area: 99.99999999999051
Disturbance: 0.031 Failed!
Abstract Mode Changed: 0
Split: 0 Infeasible
verification neuron: 1 Unsafe Overapproximate(Box)%: 0
Abstract Mode Changed: 0
Refreshed ReLu nodes: 137
Abstract Mode Changed: 11
Split: 0 Infeasible
verification neuron: 2 Unsafe Overapproximate(Box)%: 0
Abstract Mode Changed: 0
Refreshed ReLu nodes: 75
Abstract Mode Changed: 12
Split: 0 Infeasible
verification neuron: 6 Unsafe Overapproximate(Box)%: 0
Abstract Mode Changed: 0
Refreshed ReLu nodes: 36
Abstract Mode Changed: 7
Split: 0 Infeasible
verification neuron: 7 Unsafe Overapproximate(Box)%: 0
Overall Unsafe Overapproximate(Area)% 0
Overall Unsafe Overapproximate(Smart Area)% 0.0
Overall Unsafe Overapproximate(Box)%: 0.0
Overall Unsafe Overapproximate(Deeppoly)%: 100.0
Disturbance: 0.027 Success!
Abstract Mode Changed: 0
Refreshed ReLu nodes: 89
Abstract Mode Changed: 15
Split: 0 Infeasible
verification neuron: 4 Unsafe Overapproximate(Box)%: 0
Abstract Mode Changed: 0
Refreshed ReLu nodes: 49
Abstract Mode Changed: 9
Split: 0 Infeasible
verification neuron: 1 Unsafe Overapproximate(Box)%: 0
Abstract Mode Changed: 0
Refreshed ReLu nodes: 55
Abstract Mode Changed: 13
Split: 0 Infeasible
verification neuron: 2 Unsafe Overapproximate(Box)%: 0
Abstract Mode Changed: 0
Refreshed ReLu nodes: 30
Abstract Mode Changed: 11
Split: 0 Infeasible
verification neuron: 6 Unsafe Overapproximate(Box)%: 0
Abstract Mode Changed: 0
Refreshed ReLu nodes: 14
Abstract Mode Changed: 5
Refreshed ReLu nodes: 37
Abstract Mode Changed: 5
Split: 0 Infeasible
verification neuron: 7 Unsafe Overapproximate(Box)%: 0
Overall Unsafe Overapproximate(Area)% 0
Overall Unsafe Overapproximate(Smart Area)% 0.0
Overall Unsafe Overapproximate(Box)%: 0.0
Overall Unsafe Overapproximate(Deeppoly)%: 100.0
Disturbance: 0.029 Success!
Abstract Mode Changed: 0
Refreshed ReLu nodes: 144
Abstract Mode Changed: 11
Split: 0 Infeasible
verification neuron: 3 Unsafe Overapproximate(Box)%: 0
Abstract Mode Changed: 0
Refreshed ReLu nodes: 60
Abstract Mode Changed: 15
Split: 0 Infeasible
verification neuron: 4 Unsafe Overapproximate(Box)%: 0
Abstract Mode Changed: 0
Refreshed ReLu nodes: 31
Abstract Mode Changed: 7
Split: 0 Infeasible
verification neuron: 1 Unsafe Overapproximate(Box)%: 0
Abstract Mode Changed: 0
Refreshed ReLu nodes: 22
Abstract Mode Changed: 9
Refreshed ReLu nodes: 69
Abstract Mode Changed: 6
Split: 0 Infeasible
verification neuron: 6 Unsafe Overapproximate(Box)%: 0
Abstract Mode Changed: 0
Refreshed ReLu nodes: 40
Abstract Mode Changed: 12
Split: 0 Infeasible
verification neuron: 2 Unsafe Overapproximate(Box)%: 0
Abstract Mode Changed: 0
Refreshed ReLu nodes: 12
Abstract Mode Changed: 5
Refreshed ReLu nodes: 21
Abstract Mode Changed: 3
Refreshed ReLu nodes: 37
Abstract Mode Changed: 3
Split: 0 Infeasible
verification neuron: 7 Unsafe Overapproximate(Box)%: 0
Overall Unsafe Overapproximate(Area)% 0
Overall Unsafe Overapproximate(Smart Area)% 0.0
Overall Unsafe Overapproximate(Box)%: 0.0
Overall Unsafe Overapproximate(Deeppoly)%: 100.0
Disturbance: 0.03 Success!
DeepPoly Max Verified Distrubance: 0.024
Our method Max Verified Disturbance: 0.03
Net: rlv/caffeprototxt_AI2_MNIST_FNN_4_testNetworkB.rlv Property: properties/mnist_2_local_property.in
Abstract Mode Changed: 0
Refreshed ReLu nodes: 66
Abstract Mode Changed: 17
Split: 0 Infeasible
verification neuron: 6 Unsafe Overapproximate(Box)%: 0
Abstract Mode Changed: 0
Refreshed ReLu nodes: 12
Abstract Mode Changed: 11
Split: 0 Infeasible
verification neuron: 1 Unsafe Overapproximate(Box)%: 0
Abstract Mode Changed: 0
Refreshed ReLu nodes: 10
Abstract Mode Changed: 11
Refreshed ReLu nodes: 138
Abstract Mode Changed: 8
Split: 0 Infeasible
verification neuron: 0 Unsafe Overapproximate(Box)%: 0
Abstract Mode Changed: 0
Refreshed ReLu nodes: 6
Abstract Mode Changed: 15
Refreshed ReLu nodes: 11
Abstract Mode Changed: 2
Refreshed ReLu nodes: 64
Abstract Mode Changed: 4
Split: 0 Infeasible
verification neuron: 4 Unsafe Overapproximate(Box)%: 0
Abstract Mode Changed: 0
Refreshed ReLu nodes: 4
Abstract Mode Changed: 7
Refreshed ReLu nodes: 5
Abstract Mode Changed: 1
Refreshed ReLu nodes: 5
Abstract Mode Changed: 3
Refreshed ReLu nodes: 8
Abstract Mode Changed: 1
Refreshed ReLu nodes: 2
Split: 0 Area: 99.99999999998475
Disturbance: 0.066 Failed!
Abstract Mode Changed: 0
Split: 0 Infeasible
verification neuron: 7 Unsafe Overapproximate(Box)%: 0
Abstract Mode Changed: 0
Refreshed ReLu nodes: 50
Abstract Mode Changed: 12
Split: 0 Infeasible
verification neuron: 2 Unsafe Overapproximate(Box)%: 0
Abstract Mode Changed: 0
Refreshed ReLu nodes: 15
Abstract Mode Changed: 11
Refreshed ReLu nodes: 22
Abstract Mode Changed: 2
Refreshed ReLu nodes: 58
Abstract Mode Changed: 5
Split: 0 Infeasible
verification neuron: 8 Unsafe Overapproximate(Box)%: 0
Abstract Mode Changed: 0
Refreshed ReLu nodes: 13
Abstract Mode Changed: 3
Refreshed ReLu nodes: 5
Abstract Mode Changed: 3
Refreshed ReLu nodes: 2
Abstract Mode Changed: 1
Refreshed ReLu nodes: 1
Abstract Mode Changed: 0
Refreshed ReLu nodes: 1
Split: 0 Area: 99.99999999997952
Disturbance: 0.05 Failed!
Abstract Mode Changed: 0
Refreshed ReLu nodes: 72
Abstract Mode Changed: 11
Split: 0 Infeasible
verification neuron: 8 Unsafe Overapproximate(Box)%: 0
Abstract Mode Changed: 0
Refreshed ReLu nodes: 27
Abstract Mode Changed: 5
Refreshed ReLu nodes: 59
Abstract Mode Changed: 3
Split: 0 Infeasible
verification neuron: 3 Unsafe Overapproximate(Box)%: 0
Overall Unsafe Overapproximate(Area)% 0
Overall Unsafe Overapproximate(Smart Area)% 0.0
Overall Unsafe Overapproximate(Box)%: 0.0
Overall Unsafe Overapproximate(Deeppoly)%: 100.0
Disturbance: 0.042 Success!
Abstract Mode Changed: 0
Refreshed ReLu nodes: 30
Abstract Mode Changed: 9
Split: 0 Infeasible
verification neuron: 8 Unsafe Overapproximate(Box)%: 0
Abstract Mode Changed: 0
Refreshed ReLu nodes: 13
Abstract Mode Changed: 5
Refreshed ReLu nodes: 13
Abstract Mode Changed: 3
Refreshed ReLu nodes: 26
Abstract Mode Changed: 1
Refreshed ReLu nodes: 51
Abstract Mode Changed: 3
Split: 0 Infeasible
verification neuron: 3 Unsafe Overapproximate(Box)%: 0
Overall Unsafe Overapproximate(Area)% 0
Overall Unsafe Overapproximate(Smart Area)% 0.0
Overall Unsafe Overapproximate(Box)%: 0.0
Overall Unsafe Overapproximate(Deeppoly)%: 100.0
Disturbance: 0.046 Success!
Abstract Mode Changed: 0
Refreshed ReLu nodes: 85
Abstract Mode Changed: 15
Split: 0 Infeasible
verification neuron: 2 Unsafe Overapproximate(Box)%: 0
Abstract Mode Changed: 0
Refreshed ReLu nodes: 26
Abstract Mode Changed: 11
Refreshed ReLu nodes: 43
Abstract Mode Changed: 5
Split: 0 Infeasible
verification neuron: 8 Unsafe Overapproximate(Box)%: 0
Abstract Mode Changed: 0
Refreshed ReLu nodes: 17
Abstract Mode Changed: 3
Refreshed ReLu nodes: 3
Abstract Mode Changed: 4
Refreshed ReLu nodes: 6
Abstract Mode Changed: 1
Refreshed ReLu nodes: 14
Abstract Mode Changed: 1
Refreshed ReLu nodes: 15
Split: 0 Area: 99.9999999999786
Disturbance: 0.048 Failed!
Abstract Mode Changed: 0
Refreshed ReLu nodes: 128
Abstract Mode Changed: 12
Split: 0 Infeasible
verification neuron: 2 Unsafe Overapproximate(Box)%: 0
Abstract Mode Changed: 0
Refreshed ReLu nodes: 28
Abstract Mode Changed: 12
Refreshed ReLu nodes: 68
Abstract Mode Changed: 5
Split: 0 Infeasible
verification neuron: 8 Unsafe Overapproximate(Box)%: 0
Abstract Mode Changed: 0
Refreshed ReLu nodes: 16
Abstract Mode Changed: 3
Refreshed ReLu nodes: 7
Abstract Mode Changed: 4
Refreshed ReLu nodes: 16
Abstract Mode Changed: 2
Refreshed ReLu nodes: 25
Abstract Mode Changed: 1
Refreshed ReLu nodes: 51
Split: 0 Area: 99.99999999997188
Disturbance: 0.047 Failed!
DeepPoly Max Verified Distrubance: 0.035
Our method Max Verified Disturbance: 0.046
Net: rlv/caffeprototxt_AI2_MNIST_FNN_5_testNetworkB.rlv Property: properties/mnist_0_local_property.in
Abstract Mode Changed: 0
Refreshed ReLu nodes: 2
Abstract Mode Changed: 8
Refreshed ReLu nodes: 0
Abstract Mode Changed: 2
Refreshed ReLu nodes: 0
Abstract Mode Changed: 1
Refreshed ReLu nodes: 0
Abstract Mode Changed: 0
Refreshed ReLu nodes: 0
Split: 0 Area: 99.99999999998599
Disturbance: 0.065 Failed!
Abstract Mode Changed: 0
Refreshed ReLu nodes: 5
Abstract Mode Changed: 3
Refreshed ReLu nodes: 3
Abstract Mode Changed: 8
Refreshed ReLu nodes: 23
Abstract Mode Changed: 11
Refreshed ReLu nodes: 110
Abstract Mode Changed: 16
Split: 0 Infeasible
verification neuron: 4 Unsafe Overapproximate(Box)%: 0
Abstract Mode Changed: 0
Refreshed ReLu nodes: 10
Abstract Mode Changed: 17
Refreshed ReLu nodes: 149
Abstract Mode Changed: 19
Split: 0 Infeasible
verification neuron: 6 Unsafe Overapproximate(Box)%: 0
Abstract Mode Changed: 0
Refreshed ReLu nodes: 5
Abstract Mode Changed: 2
Refreshed ReLu nodes: 3
Abstract Mode Changed: 6
Refreshed ReLu nodes: 6
Abstract Mode Changed: 3
Refreshed ReLu nodes: 7
Abstract Mode Changed: 2
Refreshed ReLu nodes: 10
Split: 0 Area: 99.99999999997924
Disturbance: 0.049 Failed!
Abstract Mode Changed: 0
Refreshed ReLu nodes: 275
Abstract Mode Changed: 6
Split: 0 Infeasible
verification neuron: 7 Unsafe Overapproximate(Box)%: 0
Abstract Mode Changed: 0
Refreshed ReLu nodes: 117
Abstract Mode Changed: 23
Split: 0 Infeasible
verification neuron: 1 Unsafe Overapproximate(Box)%: 0
Abstract Mode Changed: 0
Refreshed ReLu nodes: 120
Abstract Mode Changed: 20
Split: 0 Infeasible
verification neuron: 0 Unsafe Overapproximate(Box)%: 0
Abstract Mode Changed: 0
Refreshed ReLu nodes: 74
Abstract Mode Changed: 21
Split: 0 Infeasible
verification neuron: 5 Unsafe Overapproximate(Box)%: 0
Abstract Mode Changed: 0
Refreshed ReLu nodes: 40
Abstract Mode Changed: 18
Refreshed ReLu nodes: 134
Abstract Mode Changed: 10
Split: 0 Infeasible
verification neuron: 2 Unsafe Overapproximate(Box)%: 0
Abstract Mode Changed: 0
Refreshed ReLu nodes: 36
Abstract Mode Changed: 14
Refreshed ReLu nodes: 71
Abstract Mode Changed: 16
Split: 0 Infeasible
verification neuron: 3 Unsafe Overapproximate(Box)%: 0
Abstract Mode Changed: 0
Refreshed ReLu nodes: 14
Abstract Mode Changed: 6
Refreshed ReLu nodes: 41
Abstract Mode Changed: 12
Refreshed ReLu nodes: 54
Abstract Mode Changed: 9
Split: 0 Infeasible
verification neuron: 8 Unsafe Overapproximate(Box)%: 0
Overall Unsafe Overapproximate(Area)% 0
Overall Unsafe Overapproximate(Smart Area)% 0.0
Overall Unsafe Overapproximate(Box)%: 0.0
Overall Unsafe Overapproximate(Deeppoly)%: 100.0
Disturbance: 0.041 Success!
Abstract Mode Changed: 0
Refreshed ReLu nodes: 282
Abstract Mode Changed: 11
Split: 0 Infeasible
verification neuron: 6 Unsafe Overapproximate(Box)%: 0
Abstract Mode Changed: 0
Refreshed ReLu nodes: 61
Abstract Mode Changed: 21
Split: 0 Infeasible
verification neuron: 4 Unsafe Overapproximate(Box)%: 0
Abstract Mode Changed: 0
Refreshed ReLu nodes: 21
Abstract Mode Changed: 9
Refreshed ReLu nodes: 109
Abstract Mode Changed: 16
Split: 0 Infeasible
verification neuron: 7 Unsafe Overapproximate(Box)%: 0
Abstract Mode Changed: 0
Refreshed ReLu nodes: 16
Abstract Mode Changed: 10
Refreshed ReLu nodes: 49
Abstract Mode Changed: 11
Split: 0 Infeasible
verification neuron: 1 Unsafe Overapproximate(Box)%: 0
Abstract Mode Changed: 0
Refreshed ReLu nodes: 18
Abstract Mode Changed: 7
Refreshed ReLu nodes: 55
Abstract Mode Changed: 13
Split: 0 Infeasible
verification neuron: 0 Unsafe Overapproximate(Box)%: 0
Abstract Mode Changed: 0
Refreshed ReLu nodes: 7
Abstract Mode Changed: 6
Refreshed ReLu nodes: 19
Abstract Mode Changed: 5
Refreshed ReLu nodes: 23
Abstract Mode Changed: 6
Refreshed ReLu nodes: 53
Abstract Mode Changed: 10
Refreshed ReLu nodes: 105
Split: 0 Area: 99.99999999995856
Disturbance: 0.045 Failed!
Abstract Mode Changed: 0
Refreshed ReLu nodes: 68
Abstract Mode Changed: 21
Split: 0 Infeasible
verification neuron: 7 Unsafe Overapproximate(Box)%: 0
Abstract Mode Changed: 0
Refreshed ReLu nodes: 50
Abstract Mode Changed: 18
Split: 0 Infeasible
verification neuron: 1 Unsafe Overapproximate(Box)%: 0
Abstract Mode Changed: 0
Refreshed ReLu nodes: 40
Abstract Mode Changed: 19
Split: 0 Infeasible
verification neuron: 0 Unsafe Overapproximate(Box)%: 0
Abstract Mode Changed: 0
Refreshed ReLu nodes: 32
Abstract Mode Changed: 15
Refreshed ReLu nodes: 164
Abstract Mode Changed: 12
Split: 0 Infeasible
verification neuron: 5 Unsafe Overapproximate(Box)%: 0
Abstract Mode Changed: 0
Refreshed ReLu nodes: 21
Abstract Mode Changed: 11
Refreshed ReLu nodes: 51
Abstract Mode Changed: 12
Refreshed ReLu nodes: 129
Abstract Mode Changed: 7
Split: 0 Infeasible
verification neuron: 2 Unsafe Overapproximate(Box)%: 0
Abstract Mode Changed: 0
Refreshed ReLu nodes: 25
Abstract Mode Changed: 10
Refreshed ReLu nodes: 40
Abstract Mode Changed: 10
Refreshed ReLu nodes: 64
Abstract Mode Changed: 7
Split: 0 Infeasible
verification neuron: 3 Unsafe Overapproximate(Box)%: 0
Abstract Mode Changed: 0
Refreshed ReLu nodes: 13
Abstract Mode Changed: 6
Refreshed ReLu nodes: 13
Abstract Mode Changed: 4
Refreshed ReLu nodes: 16
Abstract Mode Changed: 6
Refreshed ReLu nodes: 34
Abstract Mode Changed: 6
Refreshed ReLu nodes: 45
Split: 0 Area: 99.99999999997024
Disturbance: 0.043 Failed!
Abstract Mode Changed: 0
Refreshed ReLu nodes: 118
Abstract Mode Changed: 21
Split: 0 Infeasible
verification neuron: 7 Unsafe Overapproximate(Box)%: 0
Abstract Mode Changed: 0
Refreshed ReLu nodes: 72
Abstract Mode Changed: 23
Split: 0 Infeasible
verification neuron: 1 Unsafe Overapproximate(Box)%: 0
Abstract Mode Changed: 0
Refreshed ReLu nodes: 76
Abstract Mode Changed: 21
Split: 0 Infeasible
verification neuron: 0 Unsafe Overapproximate(Box)%: 0
Abstract Mode Changed: 0
Refreshed ReLu nodes: 54
Abstract Mode Changed: 18
Split: 0 Infeasible
verification neuron: 5 Unsafe Overapproximate(Box)%: 0
Abstract Mode Changed: 0
Refreshed ReLu nodes: 27
Abstract Mode Changed: 12
Refreshed ReLu nodes: 80
Abstract Mode Changed: 12
Split: 0 Infeasible
verification neuron: 2 Unsafe Overapproximate(Box)%: 0
Abstract Mode Changed: 0
Refreshed ReLu nodes: 10
Abstract Mode Changed: 7
Refreshed ReLu nodes: 20
Abstract Mode Changed: 7
Refreshed ReLu nodes: 44
Abstract Mode Changed: 9
Refreshed ReLu nodes: 62
Abstract Mode Changed: 8
Split: 0 Infeasible
verification neuron: 8 Unsafe Overapproximate(Box)%: 0
Abstract Mode Changed: 0
Refreshed ReLu nodes: 25
Abstract Mode Changed: 12
Refreshed ReLu nodes: 60
Abstract Mode Changed: 13
Refreshed ReLu nodes: 160
Abstract Mode Changed: 11
Split: 0 Infeasible
verification neuron: 3 Unsafe Overapproximate(Box)%: 0
Overall Unsafe Overapproximate(Area)% 0
Overall Unsafe Overapproximate(Smart Area)% 0.0
Overall Unsafe Overapproximate(Box)%: 0.0
Overall Unsafe Overapproximate(Deeppoly)%: 100.0
Disturbance: 0.042 Success!
DeepPoly Max Verified Distrubance: 0.034
Our method Max Verified Disturbance: 0.042
Net: rlv/caffeprototxt_AI2_MNIST_FNN_5_testNetworkB.rlv Property: properties/mnist_1_local_property.in
Abstract Mode Changed: 0
Refreshed ReLu nodes: 0
Abstract Mode Changed: 5
Refreshed ReLu nodes: 0
Abstract Mode Changed: 1
Refreshed ReLu nodes: 0
Abstract Mode Changed: 0
Refreshed ReLu nodes: 0
Abstract Mode Changed: 0
Refreshed ReLu nodes: 0
Split: 0 Area: 99.99999999999115
Disturbance: 0.047 Failed!
Abstract Mode Changed: 0
Refreshed ReLu nodes: 2
Abstract Mode Changed: 8
Refreshed ReLu nodes: 0
Abstract Mode Changed: 0
Refreshed ReLu nodes: 0
Abstract Mode Changed: 0
Refreshed ReLu nodes: 0
Abstract Mode Changed: 0
Refreshed ReLu nodes: 0
Split: 0 Area: 99.99999999998785
Disturbance: 0.031 Failed!
Abstract Mode Changed: 0
Refreshed ReLu nodes: 7
Abstract Mode Changed: 4
Refreshed ReLu nodes: 8
Abstract Mode Changed: 2
Refreshed ReLu nodes: 10
Abstract Mode Changed: 4
Refreshed ReLu nodes: 4
Abstract Mode Changed: 3
Refreshed ReLu nodes: 4
Split: 0 Area: 99.99999999998704
Disturbance: 0.023 Failed!
Abstract Mode Changed: 0
Refreshed ReLu nodes: 78
Abstract Mode Changed: 11
Split: 0 Infeasible
verification neuron: 1 Unsafe Overapproximate(Box)%: 0
Abstract Mode Changed: 0
Refreshed ReLu nodes: 46
Abstract Mode Changed: 11
Split: 0 Infeasible
verification neuron: 8 Unsafe Overapproximate(Box)%: 0
Abstract Mode Changed: 0
Refreshed ReLu nodes: 24
Abstract Mode Changed: 7
Refreshed ReLu nodes: 92
Abstract Mode Changed: 13
Split: 0 Infeasible
verification neuron: 3 Unsafe Overapproximate(Box)%: 0
Abstract Mode Changed: 0
Refreshed ReLu nodes: 21
Abstract Mode Changed: 3
Refreshed ReLu nodes: 45
Abstract Mode Changed: 11
Refreshed ReLu nodes: 138
Abstract Mode Changed: 9
Split: 0 Infeasible
verification neuron: 6 Unsafe Overapproximate(Box)%: 0
Abstract Mode Changed: 0
Refreshed ReLu nodes: 24
Abstract Mode Changed: 2
Refreshed ReLu nodes: 67
Abstract Mode Changed: 8
Split: 0 Infeasible
verification neuron: 7 Unsafe Overapproximate(Box)%: 0
Overall Unsafe Overapproximate(Area)% 0
Overall Unsafe Overapproximate(Smart Area)% 0.0
Overall Unsafe Overapproximate(Box)%: 0.0
Overall Unsafe Overapproximate(Deeppoly)%: 100.0
Disturbance: 0.019 Success!
Abstract Mode Changed: 0
Refreshed ReLu nodes: 22
Abstract Mode Changed: 13
Refreshed ReLu nodes: 252
Abstract Mode Changed: 12
Split: 0 Infeasible
verification neuron: 0 Unsafe Overapproximate(Box)%: 0
Abstract Mode Changed: 0
Refreshed ReLu nodes: 31
Abstract Mode Changed: 15
Split: 0 Infeasible
verification neuron: 4 Unsafe Overapproximate(Box)%: 0
Abstract Mode Changed: 0
Refreshed ReLu nodes: 46
Abstract Mode Changed: 22
Split: 0 Infeasible
verification neuron: 5 Unsafe Overapproximate(Box)%: 0
Abstract Mode Changed: 0
Refreshed ReLu nodes: 19
Abstract Mode Changed: 9
Refreshed ReLu nodes: 167
Abstract Mode Changed: 21
Split: 0 Infeasible
verification neuron: 2 Unsafe Overapproximate(Box)%: 0
Abstract Mode Changed: 0
Refreshed ReLu nodes: 15
Abstract Mode Changed: 3
Refreshed ReLu nodes: 18
Abstract Mode Changed: 3
Refreshed ReLu nodes: 58
Abstract Mode Changed: 10
Split: 0 Infeasible
verification neuron: 1 Unsafe Overapproximate(Box)%: 0
Abstract Mode Changed: 0
Refreshed ReLu nodes: 14
Abstract Mode Changed: 2
Refreshed ReLu nodes: 16
Abstract Mode Changed: 8
Refreshed ReLu nodes: 30
Abstract Mode Changed: 5
Refreshed ReLu nodes: 64
Abstract Mode Changed: 13
Split: 0 Infeasible
verification neuron: 8 Unsafe Overapproximate(Box)%: 0
Abstract Mode Changed: 0
Refreshed ReLu nodes: 14
Abstract Mode Changed: 2
Refreshed ReLu nodes: 8
Abstract Mode Changed: 1
Refreshed ReLu nodes: 13
Abstract Mode Changed: 7
Refreshed ReLu nodes: 21
Abstract Mode Changed: 7
Refreshed ReLu nodes: 18
Split: 0 Area: 99.99999999998717
Disturbance: 0.021 Failed!
Abstract Mode Changed: 0
Refreshed ReLu nodes: 169
Abstract Mode Changed: 17
Split: 0 Infeasible
verification neuron: 4 Unsafe Overapproximate(Box)%: 0
Abstract Mode Changed: 0
Refreshed ReLu nodes: 116
Abstract Mode Changed: 15
Split: 0 Infeasible
verification neuron: 0 Unsafe Overapproximate(Box)%: 0
Abstract Mode Changed: 0
Refreshed ReLu nodes: 137
Abstract Mode Changed: 26
Split: 0 Infeasible
verification neuron: 5 Unsafe Overapproximate(Box)%: 0
Abstract Mode Changed: 0
Refreshed ReLu nodes: 78
Abstract Mode Changed: 19
Split: 0 Infeasible
verification neuron: 2 Unsafe Overapproximate(Box)%: 0
Abstract Mode Changed: 0
Refreshed ReLu nodes: 30
Abstract Mode Changed: 5
Refreshed ReLu nodes: 127
Abstract Mode Changed: 16
Split: 0 Infeasible
verification neuron: 1 Unsafe Overapproximate(Box)%: 0
Abstract Mode Changed: 0
Refreshed ReLu nodes: 23
Abstract Mode Changed: 6
Refreshed ReLu nodes: 54
Abstract Mode Changed: 10
Split: 0 Infeasible
verification neuron: 8 Unsafe Overapproximate(Box)%: 0
Abstract Mode Changed: 0
Refreshed ReLu nodes: 19
Abstract Mode Changed: 4
Refreshed ReLu nodes: 19
Abstract Mode Changed: 10
Refreshed ReLu nodes: 52
Abstract Mode Changed: 10
Split: 0 Infeasible
verification neuron: 3 Unsafe Overapproximate(Box)%: 0
Abstract Mode Changed: 0
Refreshed ReLu nodes: 22
Abstract Mode Changed: 1
Refreshed ReLu nodes: 14
Abstract Mode Changed: 7
Refreshed ReLu nodes: 21
Abstract Mode Changed: 7
Refreshed ReLu nodes: 49
Abstract Mode Changed: 9
Refreshed ReLu nodes: 170
Split: 0 Area: 99.99999999998089
Disturbance: 0.02 Failed!
DeepPoly Max Verified Distrubance: 0.016
Our method Max Verified Disturbance: 0.019
Net: rlv/caffeprototxt_AI2_MNIST_FNN_5_testNetworkB.rlv Property: properties/mnist_2_local_property.in
Abstract Mode Changed: 0
Refreshed ReLu nodes: 3
Abstract Mode Changed: 9
Refreshed ReLu nodes: 0
Abstract Mode Changed: 4
Refreshed ReLu nodes: 0
Abstract Mode Changed: 1
Refreshed ReLu nodes: 0
Abstract Mode Changed: 1
Refreshed ReLu nodes: 0
Split: 0 Area: 99.9999999999862
Disturbance: 0.052 Failed!
Abstract Mode Changed: 0
Refreshed ReLu nodes: 8
Abstract Mode Changed: 8
Refreshed ReLu nodes: 5
Abstract Mode Changed: 4
Refreshed ReLu nodes: 3
Abstract Mode Changed: 1
Refreshed ReLu nodes: 1
Abstract Mode Changed: 1
Refreshed ReLu nodes: 0
Split: 0 Area: 99.99999999997922
Disturbance: 0.036 Failed!
Abstract Mode Changed: 0
Refreshed ReLu nodes: 54
Abstract Mode Changed: 14
Split: 0 Infeasible
verification neuron: 1 Unsafe Overapproximate(Box)%: 0
Abstract Mode Changed: 0
Refreshed ReLu nodes: 24
Abstract Mode Changed: 12
Split: 0 Infeasible
verification neuron: 4 Unsafe Overapproximate(Box)%: 0
Abstract Mode Changed: 0
Refreshed ReLu nodes: 20
Abstract Mode Changed: 13
Split: 0 Infeasible
verification neuron: 2 Unsafe Overapproximate(Box)%: 0
Abstract Mode Changed: 0
Refreshed ReLu nodes: 40
Abstract Mode Changed: 17
Split: 0 Infeasible
verification neuron: 5 Unsafe Overapproximate(Box)%: 0
Abstract Mode Changed: 0
Refreshed ReLu nodes: 24
Abstract Mode Changed: 14
Refreshed ReLu nodes: 205
Abstract Mode Changed: 19
Split: 0 Infeasible
verification neuron: 7 Unsafe Overapproximate(Box)%: 0
Abstract Mode Changed: 0
Refreshed ReLu nodes: 20
Abstract Mode Changed: 13
Refreshed ReLu nodes: 32
Abstract Mode Changed: 11
Refreshed ReLu nodes: 102
Abstract Mode Changed: 19
Split: 0 Infeasible
verification neuron: 3 Unsafe Overapproximate(Box)%: 0
Abstract Mode Changed: 0
Refreshed ReLu nodes: 11
Abstract Mode Changed: 8
Refreshed ReLu nodes: 13
Abstract Mode Changed: 3
Refreshed ReLu nodes: 12
Abstract Mode Changed: 5
Refreshed ReLu nodes: 18
Abstract Mode Changed: 8
Refreshed ReLu nodes: 31
Split: 0 Area: 99.9999999999703
Disturbance: 0.028 Failed!
Abstract Mode Changed: 0
Refreshed ReLu nodes: 175
Abstract Mode Changed: 17
Split: 0 Infeasible
verification neuron: 3 Unsafe Overapproximate(Box)%: 0
Abstract Mode Changed: 0
Refreshed ReLu nodes: 48
Abstract Mode Changed: 14
Split: 0 Infeasible
verification neuron: 8 Unsafe Overapproximate(Box)%: 0
Overall Unsafe Overapproximate(Area)% 0
Overall Unsafe Overapproximate(Smart Area)% 0.0
Overall Unsafe Overapproximate(Box)%: 0.0
Overall Unsafe Overapproximate(Deeppoly)%: 100.0
Disturbance: 0.024 Success!
Abstract Mode Changed: 0
Split: 0 Infeasible
verification neuron: 2 Unsafe Overapproximate(Box)%: 0
Abstract Mode Changed: 0
Refreshed ReLu nodes: 191
Abstract Mode Changed: 17
Split: 0 Infeasible
verification neuron: 7 Unsafe Overapproximate(Box)%: 0
Abstract Mode Changed: 0
Refreshed ReLu nodes: 43
Abstract Mode Changed: 18
Split: 0 Infeasible
verification neuron: 3 Unsafe Overapproximate(Box)%: 0
Abstract Mode Changed: 0
Refreshed ReLu nodes: 20
Abstract Mode Changed: 9
Refreshed ReLu nodes: 42
Abstract Mode Changed: 13
Refreshed ReLu nodes: 101
Abstract Mode Changed: 11
Split: 0 Infeasible
verification neuron: 8 Unsafe Overapproximate(Box)%: 0
Overall Unsafe Overapproximate(Area)% 0
Overall Unsafe Overapproximate(Smart Area)% 0.0
Overall Unsafe Overapproximate(Box)%: 0.0
Overall Unsafe Overapproximate(Deeppoly)%: 100.0
Disturbance: 0.026 Success!
Abstract Mode Changed: 0
Refreshed ReLu nodes: 256
Abstract Mode Changed: 12
Split: 0 Infeasible
verification neuron: 1 Unsafe Overapproximate(Box)%: 0
Abstract Mode Changed: 0
Refreshed ReLu nodes: 111
Abstract Mode Changed: 20
Split: 0 Infeasible
verification neuron: 4 Unsafe Overapproximate(Box)%: 0
Abstract Mode Changed: 0
Refreshed ReLu nodes: 98
Abstract Mode Changed: 24
Split: 0 Infeasible
verification neuron: 5 Unsafe Overapproximate(Box)%: 0
Abstract Mode Changed: 0
Refreshed ReLu nodes: 69
Abstract Mode Changed: 19
Split: 0 Infeasible
verification neuron: 2 Unsafe Overapproximate(Box)%: 0
Abstract Mode Changed: 0
Refreshed ReLu nodes: 46
Abstract Mode Changed: 21
Split: 0 Infeasible
verification neuron: 7 Unsafe Overapproximate(Box)%: 0
Abstract Mode Changed: 0
Refreshed ReLu nodes: 25
Abstract Mode Changed: 17
Refreshed ReLu nodes: 85
Abstract Mode Changed: 12
Split: 0 Infeasible
verification neuron: 3 Unsafe Overapproximate(Box)%: 0
Abstract Mode Changed: 0
Refreshed ReLu nodes: 14
Abstract Mode Changed: 11
Refreshed ReLu nodes: 21
Abstract Mode Changed: 7
Refreshed ReLu nodes: 34
Abstract Mode Changed: 9
Refreshed ReLu nodes: 65
Abstract Mode Changed: 8
Split: 0 Infeasible
verification neuron: 8 Unsafe Overapproximate(Box)%: 0
Overall Unsafe Overapproximate(Area)% 0
Overall Unsafe Overapproximate(Smart Area)% 0.0
Overall Unsafe Overapproximate(Box)%: 0.0
Overall Unsafe Overapproximate(Deeppoly)%: 100.0
Disturbance: 0.027 Success!
DeepPoly Max Verified Distrubance: 0.021
Our method Max Verified Disturbance: 0.027
Net: rlv/caffeprototxt_AI2_MNIST_FNN_6_testNetworkB.rlv Property: properties/mnist_0_local_property.in
Abstract Mode Changed: 0
Refreshed ReLu nodes: 2
Abstract Mode Changed: 16
Refreshed ReLu nodes: 0
Abstract Mode Changed: 4
Refreshed ReLu nodes: 0
Abstract Mode Changed: 2
Refreshed ReLu nodes: 0
Abstract Mode Changed: 0
Refreshed ReLu nodes: 0
Split: 0 Area: 99.99999999998465
Disturbance: 0.053 Failed!
Abstract Mode Changed: 0
Refreshed ReLu nodes: 7
Abstract Mode Changed: 9
Refreshed ReLu nodes: 3
Abstract Mode Changed: 2
Refreshed ReLu nodes: 0
Abstract Mode Changed: 0
Refreshed ReLu nodes: 0
Abstract Mode Changed: 0
Refreshed ReLu nodes: 0
Split: 0 Area: 99.9999999999748
Disturbance: 0.037 Failed!
Abstract Mode Changed: 0
Refreshed ReLu nodes: 8
Abstract Mode Changed: 12
Refreshed ReLu nodes: 14
Abstract Mode Changed: 11
Refreshed ReLu nodes: 15
Abstract Mode Changed: 10
Refreshed ReLu nodes: 220
Abstract Mode Changed: 31
Split: 0 Infeasible
verification neuron: 4 Unsafe Overapproximate(Box)%: 0
Abstract Mode Changed: 0
Refreshed ReLu nodes: 8
Abstract Mode Changed: 23
Refreshed ReLu nodes: 56
Abstract Mode Changed: 14
Split: 0 Infeasible
verification neuron: 6 Unsafe Overapproximate(Box)%: 0
Abstract Mode Changed: 0
Refreshed ReLu nodes: 8
Abstract Mode Changed: 16
Refreshed ReLu nodes: 14
Abstract Mode Changed: 12
Refreshed ReLu nodes: 13
Abstract Mode Changed: 12
Refreshed ReLu nodes: 54
Abstract Mode Changed: 18
Split: 0 Infeasible
verification neuron: 1 Unsafe Overapproximate(Box)%: 0
Abstract Mode Changed: 0
Refreshed ReLu nodes: 8
Abstract Mode Changed: 13
Refreshed ReLu nodes: 13
Abstract Mode Changed: 4
Refreshed ReLu nodes: 12
Abstract Mode Changed: 4
Refreshed ReLu nodes: 7
Abstract Mode Changed: 11
Refreshed ReLu nodes: 8
Split: 0 Area: 99.99999999996393
Disturbance: 0.029 Failed!
Abstract Mode Changed: 0
Split: 0 Infeasible
verification neuron: 7 Unsafe Overapproximate(Box)%: 0
Abstract Mode Changed: 0
Refreshed ReLu nodes: 303
Abstract Mode Changed: 36
Split: 0 Infeasible
verification neuron: 0 Unsafe Overapproximate(Box)%: 0
Abstract Mode Changed: 0
Refreshed ReLu nodes: 292
Abstract Mode Changed: 34
Split: 0 Infeasible
verification neuron: 5 Unsafe Overapproximate(Box)%: 0
Abstract Mode Changed: 0
Refreshed ReLu nodes: 64
Abstract Mode Changed: 31
Split: 0 Infeasible
verification neuron: 2 Unsafe Overapproximate(Box)%: 0
Abstract Mode Changed: 0
Refreshed ReLu nodes: 82
Abstract Mode Changed: 32
Split: 0 Infeasible
verification neuron: 3 Unsafe Overapproximate(Box)%: 0
Abstract Mode Changed: 0
Refreshed ReLu nodes: 37
Abstract Mode Changed: 19
Refreshed ReLu nodes: 133
Abstract Mode Changed: 24
Split: 0 Infeasible
verification neuron: 8 Unsafe Overapproximate(Box)%: 0
Overall Unsafe Overapproximate(Area)% 0
Overall Unsafe Overapproximate(Smart Area)% 0.0
Overall Unsafe Overapproximate(Box)%: 0.0
Overall Unsafe Overapproximate(Deeppoly)%: 100.0
Disturbance: 0.025 Success!
Abstract Mode Changed: 0
Refreshed ReLu nodes: 482
Abstract Mode Changed: 35
Split: 0 Infeasible
verification neuron: 6 Unsafe Overapproximate(Box)%: 0
Abstract Mode Changed: 0
Refreshed ReLu nodes: 85
Abstract Mode Changed: 32
Split: 0 Infeasible
verification neuron: 4 Unsafe Overapproximate(Box)%: 0
Abstract Mode Changed: 0
Refreshed ReLu nodes: 44
Abstract Mode Changed: 31
Split: 0 Infeasible
verification neuron: 1 Unsafe Overapproximate(Box)%: 0
Abstract Mode Changed: 0
Refreshed ReLu nodes: 22
Abstract Mode Changed: 22
Refreshed ReLu nodes: 98
Abstract Mode Changed: 21
Split: 0 Infeasible
verification neuron: 0 Unsafe Overapproximate(Box)%: 0
Abstract Mode Changed: 0
Refreshed ReLu nodes: 24
Abstract Mode Changed: 21
Refreshed ReLu nodes: 208
Abstract Mode Changed: 25
Split: 0 Infeasible
verification neuron: 7 Unsafe Overapproximate(Box)%: 0
Abstract Mode Changed: 0
Refreshed ReLu nodes: 22
Abstract Mode Changed: 23
Refreshed ReLu nodes: 85
Abstract Mode Changed: 16
Split: 0 Infeasible
verification neuron: 5 Unsafe Overapproximate(Box)%: 0
Abstract Mode Changed: 0
Refreshed ReLu nodes: 20
Abstract Mode Changed: 10
Refreshed ReLu nodes: 16
Abstract Mode Changed: 11
Refreshed ReLu nodes: 42
Abstract Mode Changed: 14
Refreshed ReLu nodes: 280
Abstract Mode Changed: 29
Split: 0 Infeasible
verification neuron: 2 Unsafe Overapproximate(Box)%: 0
Abstract Mode Changed: 0
Refreshed ReLu nodes: 19
Abstract Mode Changed: 15
Refreshed ReLu nodes: 33
Abstract Mode Changed: 6
Refreshed ReLu nodes: 91
Abstract Mode Changed: 19
Split: 0 Infeasible
verification neuron: 3 Unsafe Overapproximate(Box)%: 0
Abstract Mode Changed: 0
Refreshed ReLu nodes: 19
Abstract Mode Changed: 11
Refreshed ReLu nodes: 19
Abstract Mode Changed: 7
Refreshed ReLu nodes: 13
Abstract Mode Changed: 8
Refreshed ReLu nodes: 28
Abstract Mode Changed: 5
Refreshed ReLu nodes: 36
Split: 0 Area: 99.99999999996767
Disturbance: 0.027 Failed!
Abstract Mode Changed: 0
Refreshed ReLu nodes: 271
Abstract Mode Changed: 35
Split: 0 Infeasible
verification neuron: 1 Unsafe Overapproximate(Box)%: 0
Abstract Mode Changed: 0
Refreshed ReLu nodes: 58
Abstract Mode Changed: 28
Split: 0 Infeasible
verification neuron: 0 Unsafe Overapproximate(Box)%: 0
Abstract Mode Changed: 0
Refreshed ReLu nodes: 97
Abstract Mode Changed: 34
Split: 0 Infeasible
verification neuron: 7 Unsafe Overapproximate(Box)%: 0
Abstract Mode Changed: 0
Refreshed ReLu nodes: 62
Abstract Mode Changed: 34
Split: 0 Infeasible
verification neuron: 5 Unsafe Overapproximate(Box)%: 0
Abstract Mode Changed: 0
Refreshed ReLu nodes: 23
Abstract Mode Changed: 18
Refreshed ReLu nodes: 113
Abstract Mode Changed: 28
Split: 0 Infeasible
verification neuron: 2 Unsafe Overapproximate(Box)%: 0
Abstract Mode Changed: 0
Refreshed ReLu nodes: 35
Abstract Mode Changed: 20
Refreshed ReLu nodes: 159
Abstract Mode Changed: 23
Split: 0 Infeasible
verification neuron: 3 Unsafe Overapproximate(Box)%: 0
Abstract Mode Changed: 0
Refreshed ReLu nodes: 22
Abstract Mode Changed: 15
Refreshed ReLu nodes: 36
Abstract Mode Changed: 9
Refreshed ReLu nodes: 73
Abstract Mode Changed: 15
Split: 0 Infeasible
verification neuron: 8 Unsafe Overapproximate(Box)%: 0
Overall Unsafe Overapproximate(Area)% 0
Overall Unsafe Overapproximate(Smart Area)% 0.0
Overall Unsafe Overapproximate(Box)%: 0.0
Overall Unsafe Overapproximate(Deeppoly)%: 100.0
Disturbance: 0.026 Success!
DeepPoly Max Verified Distrubance: 0.022
Our method Max Verified Disturbance: 0.026
Net: rlv/caffeprototxt_AI2_MNIST_FNN_6_testNetworkB.rlv Property: properties/mnist_1_local_property.in
Abstract Mode Changed: 0
Refreshed ReLu nodes: 0
Abstract Mode Changed: 15
Refreshed ReLu nodes: 0
Abstract Mode Changed: 5
Refreshed ReLu nodes: 0
Abstract Mode Changed: 2
Refreshed ReLu nodes: 0
Abstract Mode Changed: 0
Refreshed ReLu nodes: 0
Split: 0 Area: 99.99999999999149
Disturbance: 0.042 Failed!
Abstract Mode Changed: 0
Refreshed ReLu nodes: 1
Abstract Mode Changed: 13
Refreshed ReLu nodes: 0
Abstract Mode Changed: 4
Refreshed ReLu nodes: 0
Abstract Mode Changed: 1
Refreshed ReLu nodes: 0
Abstract Mode Changed: 1
Refreshed ReLu nodes: 0
Split: 0 Area: 99.99999999998829
Disturbance: 0.026 Failed!
Abstract Mode Changed: 0
Refreshed ReLu nodes: 9
Abstract Mode Changed: 13
Refreshed ReLu nodes: 2
Abstract Mode Changed: 1
Refreshed ReLu nodes: 0
Abstract Mode Changed: 0
Refreshed ReLu nodes: 0
Abstract Mode Changed: 0
Refreshed ReLu nodes: 0
Split: 0 Area: 99.9999999999855
Disturbance: 0.018 Failed!
Abstract Mode Changed: 0
Refreshed ReLu nodes: 92
Abstract Mode Changed: 37
Split: 0 Infeasible
verification neuron: 0 Unsafe Overapproximate(Box)%: 0
Abstract Mode Changed: 0
Refreshed ReLu nodes: 61
Abstract Mode Changed: 38
Split: 0 Infeasible
verification neuron: 5 Unsafe Overapproximate(Box)%: 0
Abstract Mode Changed: 0
Refreshed ReLu nodes: 18
Abstract Mode Changed: 22
Refreshed ReLu nodes: 140
Abstract Mode Changed: 37
Split: 0 Infeasible
verification neuron: 4 Unsafe Overapproximate(Box)%: 0
Abstract Mode Changed: 0
Refreshed ReLu nodes: 15
Abstract Mode Changed: 14
Refreshed ReLu nodes: 26
Abstract Mode Changed: 14
Refreshed ReLu nodes: 328
Abstract Mode Changed: 44
Split: 0 Infeasible
verification neuron: 3 Unsafe Overapproximate(Box)%: 0
Abstract Mode Changed: 0
Refreshed ReLu nodes: 19
Abstract Mode Changed: 18
Refreshed ReLu nodes: 78
Abstract Mode Changed: 33
Split: 0 Infeasible
verification neuron: 2 Unsafe Overapproximate(Box)%: 0
Abstract Mode Changed: 0
Refreshed ReLu nodes: 15
Abstract Mode Changed: 18
Refreshed ReLu nodes: 95
Abstract Mode Changed: 20
Split: 0 Infeasible
verification neuron: 8 Unsafe Overapproximate(Box)%: 0
Abstract Mode Changed: 0
Refreshed ReLu nodes: 15
Abstract Mode Changed: 15
Refreshed ReLu nodes: 27
Abstract Mode Changed: 15
Refreshed ReLu nodes: 201
Abstract Mode Changed: 28
Split: 0 Infeasible
verification neuron: 1 Unsafe Overapproximate(Box)%: 0
Abstract Mode Changed: 0
Refreshed ReLu nodes: 14
Abstract Mode Changed: 12
Refreshed ReLu nodes: 14
Abstract Mode Changed: 1
Refreshed ReLu nodes: 13
Abstract Mode Changed: 5
Refreshed ReLu nodes: 16
Abstract Mode Changed: 7
Refreshed ReLu nodes: 32
Split: 0 Area: 99.999999999989
Disturbance: 0.014 Failed!
Abstract Mode Changed: 0
Refreshed ReLu nodes: 285
Abstract Mode Changed: 37
Split: 0 Infeasible
verification neuron: 7 Unsafe Overapproximate(Box)%: 0
Abstract Mode Changed: 0
Refreshed ReLu nodes: 201
Abstract Mode Changed: 27
Split: 0 Infeasible
verification neuron: 6 Unsafe Overapproximate(Box)%: 0
Overall Unsafe Overapproximate(Area)% 0
Overall Unsafe Overapproximate(Smart Area)% 0.0
Overall Unsafe Overapproximate(Box)%: 0.0
Overall Unsafe Overapproximate(Deeppoly)%: 100.0
Disturbance: 0.012 Success!
Abstract Mode Changed: 0
Refreshed ReLu nodes: 483
Abstract Mode Changed: 33
Split: 0 Infeasible
verification neuron: 8 Unsafe Overapproximate(Box)%: 0
Abstract Mode Changed: 0
Refreshed ReLu nodes: 256
Abstract Mode Changed: 41
Split: 0 Infeasible
verification neuron: 2 Unsafe Overapproximate(Box)%: 0
Abstract Mode Changed: 0
Refreshed ReLu nodes: 156
Abstract Mode Changed: 36
Split: 0 Infeasible
verification neuron: 3 Unsafe Overapproximate(Box)%: 0
Abstract Mode Changed: 0
Refreshed ReLu nodes: 107
Abstract Mode Changed: 36
Split: 0 Infeasible
verification neuron: 1 Unsafe Overapproximate(Box)%: 0
Abstract Mode Changed: 0
Refreshed ReLu nodes: 24
Abstract Mode Changed: 11
Refreshed ReLu nodes: 127
Abstract Mode Changed: 30
Split: 0 Infeasible
verification neuron: 6 Unsafe Overapproximate(Box)%: 0
Abstract Mode Changed: 0
Refreshed ReLu nodes: 37
Abstract Mode Changed: 20
Refreshed ReLu nodes: 258
Abstract Mode Changed: 35
Split: 0 Infeasible
verification neuron: 7 Unsafe Overapproximate(Box)%: 0
Overall Unsafe Overapproximate(Area)% 0
Overall Unsafe Overapproximate(Smart Area)% 0.0
Overall Unsafe Overapproximate(Box)%: 0.0
Overall Unsafe Overapproximate(Deeppoly)%: 100.0
Disturbance: 0.013 Success!
DeepPoly Max Verified Distrubance: 0.011
Our method Max Verified Disturbance: 0.013
Net: rlv/caffeprototxt_AI2_MNIST_FNN_6_testNetworkB.rlv Property: properties/mnist_2_local_property.in
Abstract Mode Changed: 0
Refreshed ReLu nodes: 0
Abstract Mode Changed: 19
Refreshed ReLu nodes: 0
Abstract Mode Changed: 6
Refreshed ReLu nodes: 0
Abstract Mode Changed: 1
Refreshed ReLu nodes: 0
Abstract Mode Changed: 0
Refreshed ReLu nodes: 0
Split: 0 Area: 99.99999999998155
Disturbance: 0.052 Failed!
Abstract Mode Changed: 0
Refreshed ReLu nodes: 3
Abstract Mode Changed: 13
Refreshed ReLu nodes: 1
Abstract Mode Changed: 5
Refreshed ReLu nodes: 0
Abstract Mode Changed: 2
Refreshed ReLu nodes: 0
Abstract Mode Changed: 0
Refreshed ReLu nodes: 0
Split: 0 Area: 99.9999999999764
Disturbance: 0.036 Failed!
Abstract Mode Changed: 0
Refreshed ReLu nodes: 15
Abstract Mode Changed: 17
Refreshed ReLu nodes: 9
Abstract Mode Changed: 9
Refreshed ReLu nodes: 33
Abstract Mode Changed: 20
Split: 0 Infeasible
verification neuron: 6 Unsafe Overapproximate(Box)%: 0
Abstract Mode Changed: 0
Refreshed ReLu nodes: 15
Abstract Mode Changed: 12
Refreshed ReLu nodes: 8
Abstract Mode Changed: 6
Refreshed ReLu nodes: 3
Abstract Mode Changed: 8
Refreshed ReLu nodes: 6
Abstract Mode Changed: 6
Refreshed ReLu nodes: 21
Split: 0 Area: 99.99999999997529
Disturbance: 0.028 Failed!
Abstract Mode Changed: 0
Split: 0 Infeasible
verification neuron: 7 Unsafe Overapproximate(Box)%: 0
Abstract Mode Changed: 0
Refreshed ReLu nodes: 267
Abstract Mode Changed: 36
Split: 0 Infeasible
verification neuron: 4 Unsafe Overapproximate(Box)%: 0
Abstract Mode Changed: 0
Refreshed ReLu nodes: 197
Abstract Mode Changed: 45
Split: 0 Infeasible
verification neuron: 1 Unsafe Overapproximate(Box)%: 0
Abstract Mode Changed: 0
Refreshed ReLu nodes: 53
Abstract Mode Changed: 34
Split: 0 Infeasible
verification neuron: 2 Unsafe Overapproximate(Box)%: 0
Abstract Mode Changed: 0
Refreshed ReLu nodes: 46
Abstract Mode Changed: 24
Refreshed ReLu nodes: 191
Abstract Mode Changed: 31
Split: 0 Infeasible
verification neuron: 3 Unsafe Overapproximate(Box)%: 0
Abstract Mode Changed: 0
Refreshed ReLu nodes: 33
Abstract Mode Changed: 21
Refreshed ReLu nodes: 56
Abstract Mode Changed: 20
Split: 0 Infeasible
verification neuron: 8 Unsafe Overapproximate(Box)%: 0
Overall Unsafe Overapproximate(Area)% 0
Overall Unsafe Overapproximate(Smart Area)% 0.0
Overall Unsafe Overapproximate(Box)%: 0.0
Overall Unsafe Overapproximate(Deeppoly)%: 100.0
Disturbance: 0.024 Success!
Abstract Mode Changed: 0
Refreshed ReLu nodes: 278
Abstract Mode Changed: 38
Split: 0 Infeasible
verification neuron: 6 Unsafe Overapproximate(Box)%: 0
Abstract Mode Changed: 0
Refreshed ReLu nodes: 38
Abstract Mode Changed: 35
Split: 0 Infeasible
verification neuron: 0 Unsafe Overapproximate(Box)%: 0
Abstract Mode Changed: 0
Refreshed ReLu nodes: 13
Abstract Mode Changed: 17
Refreshed ReLu nodes: 36
Abstract Mode Changed: 18
Refreshed ReLu nodes: 212
Abstract Mode Changed: 46
Split: 0 Infeasible
verification neuron: 1 Unsafe Overapproximate(Box)%: 0
Abstract Mode Changed: 0
Refreshed ReLu nodes: 15
Abstract Mode Changed: 25
Refreshed ReLu nodes: 94
Abstract Mode Changed: 26
Split: 0 Infeasible
verification neuron: 5 Unsafe Overapproximate(Box)%: 0
Abstract Mode Changed: 0
Refreshed ReLu nodes: 12
Abstract Mode Changed: 19
Refreshed ReLu nodes: 29
Abstract Mode Changed: 14
Refreshed ReLu nodes: 188
Abstract Mode Changed: 41
Split: 0 Infeasible
verification neuron: 4 Unsafe Overapproximate(Box)%: 0
Abstract Mode Changed: 0
Refreshed ReLu nodes: 18
Abstract Mode Changed: 24
Refreshed ReLu nodes: 84
Abstract Mode Changed: 18
Split: 0 Infeasible
verification neuron: 7 Unsafe Overapproximate(Box)%: 0
Abstract Mode Changed: 0
Refreshed ReLu nodes: 13
Abstract Mode Changed: 15
Refreshed ReLu nodes: 16
Abstract Mode Changed: 7
Refreshed ReLu nodes: 19
Abstract Mode Changed: 9
Refreshed ReLu nodes: 31
Abstract Mode Changed: 11
Refreshed ReLu nodes: 376
Split: 0 Area: 99.99999999997586
Disturbance: 0.026 Failed!
Abstract Mode Changed: 0
Split: 0 Infeasible
verification neuron: 0 Unsafe Overapproximate(Box)%: 0
Abstract Mode Changed: 0
Refreshed ReLu nodes: 77
Abstract Mode Changed: 37
Split: 0 Infeasible
verification neuron: 5 Unsafe Overapproximate(Box)%: 0
Abstract Mode Changed: 0
Refreshed ReLu nodes: 44
Abstract Mode Changed: 24
Split: 0 Infeasible
verification neuron: 1 Unsafe Overapproximate(Box)%: 0
Abstract Mode Changed: 0
Refreshed ReLu nodes: 63
Abstract Mode Changed: 37
Split: 0 Infeasible
verification neuron: 7 Unsafe Overapproximate(Box)%: 0
Abstract Mode Changed: 0
Refreshed ReLu nodes: 41
Abstract Mode Changed: 24
Split: 0 Infeasible
verification neuron: 4 Unsafe Overapproximate(Box)%: 0
Abstract Mode Changed: 0
Refreshed ReLu nodes: 25
Abstract Mode Changed: 22
Refreshed ReLu nodes: 51
Abstract Mode Changed: 22
Split: 0 Infeasible
verification neuron: 2 Unsafe Overapproximate(Box)%: 0
Abstract Mode Changed: 0
Refreshed ReLu nodes: 26
Abstract Mode Changed: 14
Refreshed ReLu nodes: 40
Abstract Mode Changed: 12
Refreshed ReLu nodes: 103
Abstract Mode Changed: 20
Split: 0 Infeasible
verification neuron: 3 Unsafe Overapproximate(Box)%: 0
Abstract Mode Changed: 0
Refreshed ReLu nodes: 23
Abstract Mode Changed: 14
Refreshed ReLu nodes: 28
Abstract Mode Changed: 14
Refreshed ReLu nodes: 25
Abstract Mode Changed: 13
Refreshed ReLu nodes: 72
Abstract Mode Changed: 18
Split: 0 Infeasible
verification neuron: 8 Unsafe Overapproximate(Box)%: 0
Overall Unsafe Overapproximate(Area)% 0
Overall Unsafe Overapproximate(Smart Area)% 0.0
Overall Unsafe Overapproximate(Box)%: 0.0
Overall Unsafe Overapproximate(Deeppoly)%: 100.0
Disturbance: 0.025 Success!
DeepPoly Max Verified Distrubance: 0.021
Our method Max Verified Disturbance: 0.025
Net: rlv/caffeprototxt_AI2_MNIST_FNN_7_testNetworkB.rlv Property: properties/mnist_0_local_property.in
Abstract Mode Changed: 0
Refreshed ReLu nodes: 2
Abstract Mode Changed: 16
Refreshed ReLu nodes: 0
Abstract Mode Changed: 7
Refreshed ReLu nodes: 0
Abstract Mode Changed: 3
Refreshed ReLu nodes: 0
Abstract Mode Changed: 2
Refreshed ReLu nodes: 0
Split: 0 Area: 99.99999999997287
Disturbance: 0.052 Failed!
Abstract Mode Changed: 0
Refreshed ReLu nodes: 1
Abstract Mode Changed: 15
Refreshed ReLu nodes: 2
Abstract Mode Changed: 13
Refreshed ReLu nodes: 0
Abstract Mode Changed: 8
Refreshed ReLu nodes: 0
Abstract Mode Changed: 1
Refreshed ReLu nodes: 0
Split: 0 Area: 99.99999999997112
Disturbance: 0.036 Failed!
Abstract Mode Changed: 0
Refreshed ReLu nodes: 13
Abstract Mode Changed: 21
Refreshed ReLu nodes: 9
Abstract Mode Changed: 5
Refreshed ReLu nodes: 2
Abstract Mode Changed: 6
Refreshed ReLu nodes: 1
Abstract Mode Changed: 10
Refreshed ReLu nodes: 0
Split: 0 Area: 99.99999999996933
Disturbance: 0.028 Failed!
Abstract Mode Changed: 0
Refreshed ReLu nodes: 24
Abstract Mode Changed: 18
Refreshed ReLu nodes: 25
Abstract Mode Changed: 8
Refreshed ReLu nodes: 13
Abstract Mode Changed: 6
Refreshed ReLu nodes: 21
Abstract Mode Changed: 25
Split: 0 Infeasible
verification neuron: 4 Unsafe Overapproximate(Box)%: 0
Abstract Mode Changed: 0
Refreshed ReLu nodes: 24
Abstract Mode Changed: 18
Refreshed ReLu nodes: 26
Abstract Mode Changed: 11
Refreshed ReLu nodes: 28
Abstract Mode Changed: 30
Split: 0 Infeasible
verification neuron: 6 Unsafe Overapproximate(Box)%: 0
Abstract Mode Changed: 0
Refreshed ReLu nodes: 24
Abstract Mode Changed: 18
Refreshed ReLu nodes: 25
Abstract Mode Changed: 7
Refreshed ReLu nodes: 13
Abstract Mode Changed: 2
Refreshed ReLu nodes: 5
Abstract Mode Changed: 5
Refreshed ReLu nodes: 8
Split: 0 Area: 99.99999999996545
Disturbance: 0.024 Failed!
Abstract Mode Changed: 0
Split: 0 Infeasible
verification neuron: 5 Unsafe Overapproximate(Box)%: 0
Abstract Mode Changed: 0
Refreshed ReLu nodes: 164
Abstract Mode Changed: 36
Split: 0 Infeasible
verification neuron: 1 Unsafe Overapproximate(Box)%: 0
Abstract Mode Changed: 0
Refreshed ReLu nodes: 95
Abstract Mode Changed: 29
Split: 0 Infeasible
verification neuron: 8 Unsafe Overapproximate(Box)%: 0
Abstract Mode Changed: 0
Refreshed ReLu nodes: 86
Abstract Mode Changed: 25
Split: 0 Infeasible
verification neuron: 2 Unsafe Overapproximate(Box)%: 0
Abstract Mode Changed: 0
Refreshed ReLu nodes: 56
Abstract Mode Changed: 28
Split: 0 Infeasible
verification neuron: 3 Unsafe Overapproximate(Box)%: 0
Overall Unsafe Overapproximate(Area)% 0
Overall Unsafe Overapproximate(Smart Area)% 0.0
Overall Unsafe Overapproximate(Box)%: 0.0
Overall Unsafe Overapproximate(Deeppoly)%: 100.0
Disturbance: 0.022 Success!
Abstract Mode Changed: 0
Refreshed ReLu nodes: 93
Abstract Mode Changed: 36
Split: 0 Infeasible
verification neuron: 6 Unsafe Overapproximate(Box)%: 0
Abstract Mode Changed: 0
Refreshed ReLu nodes: 35
Abstract Mode Changed: 20
Split: 0 Infeasible
verification neuron: 4 Unsafe Overapproximate(Box)%: 0
Abstract Mode Changed: 0
Refreshed ReLu nodes: 24
Abstract Mode Changed: 23
Split: 0 Infeasible
verification neuron: 7 Unsafe Overapproximate(Box)%: 0
Abstract Mode Changed: 0
Refreshed ReLu nodes: 21
Abstract Mode Changed: 11
Refreshed ReLu nodes: 31
Abstract Mode Changed: 24
Split: 0 Infeasible
verification neuron: 0 Unsafe Overapproximate(Box)%: 0
Abstract Mode Changed: 0
Refreshed ReLu nodes: 20
Abstract Mode Changed: 12
Refreshed ReLu nodes: 23
Abstract Mode Changed: 13
Refreshed ReLu nodes: 90
Abstract Mode Changed: 36
Split: 0 Infeasible
verification neuron: 1 Unsafe Overapproximate(Box)%: 0
Abstract Mode Changed: 0
Refreshed ReLu nodes: 20
Abstract Mode Changed: 9
Refreshed ReLu nodes: 21
Abstract Mode Changed: 12
Refreshed ReLu nodes: 40
Abstract Mode Changed: 31
Split: 0 Infeasible
verification neuron: 8 Unsafe Overapproximate(Box)%: 0
Abstract Mode Changed: 0
Refreshed ReLu nodes: 20
Abstract Mode Changed: 15
Refreshed ReLu nodes: 57
Abstract Mode Changed: 26
Split: 0 Infeasible
verification neuron: 5 Unsafe Overapproximate(Box)%: 0
Abstract Mode Changed: 0
Refreshed ReLu nodes: 20
Abstract Mode Changed: 10
Refreshed ReLu nodes: 25
Abstract Mode Changed: 10
Refreshed ReLu nodes: 49
Abstract Mode Changed: 33
Split: 0 Infeasible
verification neuron: 2 Unsafe Overapproximate(Box)%: 0
Abstract Mode Changed: 0
Refreshed ReLu nodes: 20
Abstract Mode Changed: 11
Refreshed ReLu nodes: 19
Abstract Mode Changed: 13
Refreshed ReLu nodes: 36
Abstract Mode Changed: 22
Refreshed ReLu nodes: 222
Abstract Mode Changed: 46
Split: 0 Infeasible
verification neuron: 3 Unsafe Overapproximate(Box)%: 0
Overall Unsafe Overapproximate(Area)% 0
Overall Unsafe Overapproximate(Smart Area)% 0.0
Overall Unsafe Overapproximate(Box)%: 0.0
Overall Unsafe Overapproximate(Deeppoly)%: 100.0
Disturbance: 0.023 Success!
DeepPoly Max Verified Distrubance: 0.021
Our method Max Verified Disturbance: 0.023
Net: rlv/caffeprototxt_AI2_MNIST_FNN_7_testNetworkB.rlv Property: properties/mnist_1_local_property.in
Abstract Mode Changed: 0
Refreshed ReLu nodes: 0
Abstract Mode Changed: 11
Refreshed ReLu nodes: 0
Abstract Mode Changed: 8
Refreshed ReLu nodes: 0
Abstract Mode Changed: 4
Refreshed ReLu nodes: 0
Abstract Mode Changed: 4
Refreshed ReLu nodes: 0
Split: 0 Area: 99.99999999999324
Disturbance: 0.041 Failed!
Abstract Mode Changed: 0
Refreshed ReLu nodes: 1
Abstract Mode Changed: 20
Refreshed ReLu nodes: 1
Abstract Mode Changed: 9
Refreshed ReLu nodes: 0
Abstract Mode Changed: 5
Refreshed ReLu nodes: 0
Abstract Mode Changed: 2
Refreshed ReLu nodes: 0
Split: 0 Area: 99.9999999999908
Disturbance: 0.025 Failed!
Abstract Mode Changed: 0
Refreshed ReLu nodes: 5
Abstract Mode Changed: 7
Refreshed ReLu nodes: 1
Abstract Mode Changed: 8
Refreshed ReLu nodes: 1
Abstract Mode Changed: 6
Refreshed ReLu nodes: 0
Abstract Mode Changed: 2
Refreshed ReLu nodes: 0
Split: 0 Area: 99.9999999999873
Disturbance: 0.017 Failed!
Abstract Mode Changed: 0
Refreshed ReLu nodes: 19
Abstract Mode Changed: 10
Refreshed ReLu nodes: 20
Abstract Mode Changed: 8
Refreshed ReLu nodes: 11
Abstract Mode Changed: 2
Refreshed ReLu nodes: 3
Abstract Mode Changed: 4
Refreshed ReLu nodes: 1
Split: 0 Area: 99.99999999998983
Disturbance: 0.013 Failed!
Abstract Mode Changed: 0
Refreshed ReLu nodes: 648
Abstract Mode Changed: 27
Split: 0 Infeasible
verification neuron: 1 Unsafe Overapproximate(Box)%: 0
Abstract Mode Changed: 0
Refreshed ReLu nodes: 135
Abstract Mode Changed: 34
Split: 0 Infeasible
verification neuron: 3 Unsafe Overapproximate(Box)%: 0
Abstract Mode Changed: 0
Refreshed ReLu nodes: 137
Abstract Mode Changed: 45
Split: 0 Infeasible
verification neuron: 7 Unsafe Overapproximate(Box)%: 0
Abstract Mode Changed: 0
Refreshed ReLu nodes: 135
Abstract Mode Changed: 37
Split: 0 Infeasible
verification neuron: 8 Unsafe Overapproximate(Box)%: 0
Abstract Mode Changed: 0
Refreshed ReLu nodes: 46
Abstract Mode Changed: 10
Refreshed ReLu nodes: 75
Abstract Mode Changed: 25
Split: 0 Infeasible
verification neuron: 6 Unsafe Overapproximate(Box)%: 0
Overall Unsafe Overapproximate(Area)% 0
Overall Unsafe Overapproximate(Smart Area)% 0.0
Overall Unsafe Overapproximate(Box)%: 0.0
Overall Unsafe Overapproximate(Deeppoly)%: 100.0
Disturbance: 0.011 Success!
Abstract Mode Changed: 0
Refreshed ReLu nodes: 30
Abstract Mode Changed: 10
Refreshed ReLu nodes: 33
Abstract Mode Changed: 14
Split: 0 Infeasible
verification neuron: 5 Unsafe Overapproximate(Box)%: 0
Abstract Mode Changed: 0
Refreshed ReLu nodes: 30
Abstract Mode Changed: 10
Refreshed ReLu nodes: 24
Abstract Mode Changed: 11
Refreshed ReLu nodes: 385
Abstract Mode Changed: 40
Split: 0 Infeasible
verification neuron: 4 Unsafe Overapproximate(Box)%: 0
Abstract Mode Changed: 0
Refreshed ReLu nodes: 30
Abstract Mode Changed: 11
Refreshed ReLu nodes: 22
Abstract Mode Changed: 3
Refreshed ReLu nodes: 17
Abstract Mode Changed: 10
Refreshed ReLu nodes: 72
Abstract Mode Changed: 28
Split: 0 Infeasible
verification neuron: 2 Unsafe Overapproximate(Box)%: 0
Abstract Mode Changed: 0
Refreshed ReLu nodes: 30
Abstract Mode Changed: 11
Refreshed ReLu nodes: 22
Abstract Mode Changed: 4
Refreshed ReLu nodes: 15
Abstract Mode Changed: 6
Refreshed ReLu nodes: 10
Abstract Mode Changed: 9
Refreshed ReLu nodes: 43
Split: 0 Area: 99.99999999998401
Disturbance: 0.012 Failed!
DeepPoly Max Verified Distrubance: 0.01
Our method Max Verified Disturbance: 0.011
Net: rlv/caffeprototxt_AI2_MNIST_FNN_7_testNetworkB.rlv Property: properties/mnist_2_local_property.in
Abstract Mode Changed: 0
Refreshed ReLu nodes: 0
Abstract Mode Changed: 13
Refreshed ReLu nodes: 0
Abstract Mode Changed: 12
Refreshed ReLu nodes: 0
Abstract Mode Changed: 1
Refreshed ReLu nodes: 0
Abstract Mode Changed: 4
Refreshed ReLu nodes: 0
Split: 0 Area: 99.99999999998577
Disturbance: 0.048 Failed!
Abstract Mode Changed: 0
Refreshed ReLu nodes: 3
Abstract Mode Changed: 21
Refreshed ReLu nodes: 1
Abstract Mode Changed: 9
Refreshed ReLu nodes: 0
Abstract Mode Changed: 6
Refreshed ReLu nodes: 0
Abstract Mode Changed: 0
Refreshed ReLu nodes: 0
Split: 0 Area: 99.99999999997429
Disturbance: 0.032 Failed!
Abstract Mode Changed: 0
Refreshed ReLu nodes: 9
Abstract Mode Changed: 17
Refreshed ReLu nodes: 6
Abstract Mode Changed: 6
Refreshed ReLu nodes: 3
Abstract Mode Changed: 8
Refreshed ReLu nodes: 0
Abstract Mode Changed: 3
Refreshed ReLu nodes: 0
Split: 0 Area: 99.99999999997104
Disturbance: 0.024 Failed!
Abstract Mode Changed: 0
Refreshed ReLu nodes: 34
Abstract Mode Changed: 10
Refreshed ReLu nodes: 26
Abstract Mode Changed: 18
Split: 0 Infeasible
verification neuron: 4 Unsafe Overapproximate(Box)%: 0
Abstract Mode Changed: 0
Refreshed ReLu nodes: 34
Abstract Mode Changed: 19
Refreshed ReLu nodes: 211
Abstract Mode Changed: 37
Split: 0 Infeasible
verification neuron: 6 Unsafe Overapproximate(Box)%: 0
Abstract Mode Changed: 0
Refreshed ReLu nodes: 34
Abstract Mode Changed: 9
Refreshed ReLu nodes: 23
Abstract Mode Changed: 10
Refreshed ReLu nodes: 31
Abstract Mode Changed: 11
Split: 0 Infeasible
verification neuron: 0 Unsafe Overapproximate(Box)%: 0
Abstract Mode Changed: 0
Refreshed ReLu nodes: 34
Abstract Mode Changed: 8
Refreshed ReLu nodes: 23
Abstract Mode Changed: 5
Refreshed ReLu nodes: 16
Abstract Mode Changed: 5
Refreshed ReLu nodes: 19
Abstract Mode Changed: 13
Refreshed ReLu nodes: 111
Split: 0 Area: 99.99999999997053
Disturbance: 0.02 Failed!
Abstract Mode Changed: 0
Refreshed ReLu nodes: 267
Abstract Mode Changed: 45
Split: 0 Infeasible
verification neuron: 3 Unsafe Overapproximate(Box)%: 0
Overall Unsafe Overapproximate(Area)% 0
Overall Unsafe Overapproximate(Smart Area)% 0.0
Overall Unsafe Overapproximate(Box)%: 0.0
Overall Unsafe Overapproximate(Deeppoly)%: 100.0
Disturbance: 0.018 Success!
Abstract Mode Changed: 0
Split: 0 Infeasible
verification neuron: 0 Unsafe Overapproximate(Box)%: 0
Abstract Mode Changed: 0
Refreshed ReLu nodes: 343
Abstract Mode Changed: 39
Split: 0 Infeasible
verification neuron: 7 Unsafe Overapproximate(Box)%: 0
Abstract Mode Changed: 0
Refreshed ReLu nodes: 242
Abstract Mode Changed: 40
Split: 0 Infeasible
verification neuron: 5 Unsafe Overapproximate(Box)%: 0
Abstract Mode Changed: 0
Refreshed ReLu nodes: 44
Abstract Mode Changed: 17
Split: 0 Infeasible
verification neuron: 8 Unsafe Overapproximate(Box)%: 0
Abstract Mode Changed: 0
Refreshed ReLu nodes: 32
Abstract Mode Changed: 12
Refreshed ReLu nodes: 320
Abstract Mode Changed: 30
Split: 0 Infeasible
verification neuron: 1 Unsafe Overapproximate(Box)%: 0
Abstract Mode Changed: 0
Refreshed ReLu nodes: 29
Abstract Mode Changed: 10
Refreshed ReLu nodes: 213
Abstract Mode Changed: 30
Split: 0 Infeasible
verification neuron: 2 Unsafe Overapproximate(Box)%: 0
Abstract Mode Changed: 0
Refreshed ReLu nodes: 26
Abstract Mode Changed: 12
Refreshed ReLu nodes: 83
Abstract Mode Changed: 22
Split: 0 Infeasible
verification neuron: 3 Unsafe Overapproximate(Box)%: 0
Overall Unsafe Overapproximate(Area)% 0
Overall Unsafe Overapproximate(Smart Area)% 0.0
Overall Unsafe Overapproximate(Box)%: 0.0
Overall Unsafe Overapproximate(Deeppoly)%: 100.0
Disturbance: 0.019 Success!
DeepPoly Max Verified Distrubance: 0.017
Our method Max Verified Disturbance: 0.019
[[[0.034, 0.047], [0.017, 0.023], [0.017, 0.023]], [[0.049, 0.066], [0.025, 0.033], [0.045, 0.058]], [[0.045, 0.06], [0.024, 0.03], [0.035, 0.046]], [[0.034, 0.042], [0.016, 0.019], [0.021, 0.027]], [[0.022, 0.026], [0.011, 0.013], [0.021, 0.025]], [[0.021, 0.023], [0.01, 0.011], [0.017, 0.019]]]
