Verifying Network: rlv/caffeprototxt_AI2_MNIST_FNN_4_testNetworkB.rlv
properties/mnist_1_local_property.in DeepPoly Failed!
Abstract Mode Changed: 0
Refreshed ReLu nodes: 19
Abstract Mode Changed: 11
Split: 0 Infeasible
verification neuron: 0 Unsafe Overapproximate(Box)%: 0
Abstract Mode Changed: 0
Refreshed ReLu nodes: 8
Abstract Mode Changed: 8
Refreshed ReLu nodes: 41
Abstract Mode Changed: 9
Split: 0 Infeasible
verification neuron: 5 Unsafe Overapproximate(Box)%: 0
Abstract Mode Changed: 0
Refreshed ReLu nodes: 2
Abstract Mode Changed: 5
Refreshed ReLu nodes: 19
Abstract Mode Changed: 6
Refreshed ReLu nodes: 43
Abstract Mode Changed: 5
Split: 0 Infeasible
verification neuron: 3 Unsafe Overapproximate(Box)%: 0
Abstract Mode Changed: 0
Refreshed ReLu nodes: 4
Abstract Mode Changed: 10
Refreshed ReLu nodes: 15
Abstract Mode Changed: 4
Refreshed ReLu nodes: 61
Abstract Mode Changed: 5
Split: 0 Infeasible
verification neuron: 8 Unsafe Overapproximate(Box)%: 0
Abstract Mode Changed: 0
Refreshed ReLu nodes: 1
Abstract Mode Changed: 1
Refreshed ReLu nodes: 0
Abstract Mode Changed: 2
Refreshed ReLu nodes: 1
Abstract Mode Changed: 2
Refreshed ReLu nodes: 0
Abstract Mode Changed: 0
Refreshed ReLu nodes: 0
Abstract Mode Changed: 0
Refreshed ReLu nodes: 0
Abstract Mode Changed: 0
Refreshed ReLu nodes: 0
Abstract Mode Changed: 0
Refreshed ReLu nodes: 0
Abstract Mode Changed: 0
Refreshed ReLu nodes: 1
Abstract Mode Changed: 0
Refreshed ReLu nodes: 0
Abstract Mode Changed: 0
Refreshed ReLu nodes: 0
Abstract Mode Changed: 0
Refreshed ReLu nodes: 0
Abstract Mode Changed: 0
Refreshed ReLu nodes: 0
Abstract Mode Changed: 0
Refreshed ReLu nodes: 0
Abstract Mode Changed: 0
Refreshed ReLu nodes: 0
Abstract Mode Changed: 0
Refreshed ReLu nodes: 0
Abstract Mode Changed: 0
Refreshed ReLu nodes: 0
Abstract Mode Changed: 0
Refreshed ReLu nodes: 0
Abstract Mode Changed: 0
Refreshed ReLu nodes: 0
Abstract Mode Changed: 0
Refreshed ReLu nodes: 0
Split: 0 Area: 99.9999999999914
properties/mnist_1_local_property.in DeepSRGR Failed!
properties/mnist_1_local_property.in Running Time 5569.2302803993225
properties/mnist_8_local_property.in DeepPoly Failed!
Abstract Mode Changed: 0
Refreshed ReLu nodes: 106
Abstract Mode Changed: 8
Split: 0 Infeasible
verification neuron: 6 Unsafe Overapproximate(Box)%: 0
Abstract Mode Changed: 0
Refreshed ReLu nodes: 72
Abstract Mode Changed: 6
Split: 0 Infeasible
verification neuron: 2 Unsafe Overapproximate(Box)%: 0
Abstract Mode Changed: 0
Refreshed ReLu nodes: 25
Abstract Mode Changed: 5
Split: 0 Infeasible
verification neuron: 1 Unsafe Overapproximate(Box)%: 0
Abstract Mode Changed: 0
Refreshed ReLu nodes: 10
Abstract Mode Changed: 0
Refreshed ReLu nodes: 15
Abstract Mode Changed: 2
Refreshed ReLu nodes: 13
Abstract Mode Changed: 0
Refreshed ReLu nodes: 31
Abstract Mode Changed: 0
Refreshed ReLu nodes: 90
Abstract Mode Changed: 2
Split: 0 Infeasible
verification neuron: 7 Unsafe Overapproximate(Box)%: 0
Overall Unsafe Overapproximate(Area)% 0
Overall Unsafe Overapproximate(Smart Area)% 0.0
Overall Unsafe Overapproximate(Box)%: 0.0
Overall Unsafe Overapproximate(Deeppoly)%: 100.0
properties/mnist_8_local_property.in DeepSRGR Success!
properties/mnist_8_local_property.in Running Time 1414.150642633438
properties/mnist_9_local_property.in DeepPoly Failed!
Abstract Mode Changed: 0
Refreshed ReLu nodes: 41
Abstract Mode Changed: 19
Split: 0 Infeasible
verification neuron: 4 Unsafe Overapproximate(Box)%: 0
Abstract Mode Changed: 0
Refreshed ReLu nodes: 15
Abstract Mode Changed: 12
Refreshed ReLu nodes: 53
Abstract Mode Changed: 6
Split: 0 Infeasible
verification neuron: 5 Unsafe Overapproximate(Box)%: 0
Abstract Mode Changed: 0
Refreshed ReLu nodes: 9
Abstract Mode Changed: 11
Refreshed ReLu nodes: 72
Abstract Mode Changed: 8
Split: 0 Infeasible
verification neuron: 1 Unsafe Overapproximate(Box)%: 0
Abstract Mode Changed: 0
Refreshed ReLu nodes: 9
Abstract Mode Changed: 12
Refreshed ReLu nodes: 57
Abstract Mode Changed: 8
Split: 0 Infeasible
verification neuron: 6 Unsafe Overapproximate(Box)%: 0
Abstract Mode Changed: 0
Refreshed ReLu nodes: 8
Abstract Mode Changed: 12
Refreshed ReLu nodes: 32
Abstract Mode Changed: 2
Split: 0 Infeasible
verification neuron: 0 Unsafe Overapproximate(Box)%: 0
Abstract Mode Changed: 0
Refreshed ReLu nodes: 9
Abstract Mode Changed: 13
Refreshed ReLu nodes: 23
Abstract Mode Changed: 5
Refreshed ReLu nodes: 131
Abstract Mode Changed: 4
Split: 0 Infeasible
verification neuron: 2 Unsafe Overapproximate(Box)%: 0
Abstract Mode Changed: 0
Refreshed ReLu nodes: 3
Abstract Mode Changed: 9
Refreshed ReLu nodes: 11
Abstract Mode Changed: 6
Refreshed ReLu nodes: 8
Abstract Mode Changed: 4
Refreshed ReLu nodes: 19
Abstract Mode Changed: 2
Refreshed ReLu nodes: 39
Abstract Mode Changed: 3
Split: 0 Infeasible
verification neuron: 7 Unsafe Overapproximate(Box)%: 0
Abstract Mode Changed: 0
Refreshed ReLu nodes: 1
Abstract Mode Changed: 7
Refreshed ReLu nodes: 11
Abstract Mode Changed: 8
Refreshed ReLu nodes: 6
Abstract Mode Changed: 5
Refreshed ReLu nodes: 29
Abstract Mode Changed: 2
Refreshed ReLu nodes: 100
Abstract Mode Changed: 8
Split: 0 Infeasible
verification neuron: 8 Unsafe Overapproximate(Box)%: 0
Abstract Mode Changed: 0
Refreshed ReLu nodes: 0
Abstract Mode Changed: 2
Refreshed ReLu nodes: 3
Abstract Mode Changed: 2
Refreshed ReLu nodes: 2
Abstract Mode Changed: 0
Refreshed ReLu nodes: 0
Abstract Mode Changed: 0
Refreshed ReLu nodes: 0
Abstract Mode Changed: 0
Refreshed ReLu nodes: 0
Abstract Mode Changed: 0
Refreshed ReLu nodes: 0
Abstract Mode Changed: 0
Refreshed ReLu nodes: 0
Abstract Mode Changed: 0
Refreshed ReLu nodes: 0
Abstract Mode Changed: 0
Refreshed ReLu nodes: 0
Abstract Mode Changed: 0
Refreshed ReLu nodes: 0
Abstract Mode Changed: 0
Refreshed ReLu nodes: 0
Abstract Mode Changed: 0
Refreshed ReLu nodes: 0
Abstract Mode Changed: 0
Refreshed ReLu nodes: 0
Abstract Mode Changed: 0
Refreshed ReLu nodes: 0
Abstract Mode Changed: 0
Refreshed ReLu nodes: 0
Abstract Mode Changed: 0
Refreshed ReLu nodes: 0
Abstract Mode Changed: 0
Refreshed ReLu nodes: 0
Abstract Mode Changed: 0
Refreshed ReLu nodes: 0
Abstract Mode Changed: 0
Refreshed ReLu nodes: 0
Split: 0 Area: 99.99999999998208
properties/mnist_9_local_property.in DeepSRGR Failed!
properties/mnist_9_local_property.in Running Time 8540.440982818604
properties/mnist_12_local_property.in DeepPoly Failed!
Abstract Mode Changed: 0
Refreshed ReLu nodes: 123
Abstract Mode Changed: 8
Split: 0 Infeasible
verification neuron: 1 Unsafe Overapproximate(Box)%: 0
Abstract Mode Changed: 0
Refreshed ReLu nodes: 55
Abstract Mode Changed: 9
Split: 0 Infeasible
verification neuron: 4 Unsafe Overapproximate(Box)%: 0
Abstract Mode Changed: 0
Refreshed ReLu nodes: 19
Abstract Mode Changed: 7
Split: 0 Infeasible
verification neuron: 2 Unsafe Overapproximate(Box)%: 0
Abstract Mode Changed: 0
Refreshed ReLu nodes: 30
Abstract Mode Changed: 16
Split: 0 Infeasible
verification neuron: 8 Unsafe Overapproximate(Box)%: 0
Abstract Mode Changed: 0
Refreshed ReLu nodes: 9
Abstract Mode Changed: 6
Refreshed ReLu nodes: 35
Abstract Mode Changed: 6
Split: 0 Infeasible
verification neuron: 0 Unsafe Overapproximate(Box)%: 0
Abstract Mode Changed: 0
Refreshed ReLu nodes: 10
Abstract Mode Changed: 8
Refreshed ReLu nodes: 22
Abstract Mode Changed: 7
Split: 0 Infeasible
verification neuron: 7 Unsafe Overapproximate(Box)%: 0
Abstract Mode Changed: 0
Refreshed ReLu nodes: 4
Abstract Mode Changed: 4
Refreshed ReLu nodes: 5
Abstract Mode Changed: 0
Refreshed ReLu nodes: 5
Abstract Mode Changed: 1
Refreshed ReLu nodes: 7
Abstract Mode Changed: 2
Refreshed ReLu nodes: 14
Abstract Mode Changed: 0
Refreshed ReLu nodes: 19
Abstract Mode Changed: 3
Split: 0 Infeasible
verification neuron: 5 Unsafe Overapproximate(Box)%: 0
Overall Unsafe Overapproximate(Area)% 0
Overall Unsafe Overapproximate(Smart Area)% 0.0
Overall Unsafe Overapproximate(Box)%: 0.0
Overall Unsafe Overapproximate(Deeppoly)%: 100.0
properties/mnist_12_local_property.in DeepSRGR Success!
properties/mnist_12_local_property.in Running Time 2694.67089176178
properties/mnist_15_local_property.in DeepPoly Failed!
Abstract Mode Changed: 0
Refreshed ReLu nodes: 5
Abstract Mode Changed: 3
Refreshed ReLu nodes: 4
Abstract Mode Changed: 3
Refreshed ReLu nodes: 3
Abstract Mode Changed: 3
Refreshed ReLu nodes: 4
Abstract Mode Changed: 2
Refreshed ReLu nodes: 5
Abstract Mode Changed: 1
Refreshed ReLu nodes: 13
Abstract Mode Changed: 0
Refreshed ReLu nodes: 25
Abstract Mode Changed: 2
Split: 0 Infeasible
verification neuron: 4 Unsafe Overapproximate(Box)%: 0
Abstract Mode Changed: 0
Refreshed ReLu nodes: 4
Abstract Mode Changed: 2
Refreshed ReLu nodes: 0
Abstract Mode Changed: 1
Refreshed ReLu nodes: 0
Abstract Mode Changed: 2
Refreshed ReLu nodes: 2
Abstract Mode Changed: 0
Refreshed ReLu nodes: 1
Abstract Mode Changed: 0
Refreshed ReLu nodes: 0
Abstract Mode Changed: 0
Refreshed ReLu nodes: 1
Abstract Mode Changed: 1
Refreshed ReLu nodes: 0
Abstract Mode Changed: 0
Refreshed ReLu nodes: 0
Abstract Mode Changed: 0
Refreshed ReLu nodes: 1
Abstract Mode Changed: 1
Refreshed ReLu nodes: 0
Abstract Mode Changed: 0
Refreshed ReLu nodes: 0
Abstract Mode Changed: 2
Refreshed ReLu nodes: 4
Abstract Mode Changed: 0
Refreshed ReLu nodes: 0
Abstract Mode Changed: 1
Refreshed ReLu nodes: 0
Abstract Mode Changed: 0
Refreshed ReLu nodes: 0
Abstract Mode Changed: 0
Refreshed ReLu nodes: 0
Abstract Mode Changed: 0
Refreshed ReLu nodes: 1
Abstract Mode Changed: 0
Refreshed ReLu nodes: 1
Abstract Mode Changed: 0
Refreshed ReLu nodes: 0
Split: 0 Area: 99.99999999997364
properties/mnist_15_local_property.in DeepSRGR Failed!
properties/mnist_15_local_property.in Running Time 5334.296540737152
properties/mnist_17_local_property.in DeepPoly Failed!
Abstract Mode Changed: 0
Refreshed ReLu nodes: 16
Abstract Mode Changed: 3
Split: 0 Infeasible
verification neuron: 4 Unsafe Overapproximate(Box)%: 0
Abstract Mode Changed: 0
Refreshed ReLu nodes: 20
Abstract Mode Changed: 10
Split: 0 Infeasible
verification neuron: 7 Unsafe Overapproximate(Box)%: 0
Abstract Mode Changed: 0
Refreshed ReLu nodes: 13
Abstract Mode Changed: 5
Refreshed ReLu nodes: 105
Abstract Mode Changed: 6
Split: 0 Infeasible
verification neuron: 1 Unsafe Overapproximate(Box)%: 0
Abstract Mode Changed: 0
Refreshed ReLu nodes: 22
Abstract Mode Changed: 8
Split: 0 Infeasible
verification neuron: 8 Unsafe Overapproximate(Box)%: 0
Abstract Mode Changed: 0
Refreshed ReLu nodes: 14
Abstract Mode Changed: 7
Refreshed ReLu nodes: 72
Abstract Mode Changed: 8
Split: 0 Infeasible
verification neuron: 6 Unsafe Overapproximate(Box)%: 0
Abstract Mode Changed: 0
Refreshed ReLu nodes: 5
Abstract Mode Changed: 5
Refreshed ReLu nodes: 3
Abstract Mode Changed: 1
Refreshed ReLu nodes: 1
Abstract Mode Changed: 3
Refreshed ReLu nodes: 1
Abstract Mode Changed: 1
Refreshed ReLu nodes: 1
Abstract Mode Changed: 0
Refreshed ReLu nodes: 0
Abstract Mode Changed: 0
Refreshed ReLu nodes: 1
Abstract Mode Changed: 1
Refreshed ReLu nodes: 1
Abstract Mode Changed: 0
Refreshed ReLu nodes: 0
Abstract Mode Changed: 0
Refreshed ReLu nodes: 1
Abstract Mode Changed: 0
Refreshed ReLu nodes: 0
Abstract Mode Changed: 0
Refreshed ReLu nodes: 0
Abstract Mode Changed: 0
Refreshed ReLu nodes: 0
Abstract Mode Changed: 0
Refreshed ReLu nodes: 0
Abstract Mode Changed: 0
Refreshed ReLu nodes: 3
Abstract Mode Changed: 0
Refreshed ReLu nodes: 1
Abstract Mode Changed: 0
Refreshed ReLu nodes: 2
Abstract Mode Changed: 0
Refreshed ReLu nodes: 2
Abstract Mode Changed: 0
Refreshed ReLu nodes: 4
Abstract Mode Changed: 0
Refreshed ReLu nodes: 1
Split: 0 Area: 99.99999999998253
properties/mnist_17_local_property.in DeepSRGR Failed!
properties/mnist_17_local_property.in Running Time 5067.699789524078
properties/mnist_19_local_property.in DeepPoly Failed!
Abstract Mode Changed: 0
Refreshed ReLu nodes: 81
Abstract Mode Changed: 12
Split: 0 Infeasible
verification neuron: 3 Unsafe Overapproximate(Box)%: 0
Abstract Mode Changed: 0
Refreshed ReLu nodes: 14
Abstract Mode Changed: 4
Refreshed ReLu nodes: 7
Abstract Mode Changed: 3
Refreshed ReLu nodes: 2
Abstract Mode Changed: 1
Refreshed ReLu nodes: 1
Abstract Mode Changed: 0
Refreshed ReLu nodes: 1
Abstract Mode Changed: 0
Refreshed ReLu nodes: 0
Abstract Mode Changed: 0
Refreshed ReLu nodes: 0
Abstract Mode Changed: 0
Refreshed ReLu nodes: 0
Abstract Mode Changed: 0
Refreshed ReLu nodes: 0
Abstract Mode Changed: 0
Refreshed ReLu nodes: 0
Abstract Mode Changed: 0
Refreshed ReLu nodes: 0
Abstract Mode Changed: 0
Refreshed ReLu nodes: 0
Abstract Mode Changed: 0
Refreshed ReLu nodes: 0
Abstract Mode Changed: 0
Refreshed ReLu nodes: 0
Abstract Mode Changed: 0
Refreshed ReLu nodes: 0
Abstract Mode Changed: 0
Refreshed ReLu nodes: 0
Abstract Mode Changed: 0
Refreshed ReLu nodes: 0
Abstract Mode Changed: 0
Refreshed ReLu nodes: 0
Abstract Mode Changed: 0
Refreshed ReLu nodes: 0
Abstract Mode Changed: 0
Refreshed ReLu nodes: 0
Split: 0 Area: 99.99999999998197
properties/mnist_19_local_property.in DeepSRGR Failed!
properties/mnist_19_local_property.in Running Time 3312.2179069519043
properties/mnist_21_local_property.in DeepPoly Failed!
Abstract Mode Changed: 0
Refreshed ReLu nodes: 1
Abstract Mode Changed: 5
Refreshed ReLu nodes: 0
Abstract Mode Changed: 1
Refreshed ReLu nodes: 0
Abstract Mode Changed: 0
Refreshed ReLu nodes: 0
Abstract Mode Changed: 0
Refreshed ReLu nodes: 0
Abstract Mode Changed: 0
Refreshed ReLu nodes: 0
Abstract Mode Changed: 0
Refreshed ReLu nodes: 0
Abstract Mode Changed: 0
Refreshed ReLu nodes: 0
Abstract Mode Changed: 0
Refreshed ReLu nodes: 0
Abstract Mode Changed: 0
Refreshed ReLu nodes: 0
Abstract Mode Changed: 0
Refreshed ReLu nodes: 0
Abstract Mode Changed: 0
Refreshed ReLu nodes: 0
Abstract Mode Changed: 0
Refreshed ReLu nodes: 0
Abstract Mode Changed: 0
Refreshed ReLu nodes: 0
Abstract Mode Changed: 0
Refreshed ReLu nodes: 0
Abstract Mode Changed: 0
Refreshed ReLu nodes: 0
Abstract Mode Changed: 0
Refreshed ReLu nodes: 0
Abstract Mode Changed: 0
Refreshed ReLu nodes: 0
Abstract Mode Changed: 0
Refreshed ReLu nodes: 0
Abstract Mode Changed: 0
Refreshed ReLu nodes: 0
Split: 0 Area: 99.99999999999288
properties/mnist_21_local_property.in DeepSRGR Failed!
properties/mnist_21_local_property.in Running Time 4187.334688901901
properties/mnist_23_local_property.in DeepPoly Failed!
Abstract Mode Changed: 0
Refreshed ReLu nodes: 31
Abstract Mode Changed: 10
Split: 0 Infeasible
verification neuron: 1 Unsafe Overapproximate(Box)%: 0
Abstract Mode Changed: 0
Refreshed ReLu nodes: 37
Abstract Mode Changed: 9
Refreshed ReLu nodes: 63
Abstract Mode Changed: 4
Split: 0 Infeasible
verification neuron: 3 Unsafe Overapproximate(Box)%: 0
Abstract Mode Changed: 0
Refreshed ReLu nodes: 9
Abstract Mode Changed: 4
Refreshed ReLu nodes: 13
Abstract Mode Changed: 1
Refreshed ReLu nodes: 8
Abstract Mode Changed: 2
Refreshed ReLu nodes: 1
Abstract Mode Changed: 0
Refreshed ReLu nodes: 7
Abstract Mode Changed: 1
Refreshed ReLu nodes: 5
Abstract Mode Changed: 0
Refreshed ReLu nodes: 3
Abstract Mode Changed: 0
Refreshed ReLu nodes: 1
Abstract Mode Changed: 0
Refreshed ReLu nodes: 3
Abstract Mode Changed: 0
Refreshed ReLu nodes: 0
Abstract Mode Changed: 0
Refreshed ReLu nodes: 4
Abstract Mode Changed: 0
Refreshed ReLu nodes: 4
Abstract Mode Changed: 0
Refreshed ReLu nodes: 6
Abstract Mode Changed: 0
Refreshed ReLu nodes: 3
Abstract Mode Changed: 0
Refreshed ReLu nodes: 2
Abstract Mode Changed: 1
Refreshed ReLu nodes: 5
Abstract Mode Changed: 0
Refreshed ReLu nodes: 7
Abstract Mode Changed: 0
Refreshed ReLu nodes: 10
Abstract Mode Changed: 0
Refreshed ReLu nodes: 9
Abstract Mode Changed: 0
Refreshed ReLu nodes: 24
Split: 0 Area: 99.99999999996655
properties/mnist_23_local_property.in DeepSRGR Failed!
properties/mnist_23_local_property.in Running Time 3806.812436580658
properties/mnist_24_local_property.in DeepPoly Failed!
Abstract Mode Changed: 0
Refreshed ReLu nodes: 14
Abstract Mode Changed: 21
Split: 0 Infeasible
verification neuron: 5 Unsafe Overapproximate(Box)%: 0
Abstract Mode Changed: 0
Refreshed ReLu nodes: 11
Abstract Mode Changed: 16
Refreshed ReLu nodes: 47
Abstract Mode Changed: 10
Split: 0 Infeasible
verification neuron: 0 Unsafe Overapproximate(Box)%: 0
Abstract Mode Changed: 0
Refreshed ReLu nodes: 7
Abstract Mode Changed: 16
Refreshed ReLu nodes: 18
Abstract Mode Changed: 12
Split: 0 Infeasible
verification neuron: 3 Unsafe Overapproximate(Box)%: 0
Abstract Mode Changed: 0
Refreshed ReLu nodes: 2
Abstract Mode Changed: 6
Refreshed ReLu nodes: 1
Abstract Mode Changed: 3
Refreshed ReLu nodes: 1
Abstract Mode Changed: 0
Refreshed ReLu nodes: 0
Abstract Mode Changed: 1
Refreshed ReLu nodes: 0
Abstract Mode Changed: 0
Refreshed ReLu nodes: 0
Abstract Mode Changed: 0
Refreshed ReLu nodes: 0
Abstract Mode Changed: 0
Refreshed ReLu nodes: 0
Abstract Mode Changed: 0
Refreshed ReLu nodes: 0
Abstract Mode Changed: 0
Refreshed ReLu nodes: 0
Abstract Mode Changed: 0
Refreshed ReLu nodes: 0
Abstract Mode Changed: 0
Refreshed ReLu nodes: 0
Abstract Mode Changed: 0
Refreshed ReLu nodes: 0
Abstract Mode Changed: 0
Refreshed ReLu nodes: 0
Abstract Mode Changed: 0
Refreshed ReLu nodes: 0
Abstract Mode Changed: 0
Refreshed ReLu nodes: 0
Abstract Mode Changed: 0
Refreshed ReLu nodes: 0
Abstract Mode Changed: 0
Refreshed ReLu nodes: 0
Abstract Mode Changed: 0
Refreshed ReLu nodes: 0
Abstract Mode Changed: 0
Refreshed ReLu nodes: 0
Split: 0 Area: 99.99999999998545
properties/mnist_24_local_property.in DeepSRGR Failed!
properties/mnist_24_local_property.in Running Time 5049.515979528427
properties/mnist_25_local_property.in DeepPoly Failed!
Abstract Mode Changed: 0
Refreshed ReLu nodes: 84
Abstract Mode Changed: 15
Split: 0 Infeasible
verification neuron: 5 Unsafe Overapproximate(Box)%: 0
Abstract Mode Changed: 0
Refreshed ReLu nodes: 25
Abstract Mode Changed: 18
Split: 0 Infeasible
verification neuron: 1 Unsafe Overapproximate(Box)%: 0
Abstract Mode Changed: 0
Refreshed ReLu nodes: 26
Abstract Mode Changed: 19
Split: 0 Infeasible
verification neuron: 2 Unsafe Overapproximate(Box)%: 0
Abstract Mode Changed: 0
Refreshed ReLu nodes: 27
Abstract Mode Changed: 15
Split: 0 Infeasible
verification neuron: 7 Unsafe Overapproximate(Box)%: 0
Abstract Mode Changed: 0
Refreshed ReLu nodes: 5
Abstract Mode Changed: 7
Refreshed ReLu nodes: 10
Abstract Mode Changed: 3
Refreshed ReLu nodes: 12
Abstract Mode Changed: 3
Refreshed ReLu nodes: 56
Abstract Mode Changed: 4
Split: 0 Infeasible
verification neuron: 6 Unsafe Overapproximate(Box)%: 0
Abstract Mode Changed: 0
Refreshed ReLu nodes: 14
Abstract Mode Changed: 10
Refreshed ReLu nodes: 25
Abstract Mode Changed: 5
Split: 0 Infeasible
verification neuron: 3 Unsafe Overapproximate(Box)%: 0
Abstract Mode Changed: 0
Refreshed ReLu nodes: 7
Abstract Mode Changed: 5
Refreshed ReLu nodes: 2
Abstract Mode Changed: 2
Refreshed ReLu nodes: 2
Abstract Mode Changed: 1
Refreshed ReLu nodes: 1
Abstract Mode Changed: 0
Refreshed ReLu nodes: 0
Abstract Mode Changed: 0
Refreshed ReLu nodes: 0
Abstract Mode Changed: 0
Refreshed ReLu nodes: 0
Abstract Mode Changed: 0
Refreshed ReLu nodes: 0
Abstract Mode Changed: 0
Refreshed ReLu nodes: 0
Abstract Mode Changed: 0
Refreshed ReLu nodes: 0
Abstract Mode Changed: 0
Refreshed ReLu nodes: 0
Abstract Mode Changed: 0
Refreshed ReLu nodes: 0
Abstract Mode Changed: 0
Refreshed ReLu nodes: 0
Abstract Mode Changed: 0
Refreshed ReLu nodes: 0
Abstract Mode Changed: 0
Refreshed ReLu nodes: 0
Abstract Mode Changed: 0
Refreshed ReLu nodes: 0
Abstract Mode Changed: 0
Refreshed ReLu nodes: 0
Abstract Mode Changed: 0
Refreshed ReLu nodes: 0
Abstract Mode Changed: 0
Refreshed ReLu nodes: 0
Abstract Mode Changed: 0
Refreshed ReLu nodes: 0
Split: 0 Area: 99.99999999998501
properties/mnist_25_local_property.in DeepSRGR Failed!
properties/mnist_25_local_property.in Running Time 5812.1113703250885
properties/mnist_35_local_property.in DeepPoly Failed!
Abstract Mode Changed: 0
Refreshed ReLu nodes: 126
Abstract Mode Changed: 10
Split: 0 Infeasible
verification neuron: 1 Unsafe Overapproximate(Box)%: 0
Abstract Mode Changed: 0
Refreshed ReLu nodes: 41
Abstract Mode Changed: 8
Split: 0 Infeasible
verification neuron: 8 Unsafe Overapproximate(Box)%: 0
Abstract Mode Changed: 0
Refreshed ReLu nodes: 52
Abstract Mode Changed: 14
Split: 0 Infeasible
verification neuron: 6 Unsafe Overapproximate(Box)%: 0
Abstract Mode Changed: 0
Refreshed ReLu nodes: 19
Abstract Mode Changed: 15
Split: 0 Infeasible
verification neuron: 7 Unsafe Overapproximate(Box)%: 0
Abstract Mode Changed: 0
Refreshed ReLu nodes: 4
Abstract Mode Changed: 6
Refreshed ReLu nodes: 6
Abstract Mode Changed: 6
Refreshed ReLu nodes: 6
Abstract Mode Changed: 1
Refreshed ReLu nodes: 15
Abstract Mode Changed: 3
Refreshed ReLu nodes: 36
Abstract Mode Changed: 0
Split: 0 Infeasible
verification neuron: 3 Unsafe Overapproximate(Box)%: 0
Abstract Mode Changed: 0
Refreshed ReLu nodes: 7
Abstract Mode Changed: 4
Refreshed ReLu nodes: 3
Abstract Mode Changed: 3
Refreshed ReLu nodes: 0
Abstract Mode Changed: 0
Refreshed ReLu nodes: 0
Abstract Mode Changed: 0
Refreshed ReLu nodes: 0
Abstract Mode Changed: 0
Refreshed ReLu nodes: 2
Abstract Mode Changed: 0
Refreshed ReLu nodes: 0
Abstract Mode Changed: 0
Refreshed ReLu nodes: 0
Abstract Mode Changed: 0
Refreshed ReLu nodes: 0
Abstract Mode Changed: 0
Refreshed ReLu nodes: 0
Abstract Mode Changed: 0
Refreshed ReLu nodes: 0
Abstract Mode Changed: 0
Refreshed ReLu nodes: 0
Abstract Mode Changed: 0
Refreshed ReLu nodes: 0
Abstract Mode Changed: 0
Refreshed ReLu nodes: 0
Abstract Mode Changed: 0
Refreshed ReLu nodes: 0
Abstract Mode Changed: 0
Refreshed ReLu nodes: 0
Abstract Mode Changed: 0
Refreshed ReLu nodes: 0
Abstract Mode Changed: 0
Refreshed ReLu nodes: 0
Abstract Mode Changed: 0
Refreshed ReLu nodes: 0
Abstract Mode Changed: 0
Refreshed ReLu nodes: 0
Split: 0 Area: 99.99999999996258
properties/mnist_35_local_property.in DeepSRGR Failed!
properties/mnist_35_local_property.in Running Time 5224.200169801712
properties/mnist_36_local_property.in DeepPoly Failed!
Abstract Mode Changed: 0
Refreshed ReLu nodes: 49
Abstract Mode Changed: 12
Split: 0 Infeasible
verification neuron: 2 Unsafe Overapproximate(Box)%: 0
Abstract Mode Changed: 0
Refreshed ReLu nodes: 46
Abstract Mode Changed: 13
Split: 0 Infeasible
verification neuron: 7 Unsafe Overapproximate(Box)%: 0
Abstract Mode Changed: 0
Refreshed ReLu nodes: 25
Abstract Mode Changed: 10
Refreshed ReLu nodes: 64
Abstract Mode Changed: 8
Split: 0 Infeasible
verification neuron: 3 Unsafe Overapproximate(Box)%: 0
Abstract Mode Changed: 0
Refreshed ReLu nodes: 16
Abstract Mode Changed: 10
Refreshed ReLu nodes: 21
Abstract Mode Changed: 2
Refreshed ReLu nodes: 39
Abstract Mode Changed: 2
Split: 0 Infeasible
verification neuron: 8 Unsafe Overapproximate(Box)%: 0
Abstract Mode Changed: 0
Refreshed ReLu nodes: 6
Abstract Mode Changed: 4
Refreshed ReLu nodes: 3
Abstract Mode Changed: 2
Refreshed ReLu nodes: 3
Abstract Mode Changed: 1
Refreshed ReLu nodes: 0
Abstract Mode Changed: 0
Refreshed ReLu nodes: 1
Abstract Mode Changed: 0
Refreshed ReLu nodes: 0
Abstract Mode Changed: 0
Refreshed ReLu nodes: 0
Abstract Mode Changed: 0
Refreshed ReLu nodes: 0
Abstract Mode Changed: 0
Refreshed ReLu nodes: 0
Abstract Mode Changed: 0
Refreshed ReLu nodes: 0
Abstract Mode Changed: 0
Refreshed ReLu nodes: 0
Abstract Mode Changed: 0
Refreshed ReLu nodes: 0
Abstract Mode Changed: 0
Refreshed ReLu nodes: 0
Abstract Mode Changed: 0
Refreshed ReLu nodes: 0
Abstract Mode Changed: 0
Refreshed ReLu nodes: 0
Abstract Mode Changed: 0
Refreshed ReLu nodes: 0
Abstract Mode Changed: 0
Refreshed ReLu nodes: 0
Abstract Mode Changed: 0
Refreshed ReLu nodes: 0
Abstract Mode Changed: 0
Refreshed ReLu nodes: 0
Abstract Mode Changed: 0
Refreshed ReLu nodes: 0
Split: 0 Area: 99.99999999998303
properties/mnist_36_local_property.in DeepSRGR Failed!
properties/mnist_36_local_property.in Running Time 4135.458213090897
properties/mnist_38_local_property.in DeepPoly Failed!
Abstract Mode Changed: 0
Refreshed ReLu nodes: 2
Abstract Mode Changed: 0
Refreshed ReLu nodes: 2
Abstract Mode Changed: 0
Refreshed ReLu nodes: 0
Abstract Mode Changed: 0
Refreshed ReLu nodes: 0
Abstract Mode Changed: 0
Refreshed ReLu nodes: 0
Abstract Mode Changed: 0
Refreshed ReLu nodes: 0
Abstract Mode Changed: 0
Refreshed ReLu nodes: 0
Abstract Mode Changed: 0
Refreshed ReLu nodes: 0
Abstract Mode Changed: 0
Refreshed ReLu nodes: 0
Abstract Mode Changed: 0
Refreshed ReLu nodes: 0
Abstract Mode Changed: 0
Refreshed ReLu nodes: 0
Abstract Mode Changed: 0
Refreshed ReLu nodes: 0
Abstract Mode Changed: 0
Refreshed ReLu nodes: 0
Abstract Mode Changed: 0
Refreshed ReLu nodes: 0
Abstract Mode Changed: 0
Refreshed ReLu nodes: 0
Abstract Mode Changed: 0
Refreshed ReLu nodes: 0
Abstract Mode Changed: 0
Refreshed ReLu nodes: 0
Abstract Mode Changed: 0
Refreshed ReLu nodes: 0
Abstract Mode Changed: 0
Refreshed ReLu nodes: 0
Abstract Mode Changed: 0
Refreshed ReLu nodes: 0
Split: 0 Area: 99.99999999995725
properties/mnist_38_local_property.in DeepSRGR Failed!
properties/mnist_38_local_property.in Running Time 3586.0883100032806
properties/mnist_47_local_property.in DeepPoly Failed!
Abstract Mode Changed: 0
Refreshed ReLu nodes: 12
Abstract Mode Changed: 14
Split: 0 Infeasible
verification neuron: 0 Unsafe Overapproximate(Box)%: 0
Abstract Mode Changed: 0
Refreshed ReLu nodes: 7
Abstract Mode Changed: 13
Refreshed ReLu nodes: 36
Abstract Mode Changed: 7
Split: 0 Infeasible
verification neuron: 5 Unsafe Overapproximate(Box)%: 0
Abstract Mode Changed: 0
Refreshed ReLu nodes: 2
Abstract Mode Changed: 8
Refreshed ReLu nodes: 9
Abstract Mode Changed: 4
Refreshed ReLu nodes: 8
Abstract Mode Changed: 3
Refreshed ReLu nodes: 21
Abstract Mode Changed: 2
Refreshed ReLu nodes: 111
Abstract Mode Changed: 9
Split: 0 Infeasible
verification neuron: 3 Unsafe Overapproximate(Box)%: 0
Abstract Mode Changed: 0
Refreshed ReLu nodes: 2
Abstract Mode Changed: 11
Refreshed ReLu nodes: 2
Abstract Mode Changed: 3
Refreshed ReLu nodes: 3
Abstract Mode Changed: 0
Refreshed ReLu nodes: 16
Abstract Mode Changed: 2
Refreshed ReLu nodes: 38
Abstract Mode Changed: 5
Split: 0 Infeasible
verification neuron: 4 Unsafe Overapproximate(Box)%: 0
Abstract Mode Changed: 0
Refreshed ReLu nodes: 2
Abstract Mode Changed: 7
Refreshed ReLu nodes: 12
Abstract Mode Changed: 6
Refreshed ReLu nodes: 21
Abstract Mode Changed: 1
Refreshed ReLu nodes: 62
Abstract Mode Changed: 8
Split: 0 Infeasible
verification neuron: 8 Unsafe Overapproximate(Box)%: 0
Abstract Mode Changed: 0
Refreshed ReLu nodes: 0
Abstract Mode Changed: 4
Refreshed ReLu nodes: 0
Abstract Mode Changed: 0
Refreshed ReLu nodes: 0
Abstract Mode Changed: 0
Refreshed ReLu nodes: 0
Abstract Mode Changed: 0
Refreshed ReLu nodes: 0
Abstract Mode Changed: 0
Refreshed ReLu nodes: 0
Abstract Mode Changed: 0
Refreshed ReLu nodes: 0
Abstract Mode Changed: 0
Refreshed ReLu nodes: 0
Abstract Mode Changed: 0
Refreshed ReLu nodes: 0
Abstract Mode Changed: 0
Refreshed ReLu nodes: 0
Abstract Mode Changed: 0
Refreshed ReLu nodes: 0
Abstract Mode Changed: 0
Refreshed ReLu nodes: 0
Abstract Mode Changed: 0
Refreshed ReLu nodes: 0
Abstract Mode Changed: 0
Refreshed ReLu nodes: 0
Abstract Mode Changed: 0
Refreshed ReLu nodes: 0
Abstract Mode Changed: 0
Refreshed ReLu nodes: 0
Abstract Mode Changed: 0
Refreshed ReLu nodes: 0
Abstract Mode Changed: 0
Refreshed ReLu nodes: 0
Abstract Mode Changed: 0
Refreshed ReLu nodes: 0
Abstract Mode Changed: 0
Refreshed ReLu nodes: 0
Split: 0 Area: 99.99999999999106
properties/mnist_47_local_property.in DeepSRGR Failed!
properties/mnist_47_local_property.in Running Time 7292.726305484772
DeepPoly Verified: 0 DeepSRGR Verified: 2
Min Time: 1414.150642633438 Max Time 8540.440982818604 Avg Time 1420.5390901708604
Passlist: [8, 12]
Nopasslist: [1, 9, 15, 17, 19, 21, 23, 24, 25, 35, 36, 38, 47]
