Verifying Network: rlv/caffeprototxt_AI2_MNIST_FNN_6_testNetworkB.rlv
properties/mnist_0_local_property.in DeepPoly Success!
Property Verified
properties/mnist_0_local_property.in DeepSRGR Success!
properties/mnist_0_local_property.in Running Time 25.902551651000977
properties/mnist_1_local_property.in DeepPoly Failed!
Abstract Mode Changed: 0
Refreshed ReLu nodes: 1
Abstract Mode Changed: 14
Refreshed ReLu nodes: 1
Abstract Mode Changed: 6
Refreshed ReLu nodes: 0
Abstract Mode Changed: 0
Refreshed ReLu nodes: 0
Abstract Mode Changed: 0
Refreshed ReLu nodes: 0
Split: 0 Area: 99.99999999998899
properties/mnist_1_local_property.in DeepSRGR Failed!
properties/mnist_1_local_property.in Running Time 5325.328842878342
properties/mnist_2_local_property.in DeepPoly Success!
Property Verified
properties/mnist_2_local_property.in DeepSRGR Success!
properties/mnist_2_local_property.in Running Time 24.67548418045044
properties/mnist_3_local_property.in DeepPoly Success!
Property Verified
properties/mnist_3_local_property.in DeepSRGR Success!
properties/mnist_3_local_property.in Running Time 23.574086904525757
properties/mnist_4_local_property.in DeepPoly Success!
Property Verified
properties/mnist_4_local_property.in DeepSRGR Success!
properties/mnist_4_local_property.in Running Time 22.21571636199951
properties/mnist_5_local_property.in DeepPoly Failed!
Abstract Mode Changed: 0
Refreshed ReLu nodes: 22
Abstract Mode Changed: 19
Refreshed ReLu nodes: 169
Abstract Mode Changed: 37
Split: 0 Infeasible
verification neuron: 3 Unsafe Overapproximate(Box)%: 0
Abstract Mode Changed: 0
Refreshed ReLu nodes: 19
Abstract Mode Changed: 16
Refreshed ReLu nodes: 33
Abstract Mode Changed: 18
Refreshed ReLu nodes: 152
Abstract Mode Changed: 27
Split: 0 Infeasible
verification neuron: 0 Unsafe Overapproximate(Box)%: 0
Abstract Mode Changed: 0
Refreshed ReLu nodes: 24
Abstract Mode Changed: 15
Refreshed ReLu nodes: 59
Abstract Mode Changed: 13
Split: 0 Infeasible
verification neuron: 5 Unsafe Overapproximate(Box)%: 0
Abstract Mode Changed: 0
Refreshed ReLu nodes: 18
Abstract Mode Changed: 11
Refreshed ReLu nodes: 7
Abstract Mode Changed: 8
Refreshed ReLu nodes: 17
Abstract Mode Changed: 9
Refreshed ReLu nodes: 31
Abstract Mode Changed: 11
Refreshed ReLu nodes: 238
Split: 0 Area: 99.99999999998299
properties/mnist_5_local_property.in DeepSRGR Failed!
properties/mnist_5_local_property.in Running Time 14560.286235809326
properties/mnist_6_local_property.in DeepPoly Failed!
Abstract Mode Changed: 0
Refreshed ReLu nodes: 219
Abstract Mode Changed: 28
Split: 0 Infeasible
verification neuron: 7 Unsafe Overapproximate(Box)%: 0
Overall Unsafe Overapproximate(Area)% 0
Overall Unsafe Overapproximate(Smart Area)% 0.0
Overall Unsafe Overapproximate(Box)%: 0.0
Overall Unsafe Overapproximate(Deeppoly)%: 100.0
properties/mnist_6_local_property.in DeepSRGR Success!
properties/mnist_6_local_property.in Running Time 1071.164899110794
properties/mnist_7_local_property.in DeepPoly Failed!
Abstract Mode Changed: 0
Refreshed ReLu nodes: 3
Abstract Mode Changed: 14
Refreshed ReLu nodes: 3
Abstract Mode Changed: 2
Refreshed ReLu nodes: 2
Abstract Mode Changed: 1
Refreshed ReLu nodes: 0
Abstract Mode Changed: 0
Refreshed ReLu nodes: 0
Split: 0 Area: 99.99999999998272
properties/mnist_7_local_property.in DeepSRGR Failed!
properties/mnist_7_local_property.in Running Time 5201.720304965973
properties/mnist_8_local_property.in DeepPoly Failed!
Abstract Mode Changed: 0
Refreshed ReLu nodes: 8
Abstract Mode Changed: 10
Refreshed ReLu nodes: 3
Abstract Mode Changed: 2
Refreshed ReLu nodes: 0
Abstract Mode Changed: 1
Refreshed ReLu nodes: 1
Abstract Mode Changed: 0
Refreshed ReLu nodes: 0
Split: 0 Area: 99.99999999998094
properties/mnist_8_local_property.in DeepSRGR Failed!
properties/mnist_8_local_property.in Running Time 5076.395049333572
properties/mnist_9_local_property.in DeepPoly Failed!
Abstract Mode Changed: 0
Refreshed ReLu nodes: 16
Abstract Mode Changed: 16
Refreshed ReLu nodes: 4
Abstract Mode Changed: 3
Refreshed ReLu nodes: 1
Abstract Mode Changed: 0
Refreshed ReLu nodes: 0
Abstract Mode Changed: 2
Refreshed ReLu nodes: 0
Split: 0 Area: 99.99999999997992
properties/mnist_9_local_property.in DeepSRGR Failed!
properties/mnist_9_local_property.in Running Time 5359.488614320755
properties/mnist_10_local_property.in DeepPoly Success!
Property Verified
properties/mnist_10_local_property.in DeepSRGR Success!
properties/mnist_10_local_property.in Running Time 24.328364610671997
properties/mnist_11_local_property.in DeepPoly Failed!
Abstract Mode Changed: 0
Refreshed ReLu nodes: 422
Abstract Mode Changed: 23
Split: 0 Infeasible
verification neuron: 2 Unsafe Overapproximate(Box)%: 0
Abstract Mode Changed: 0
Refreshed ReLu nodes: 252
Abstract Mode Changed: 33
Split: 0 Infeasible
verification neuron: 5 Unsafe Overapproximate(Box)%: 0
Abstract Mode Changed: 0
Refreshed ReLu nodes: 189
Abstract Mode Changed: 29
Split: 0 Infeasible
verification neuron: 0 Unsafe Overapproximate(Box)%: 0
Abstract Mode Changed: 0
Refreshed ReLu nodes: 115
Abstract Mode Changed: 25
Split: 0 Infeasible
verification neuron: 1 Unsafe Overapproximate(Box)%: 0
Abstract Mode Changed: 0
Refreshed ReLu nodes: 129
Abstract Mode Changed: 26
Split: 0 Infeasible
verification neuron: 4 Unsafe Overapproximate(Box)%: 0
Abstract Mode Changed: 0
Refreshed ReLu nodes: 75
Abstract Mode Changed: 18
Split: 0 Infeasible
verification neuron: 7 Unsafe Overapproximate(Box)%: 0
Abstract Mode Changed: 0
Refreshed ReLu nodes: 42
Abstract Mode Changed: 21
Split: 0 Infeasible
verification neuron: 3 Unsafe Overapproximate(Box)%: 0
Abstract Mode Changed: 0
Refreshed ReLu nodes: 26
Abstract Mode Changed: 16
Refreshed ReLu nodes: 166
Abstract Mode Changed: 23
Split: 0 Infeasible
verification neuron: 8 Unsafe Overapproximate(Box)%: 0
Abstract Mode Changed: 0
Refreshed ReLu nodes: 29
Abstract Mode Changed: 18
Refreshed ReLu nodes: 241
Abstract Mode Changed: 31
Split: 0 Infeasible
verification neuron: 6 Unsafe Overapproximate(Box)%: 0
Overall Unsafe Overapproximate(Area)% 0
Overall Unsafe Overapproximate(Smart Area)% 0.0
Overall Unsafe Overapproximate(Box)%: 0.0
Overall Unsafe Overapproximate(Deeppoly)%: 100.0
properties/mnist_11_local_property.in DeepSRGR Success!
properties/mnist_11_local_property.in Running Time 14014.947241544724
properties/mnist_12_local_property.in DeepPoly Failed!
Abstract Mode Changed: 0
Refreshed ReLu nodes: 11
Abstract Mode Changed: 9
Refreshed ReLu nodes: 11
Abstract Mode Changed: 9
Refreshed ReLu nodes: 9
Abstract Mode Changed: 12
Refreshed ReLu nodes: 44
Abstract Mode Changed: 9
Split: 0 Infeasible
verification neuron: 1 Unsafe Overapproximate(Box)%: 0
Abstract Mode Changed: 0
Refreshed ReLu nodes: 11
Abstract Mode Changed: 11
Refreshed ReLu nodes: 12
Abstract Mode Changed: 6
Refreshed ReLu nodes: 9
Abstract Mode Changed: 1
Refreshed ReLu nodes: 7
Abstract Mode Changed: 9
Refreshed ReLu nodes: 25
Split: 0 Area: 99.99999999997229
properties/mnist_12_local_property.in DeepSRGR Failed!
properties/mnist_12_local_property.in Running Time 9953.299762964249
properties/mnist_13_local_property.in DeepPoly Failed!
Abstract Mode Changed: 0
Refreshed ReLu nodes: 13
Abstract Mode Changed: 21
Refreshed ReLu nodes: 43
Abstract Mode Changed: 19
Split: 0 Infeasible
verification neuron: 6 Unsafe Overapproximate(Box)%: 0
Abstract Mode Changed: 0
Refreshed ReLu nodes: 13
Abstract Mode Changed: 13
Refreshed ReLu nodes: 12
Abstract Mode Changed: 10
Refreshed ReLu nodes: 27
Abstract Mode Changed: 18
Refreshed ReLu nodes: 240
Abstract Mode Changed: 34
Split: 0 Infeasible
verification neuron: 0 Unsafe Overapproximate(Box)%: 0
Abstract Mode Changed: 0
Refreshed ReLu nodes: 13
Abstract Mode Changed: 15
Refreshed ReLu nodes: 10
Abstract Mode Changed: 5
Refreshed ReLu nodes: 13
Abstract Mode Changed: 12
Refreshed ReLu nodes: 49
Abstract Mode Changed: 9
Split: 0 Infeasible
verification neuron: 8 Unsafe Overapproximate(Box)%: 0
Abstract Mode Changed: 0
Refreshed ReLu nodes: 13
Abstract Mode Changed: 13
Refreshed ReLu nodes: 10
Abstract Mode Changed: 5
Refreshed ReLu nodes: 8
Abstract Mode Changed: 10
Refreshed ReLu nodes: 9
Abstract Mode Changed: 7
Refreshed ReLu nodes: 25
Split: 0 Area: 99.99999999997604
properties/mnist_13_local_property.in DeepSRGR Failed!
properties/mnist_13_local_property.in Running Time 20546.770899295807
properties/mnist_14_local_property.in DeepPoly Failed!
Abstract Mode Changed: 0
Refreshed ReLu nodes: 249
Abstract Mode Changed: 16
Split: 0 Infeasible
verification neuron: 0 Unsafe Overapproximate(Box)%: 0
Overall Unsafe Overapproximate(Area)% 0
Overall Unsafe Overapproximate(Smart Area)% 0.0
Overall Unsafe Overapproximate(Box)%: 0.0
Overall Unsafe Overapproximate(Deeppoly)%: 100.0
properties/mnist_14_local_property.in DeepSRGR Success!
properties/mnist_14_local_property.in Running Time 1020.7007660865784
properties/mnist_15_local_property.in DeepPoly Failed!
Abstract Mode Changed: 0
Refreshed ReLu nodes: 4
Abstract Mode Changed: 5
Refreshed ReLu nodes: 4
Abstract Mode Changed: 2
Refreshed ReLu nodes: 3
Abstract Mode Changed: 0
Refreshed ReLu nodes: 1
Abstract Mode Changed: 0
Refreshed ReLu nodes: 0
Split: 0 Area: 99.99999999997355
properties/mnist_15_local_property.in DeepSRGR Failed!
properties/mnist_15_local_property.in Running Time 5193.144646167755
properties/mnist_16_local_property.in DeepPoly Failed!
Abstract Mode Changed: 0
Refreshed ReLu nodes: 216
Abstract Mode Changed: 32
Split: 0 Infeasible
verification neuron: 6 Unsafe Overapproximate(Box)%: 0
Abstract Mode Changed: 0
Refreshed ReLu nodes: 120
Abstract Mode Changed: 33
Split: 0 Infeasible
verification neuron: 0 Unsafe Overapproximate(Box)%: 0
Abstract Mode Changed: 0
Refreshed ReLu nodes: 72
Abstract Mode Changed: 24
Split: 0 Infeasible
verification neuron: 1 Unsafe Overapproximate(Box)%: 0
Abstract Mode Changed: 0
Refreshed ReLu nodes: 20
Abstract Mode Changed: 25
Refreshed ReLu nodes: 203
Abstract Mode Changed: 29
Split: 0 Infeasible
verification neuron: 3 Unsafe Overapproximate(Box)%: 0
Abstract Mode Changed: 0
Refreshed ReLu nodes: 19
Abstract Mode Changed: 21
Refreshed ReLu nodes: 94
Abstract Mode Changed: 12
Split: 0 Infeasible
verification neuron: 5 Unsafe Overapproximate(Box)%: 0
Abstract Mode Changed: 0
Refreshed ReLu nodes: 24
Abstract Mode Changed: 20
Refreshed ReLu nodes: 134
Abstract Mode Changed: 23
Split: 0 Infeasible
verification neuron: 8 Unsafe Overapproximate(Box)%: 0
Abstract Mode Changed: 0
Refreshed ReLu nodes: 24
Abstract Mode Changed: 22
Refreshed ReLu nodes: 335
Abstract Mode Changed: 24
Split: 0 Infeasible
verification neuron: 2 Unsafe Overapproximate(Box)%: 0
Abstract Mode Changed: 0
Refreshed ReLu nodes: 17
Abstract Mode Changed: 13
Refreshed ReLu nodes: 45
Abstract Mode Changed: 19
Refreshed ReLu nodes: 216
Abstract Mode Changed: 30
Split: 0 Infeasible
verification neuron: 7 Unsafe Overapproximate(Box)%: 0
Abstract Mode Changed: 0
Refreshed ReLu nodes: 18
Abstract Mode Changed: 10
Refreshed ReLu nodes: 31
Abstract Mode Changed: 6
Refreshed ReLu nodes: 61
Abstract Mode Changed: 13
Refreshed ReLu nodes: 139
Abstract Mode Changed: 18
Split: 0 Infeasible
verification neuron: 4 Unsafe Overapproximate(Box)%: 0
Overall Unsafe Overapproximate(Area)% 0
Overall Unsafe Overapproximate(Smart Area)% 0.0
Overall Unsafe Overapproximate(Box)%: 0.0
Overall Unsafe Overapproximate(Deeppoly)%: 100.0
properties/mnist_16_local_property.in DeepSRGR Success!
properties/mnist_16_local_property.in Running Time 23157.544641256332
properties/mnist_17_local_property.in DeepPoly Failed!
Abstract Mode Changed: 0
Refreshed ReLu nodes: 19
Abstract Mode Changed: 19
Refreshed ReLu nodes: 298
Abstract Mode Changed: 30
Split: 0 Infeasible
verification neuron: 1 Unsafe Overapproximate(Box)%: 0
Abstract Mode Changed: 0
Refreshed ReLu nodes: 12
Abstract Mode Changed: 9
Refreshed ReLu nodes: 21
Abstract Mode Changed: 13
Refreshed ReLu nodes: 71
Abstract Mode Changed: 14
Split: 0 Infeasible
verification neuron: 7 Unsafe Overapproximate(Box)%: 0
Abstract Mode Changed: 0
Refreshed ReLu nodes: 11
Abstract Mode Changed: 6
Refreshed ReLu nodes: 10
Abstract Mode Changed: 4
Refreshed ReLu nodes: 8
Abstract Mode Changed: 5
Refreshed ReLu nodes: 7
Abstract Mode Changed: 2
Refreshed ReLu nodes: 34
Split: 0 Area: 99.99999999997586
properties/mnist_17_local_property.in DeepSRGR Failed!
properties/mnist_17_local_property.in Running Time 11971.848297595978
properties/mnist_18_local_property.in DeepPoly Failed!
Abstract Mode Changed: 0
Refreshed ReLu nodes: 117
Abstract Mode Changed: 28
Split: 0 Infeasible
verification neuron: 3 Unsafe Overapproximate(Box)%: 0
Abstract Mode Changed: 0
Refreshed ReLu nodes: 56
Abstract Mode Changed: 19
Split: 0 Infeasible
verification neuron: 5 Unsafe Overapproximate(Box)%: 0
Abstract Mode Changed: 0
Refreshed ReLu nodes: 38
Abstract Mode Changed: 27
Split: 0 Infeasible
verification neuron: 1 Unsafe Overapproximate(Box)%: 0
Abstract Mode Changed: 0
Refreshed ReLu nodes: 31
Abstract Mode Changed: 22
Split: 0 Infeasible
verification neuron: 4 Unsafe Overapproximate(Box)%: 0
Abstract Mode Changed: 0
Refreshed ReLu nodes: 18
Abstract Mode Changed: 18
Refreshed ReLu nodes: 65
Abstract Mode Changed: 21
Split: 0 Infeasible
verification neuron: 8 Unsafe Overapproximate(Box)%: 0
Abstract Mode Changed: 0
Refreshed ReLu nodes: 20
Abstract Mode Changed: 16
Refreshed ReLu nodes: 49
Abstract Mode Changed: 18
Split: 0 Infeasible
verification neuron: 6 Unsafe Overapproximate(Box)%: 0
Overall Unsafe Overapproximate(Area)% 0
Overall Unsafe Overapproximate(Smart Area)% 0.0
Overall Unsafe Overapproximate(Box)%: 0.0
Overall Unsafe Overapproximate(Deeppoly)%: 100.0
properties/mnist_18_local_property.in DeepSRGR Success!
properties/mnist_18_local_property.in Running Time 9833.29776263237
properties/mnist_19_local_property.in DeepPoly Failed!
Abstract Mode Changed: 0
Refreshed ReLu nodes: 384
Abstract Mode Changed: 13
Split: 0 Infeasible
verification neuron: 5 Unsafe Overapproximate(Box)%: 0
Abstract Mode Changed: 0
Refreshed ReLu nodes: 78
Abstract Mode Changed: 14
Split: 0 Infeasible
verification neuron: 4 Unsafe Overapproximate(Box)%: 0
Abstract Mode Changed: 0
Refreshed ReLu nodes: 37
Abstract Mode Changed: 20
Split: 0 Infeasible
verification neuron: 8 Unsafe Overapproximate(Box)%: 0
Abstract Mode Changed: 0
Refreshed ReLu nodes: 47
Abstract Mode Changed: 12
Split: 0 Infeasible
verification neuron: 0 Unsafe Overapproximate(Box)%: 0
Abstract Mode Changed: 0
Refreshed ReLu nodes: 26
Abstract Mode Changed: 8
Refreshed ReLu nodes: 52
Abstract Mode Changed: 11
Split: 0 Infeasible
verification neuron: 1 Unsafe Overapproximate(Box)%: 0
Abstract Mode Changed: 0
Refreshed ReLu nodes: 33
Abstract Mode Changed: 11
Refreshed ReLu nodes: 268
Abstract Mode Changed: 20
Split: 0 Infeasible
verification neuron: 7 Unsafe Overapproximate(Box)%: 0
Abstract Mode Changed: 0
Refreshed ReLu nodes: 27
Abstract Mode Changed: 9
Refreshed ReLu nodes: 91
Abstract Mode Changed: 21
Split: 0 Infeasible
verification neuron: 3 Unsafe Overapproximate(Box)%: 0
Abstract Mode Changed: 0
Refreshed ReLu nodes: 16
Abstract Mode Changed: 4
Refreshed ReLu nodes: 7
Abstract Mode Changed: 1
Refreshed ReLu nodes: 10
Abstract Mode Changed: 2
Refreshed ReLu nodes: 8
Abstract Mode Changed: 0
Refreshed ReLu nodes: 3
Split: 0 Area: 99.99999999997058
properties/mnist_19_local_property.in DeepSRGR Failed!
properties/mnist_19_local_property.in Running Time 18541.537180423737
properties/mnist_20_local_property.in DeepPoly Success!
Property Verified
properties/mnist_20_local_property.in DeepSRGR Success!
properties/mnist_20_local_property.in Running Time 22.72886371612549
properties/mnist_21_local_property.in DeepPoly Failed!
Abstract Mode Changed: 0
Refreshed ReLu nodes: 0
Abstract Mode Changed: 14
Refreshed ReLu nodes: 0
Abstract Mode Changed: 3
Refreshed ReLu nodes: 0
Abstract Mode Changed: 2
Refreshed ReLu nodes: 0
Abstract Mode Changed: 0
Refreshed ReLu nodes: 0
Split: 0 Area: 99.9999999999938
properties/mnist_21_local_property.in DeepSRGR Failed!
properties/mnist_21_local_property.in Running Time 5148.050190210342
properties/mnist_22_local_property.in DeepPoly Failed!
Abstract Mode Changed: 0
Refreshed ReLu nodes: 8
Abstract Mode Changed: 17
Refreshed ReLu nodes: 15
Abstract Mode Changed: 19
Refreshed ReLu nodes: 38
Abstract Mode Changed: 16
Split: 0 Infeasible
verification neuron: 1 Unsafe Overapproximate(Box)%: 0
Abstract Mode Changed: 0
Refreshed ReLu nodes: 8
Abstract Mode Changed: 15
Refreshed ReLu nodes: 19
Abstract Mode Changed: 12
Refreshed ReLu nodes: 20
Abstract Mode Changed: 17
Refreshed ReLu nodes: 75
Abstract Mode Changed: 30
Split: 0 Infeasible
verification neuron: 6 Unsafe Overapproximate(Box)%: 0
Abstract Mode Changed: 0
Refreshed ReLu nodes: 8
Abstract Mode Changed: 13
Refreshed ReLu nodes: 12
Abstract Mode Changed: 10
Refreshed ReLu nodes: 15
Abstract Mode Changed: 11
Refreshed ReLu nodes: 35
Abstract Mode Changed: 17
Split: 0 Infeasible
verification neuron: 4 Unsafe Overapproximate(Box)%: 0
Abstract Mode Changed: 0
Refreshed ReLu nodes: 8
Abstract Mode Changed: 10
Refreshed ReLu nodes: 12
Abstract Mode Changed: 4
Refreshed ReLu nodes: 12
Abstract Mode Changed: 6
Refreshed ReLu nodes: 6
Abstract Mode Changed: 4
Refreshed ReLu nodes: 2
Split: 0 Area: 99.99999999997709
properties/mnist_22_local_property.in DeepSRGR Failed!
properties/mnist_22_local_property.in Running Time 19449.4567964077
properties/mnist_23_local_property.in DeepPoly Failed!
Abstract Mode Changed: 0
Refreshed ReLu nodes: 13
Abstract Mode Changed: 7
Refreshed ReLu nodes: 6
Abstract Mode Changed: 2
Refreshed ReLu nodes: 1
Abstract Mode Changed: 1
Refreshed ReLu nodes: 0
Abstract Mode Changed: 0
Refreshed ReLu nodes: 0
Split: 0 Area: 99.99999999997488
properties/mnist_23_local_property.in DeepSRGR Failed!
properties/mnist_23_local_property.in Running Time 5224.333487033844
properties/mnist_24_local_property.in DeepPoly Failed!
Abstract Mode Changed: 0
Refreshed ReLu nodes: 4
Abstract Mode Changed: 11
Refreshed ReLu nodes: 4
Abstract Mode Changed: 6
Refreshed ReLu nodes: 1
Abstract Mode Changed: 3
Refreshed ReLu nodes: 0
Abstract Mode Changed: 1
Refreshed ReLu nodes: 0
Split: 0 Area: 99.99999999998067
properties/mnist_24_local_property.in DeepSRGR Failed!
properties/mnist_24_local_property.in Running Time 5315.104004859924
properties/mnist_25_local_property.in DeepPoly Failed!
Abstract Mode Changed: 0
Refreshed ReLu nodes: 4
Abstract Mode Changed: 12
Refreshed ReLu nodes: 4
Abstract Mode Changed: 2
Refreshed ReLu nodes: 2
Abstract Mode Changed: 4
Refreshed ReLu nodes: 1
Abstract Mode Changed: 0
Refreshed ReLu nodes: 0
Split: 0 Area: 99.99999999998217
properties/mnist_25_local_property.in DeepSRGR Failed!
properties/mnist_25_local_property.in Running Time 5827.224556446075
properties/mnist_26_local_property.in DeepPoly Failed!
Abstract Mode Changed: 0
Split: 0 Infeasible
verification neuron: 4 Unsafe Overapproximate(Box)%: 0
Abstract Mode Changed: 0
Refreshed ReLu nodes: 264
Abstract Mode Changed: 37
Split: 0 Infeasible
verification neuron: 0 Unsafe Overapproximate(Box)%: 0
Abstract Mode Changed: 0
Refreshed ReLu nodes: 203
Abstract Mode Changed: 35
Split: 0 Infeasible
verification neuron: 3 Unsafe Overapproximate(Box)%: 0
Abstract Mode Changed: 0
Refreshed ReLu nodes: 57
Abstract Mode Changed: 25
Split: 0 Infeasible
verification neuron: 1 Unsafe Overapproximate(Box)%: 0
Abstract Mode Changed: 0
Refreshed ReLu nodes: 38
Abstract Mode Changed: 22
Refreshed ReLu nodes: 205
Abstract Mode Changed: 22
Split: 0 Infeasible
verification neuron: 8 Unsafe Overapproximate(Box)%: 0
Abstract Mode Changed: 0
Refreshed ReLu nodes: 25
Abstract Mode Changed: 12
Refreshed ReLu nodes: 64
Abstract Mode Changed: 22
Split: 0 Infeasible
verification neuron: 2 Unsafe Overapproximate(Box)%: 0
Abstract Mode Changed: 0
Refreshed ReLu nodes: 18
Abstract Mode Changed: 4
Refreshed ReLu nodes: 13
Abstract Mode Changed: 3
Refreshed ReLu nodes: 17
Abstract Mode Changed: 3
Refreshed ReLu nodes: 11
Abstract Mode Changed: 2
Refreshed ReLu nodes: 5
Split: 0 Area: 99.99999999996786
properties/mnist_26_local_property.in DeepSRGR Failed!
properties/mnist_26_local_property.in Running Time 13865.359870433807
properties/mnist_27_local_property.in DeepPoly Success!
Property Verified
properties/mnist_27_local_property.in DeepSRGR Success!
properties/mnist_27_local_property.in Running Time 23.197125673294067
properties/mnist_28_local_property.in DeepPoly Failed!
Abstract Mode Changed: 0
Refreshed ReLu nodes: 3
Abstract Mode Changed: 11
Refreshed ReLu nodes: 2
Abstract Mode Changed: 3
Refreshed ReLu nodes: 2
Abstract Mode Changed: 4
Refreshed ReLu nodes: 0
Abstract Mode Changed: 0
Refreshed ReLu nodes: 0
Split: 0 Area: 99.99999999997519
properties/mnist_28_local_property.in DeepSRGR Failed!
properties/mnist_28_local_property.in Running Time 5844.214570045471
properties/mnist_29_local_property.in DeepPoly Success!
Property Verified
properties/mnist_29_local_property.in DeepSRGR Success!
properties/mnist_29_local_property.in Running Time 25.43442177772522
properties/mnist_30_local_property.in DeepPoly Failed!
Abstract Mode Changed: 0
Split: 0 Infeasible
verification neuron: 5 Unsafe Overapproximate(Box)%: 0
Abstract Mode Changed: 0
Split: 0 Infeasible
verification neuron: 7 Unsafe Overapproximate(Box)%: 0
Overall Unsafe Overapproximate(Area)% 0
Overall Unsafe Overapproximate(Smart Area)% 0.0
Overall Unsafe Overapproximate(Box)%: 0.0
Overall Unsafe Overapproximate(Deeppoly)%: 100.0
properties/mnist_30_local_property.in DeepSRGR Success!
properties/mnist_30_local_property.in Running Time 119.8333146572113
properties/mnist_31_local_property.in DeepPoly Success!
Property Verified
properties/mnist_31_local_property.in DeepSRGR Success!
properties/mnist_31_local_property.in Running Time 24.621322631835938
properties/mnist_32_local_property.in DeepPoly Failed!
Abstract Mode Changed: 0
Refreshed ReLu nodes: 139
Abstract Mode Changed: 30
Split: 0 Infeasible
verification neuron: 7 Unsafe Overapproximate(Box)%: 0
Overall Unsafe Overapproximate(Area)% 0
Overall Unsafe Overapproximate(Smart Area)% 0.0
Overall Unsafe Overapproximate(Box)%: 0.0
Overall Unsafe Overapproximate(Deeppoly)%: 100.0
properties/mnist_32_local_property.in DeepSRGR Success!
properties/mnist_32_local_property.in Running Time 1129.0623030662537
properties/mnist_33_local_property.in DeepPoly Failed!
Abstract Mode Changed: 0
Refreshed ReLu nodes: 51
Abstract Mode Changed: 40
Split: 0 Infeasible
verification neuron: 6 Unsafe Overapproximate(Box)%: 0
Abstract Mode Changed: 0
Refreshed ReLu nodes: 13
Abstract Mode Changed: 28
Refreshed ReLu nodes: 177
Abstract Mode Changed: 30
Split: 0 Infeasible
verification neuron: 0 Unsafe Overapproximate(Box)%: 0
Abstract Mode Changed: 0
Refreshed ReLu nodes: 12
Abstract Mode Changed: 19
Refreshed ReLu nodes: 18
Abstract Mode Changed: 13
Refreshed ReLu nodes: 300
Abstract Mode Changed: 36
Split: 0 Infeasible
verification neuron: 4 Unsafe Overapproximate(Box)%: 0
Abstract Mode Changed: 0
Refreshed ReLu nodes: 12
Abstract Mode Changed: 13
Refreshed ReLu nodes: 10
Abstract Mode Changed: 14
Refreshed ReLu nodes: 21
Abstract Mode Changed: 16
Refreshed ReLu nodes: 49
Abstract Mode Changed: 14
Refreshed ReLu nodes: 364
Split: 0 Area: 99.99999999998082
properties/mnist_33_local_property.in DeepSRGR Failed!
properties/mnist_33_local_property.in Running Time 14503.924091339111
properties/mnist_34_local_property.in DeepPoly Failed!
Abstract Mode Changed: 0
Refreshed ReLu nodes: 30
Abstract Mode Changed: 27
Split: 0 Infeasible
verification neuron: 6 Unsafe Overapproximate(Box)%: 0
Abstract Mode Changed: 0
Refreshed ReLu nodes: 12
Abstract Mode Changed: 15
Refreshed ReLu nodes: 44
Abstract Mode Changed: 20
Split: 0 Infeasible
verification neuron: 8 Unsafe Overapproximate(Box)%: 0
Abstract Mode Changed: 0
Refreshed ReLu nodes: 14
Abstract Mode Changed: 16
Refreshed ReLu nodes: 20
Abstract Mode Changed: 12
Refreshed ReLu nodes: 104
Abstract Mode Changed: 25
Split: 0 Infeasible
verification neuron: 0 Unsafe Overapproximate(Box)%: 0
Abstract Mode Changed: 0
Refreshed ReLu nodes: 12
Abstract Mode Changed: 10
Refreshed ReLu nodes: 11
Abstract Mode Changed: 13
Refreshed ReLu nodes: 48
Abstract Mode Changed: 19
Split: 0 Infeasible
verification neuron: 3 Unsafe Overapproximate(Box)%: 0
Abstract Mode Changed: 0
Refreshed ReLu nodes: 16
Abstract Mode Changed: 16
Refreshed ReLu nodes: 32
Abstract Mode Changed: 12
Refreshed ReLu nodes: 475
Abstract Mode Changed: 18
Split: 0 Infeasible
verification neuron: 1 Unsafe Overapproximate(Box)%: 0
Abstract Mode Changed: 0
Refreshed ReLu nodes: 13
Abstract Mode Changed: 12
Refreshed ReLu nodes: 7
Abstract Mode Changed: 14
Refreshed ReLu nodes: 17
Abstract Mode Changed: 6
Refreshed ReLu nodes: 43
Abstract Mode Changed: 10
Refreshed ReLu nodes: 572
Split: 0 Area: 0.24472714428957656
properties/mnist_34_local_property.in DeepSRGR Failed!
properties/mnist_34_local_property.in Running Time 21005.277016878128
properties/mnist_35_local_property.in DeepPoly Failed!
Abstract Mode Changed: 0
Refreshed ReLu nodes: 21
Abstract Mode Changed: 8
Refreshed ReLu nodes: 23
Abstract Mode Changed: 5
Refreshed ReLu nodes: 52
Abstract Mode Changed: 6
Refreshed ReLu nodes: 126
Abstract Mode Changed: 17
Split: 0 Infeasible
verification neuron: 1 Unsafe Overapproximate(Box)%: 0
Abstract Mode Changed: 0
Refreshed ReLu nodes: 19
Abstract Mode Changed: 5
Refreshed ReLu nodes: 9
Abstract Mode Changed: 7
Refreshed ReLu nodes: 24
Abstract Mode Changed: 5
Refreshed ReLu nodes: 23
Abstract Mode Changed: 3
Refreshed ReLu nodes: 62
Split: 0 Area: 99.99999999995953
properties/mnist_35_local_property.in DeepSRGR Failed!
properties/mnist_35_local_property.in Running Time 9948.864740610123
properties/mnist_36_local_property.in DeepPoly Failed!
Abstract Mode Changed: 0
Refreshed ReLu nodes: 65
Abstract Mode Changed: 28
Split: 0 Infeasible
verification neuron: 1 Unsafe Overapproximate(Box)%: 0
Abstract Mode Changed: 0
Refreshed ReLu nodes: 26
Abstract Mode Changed: 22
Refreshed ReLu nodes: 52
Abstract Mode Changed: 14
Split: 0 Infeasible
verification neuron: 7 Unsafe Overapproximate(Box)%: 0
Abstract Mode Changed: 0
Refreshed ReLu nodes: 19
Abstract Mode Changed: 9
Refreshed ReLu nodes: 14
Abstract Mode Changed: 5
Refreshed ReLu nodes: 9
Abstract Mode Changed: 7
Refreshed ReLu nodes: 10
Abstract Mode Changed: 5
Refreshed ReLu nodes: 15
Split: 0 Area: 99.99999999997281
properties/mnist_36_local_property.in DeepSRGR Failed!
properties/mnist_36_local_property.in Running Time 8784.341341257095
properties/mnist_37_local_property.in DeepPoly Success!
Property Verified
properties/mnist_37_local_property.in DeepSRGR Success!
properties/mnist_37_local_property.in Running Time 23.291837215423584
properties/mnist_38_local_property.in DeepPoly Failed!
Abstract Mode Changed: 0
Refreshed ReLu nodes: 37
Abstract Mode Changed: 5
Refreshed ReLu nodes: 13
Abstract Mode Changed: 3
Refreshed ReLu nodes: 6
Abstract Mode Changed: 0
Refreshed ReLu nodes: 5
Abstract Mode Changed: 0
Refreshed ReLu nodes: 2
Split: 0 Area: 99.99999999995055
properties/mnist_38_local_property.in DeepSRGR Failed!
properties/mnist_38_local_property.in Running Time 4641.601069927216
properties/mnist_39_local_property.in DeepPoly Failed!
Abstract Mode Changed: 0
Refreshed ReLu nodes: 9
Abstract Mode Changed: 9
Refreshed ReLu nodes: 8
Abstract Mode Changed: 3
Refreshed ReLu nodes: 0
Abstract Mode Changed: 3
Refreshed ReLu nodes: 1
Abstract Mode Changed: 3
Refreshed ReLu nodes: 1
Split: 0 Area: 99.99999999997905
properties/mnist_39_local_property.in DeepSRGR Failed!
properties/mnist_39_local_property.in Running Time 5613.793658494949
properties/mnist_40_local_property.in DeepPoly Failed!
Abstract Mode Changed: 0
Refreshed ReLu nodes: 52
Abstract Mode Changed: 25
Split: 0 Infeasible
verification neuron: 4 Unsafe Overapproximate(Box)%: 0
Abstract Mode Changed: 0
Refreshed ReLu nodes: 54
Abstract Mode Changed: 33
Split: 0 Infeasible
verification neuron: 3 Unsafe Overapproximate(Box)%: 0
Abstract Mode Changed: 0
Refreshed ReLu nodes: 33
Abstract Mode Changed: 30
Split: 0 Infeasible
verification neuron: 5 Unsafe Overapproximate(Box)%: 0
Abstract Mode Changed: 0
Refreshed ReLu nodes: 19
Abstract Mode Changed: 16
Refreshed ReLu nodes: 262
Abstract Mode Changed: 31
Split: 0 Infeasible
verification neuron: 1 Unsafe Overapproximate(Box)%: 0
Abstract Mode Changed: 0
Refreshed ReLu nodes: 22
Abstract Mode Changed: 18
Refreshed ReLu nodes: 180
Abstract Mode Changed: 29
Split: 0 Infeasible
verification neuron: 8 Unsafe Overapproximate(Box)%: 0
Abstract Mode Changed: 0
Refreshed ReLu nodes: 32
Abstract Mode Changed: 24
Split: 0 Infeasible
verification neuron: 6 Unsafe Overapproximate(Box)%: 0
Overall Unsafe Overapproximate(Area)% 0
Overall Unsafe Overapproximate(Smart Area)% 0.0
Overall Unsafe Overapproximate(Box)%: 0.0
Overall Unsafe Overapproximate(Deeppoly)%: 100.0
properties/mnist_40_local_property.in DeepSRGR Success!
properties/mnist_40_local_property.in Running Time 9887.202169656754
properties/mnist_41_local_property.in DeepPoly Failed!
Abstract Mode Changed: 0
Refreshed ReLu nodes: 254
Abstract Mode Changed: 37
Split: 0 Infeasible
verification neuron: 3 Unsafe Overapproximate(Box)%: 0
Abstract Mode Changed: 0
Refreshed ReLu nodes: 99
Abstract Mode Changed: 31
Split: 0 Infeasible
verification neuron: 8 Unsafe Overapproximate(Box)%: 0
Abstract Mode Changed: 0
Refreshed ReLu nodes: 103
Abstract Mode Changed: 31
Split: 0 Infeasible
verification neuron: 7 Unsafe Overapproximate(Box)%: 0
Abstract Mode Changed: 0
Refreshed ReLu nodes: 54
Abstract Mode Changed: 30
Split: 0 Infeasible
verification neuron: 6 Unsafe Overapproximate(Box)%: 0
Abstract Mode Changed: 0
Refreshed ReLu nodes: 32
Abstract Mode Changed: 18
Split: 0 Infeasible
verification neuron: 1 Unsafe Overapproximate(Box)%: 0
Abstract Mode Changed: 0
Refreshed ReLu nodes: 40
Abstract Mode Changed: 23
Split: 0 Infeasible
verification neuron: 4 Unsafe Overapproximate(Box)%: 0
Abstract Mode Changed: 0
Refreshed ReLu nodes: 27
Abstract Mode Changed: 15
Refreshed ReLu nodes: 103
Abstract Mode Changed: 23
Split: 0 Infeasible
verification neuron: 5 Unsafe Overapproximate(Box)%: 0
Overall Unsafe Overapproximate(Area)% 0
Overall Unsafe Overapproximate(Smart Area)% 0.0
Overall Unsafe Overapproximate(Box)%: 0.0
Overall Unsafe Overapproximate(Deeppoly)%: 100.0
properties/mnist_41_local_property.in DeepSRGR Success!
properties/mnist_41_local_property.in Running Time 9393.493394136429
properties/mnist_42_local_property.in DeepPoly Success!
Property Verified
properties/mnist_42_local_property.in DeepSRGR Success!
properties/mnist_42_local_property.in Running Time 23.577279329299927
properties/mnist_43_local_property.in DeepPoly Failed!
Abstract Mode Changed: 0
Split: 0 Infeasible
verification neuron: 5 Unsafe Overapproximate(Box)%: 0
Overall Unsafe Overapproximate(Area)% 0
Overall Unsafe Overapproximate(Smart Area)% 0.0
Overall Unsafe Overapproximate(Box)%: 0.0
Overall Unsafe Overapproximate(Deeppoly)%: 100.0
properties/mnist_43_local_property.in DeepSRGR Success!
properties/mnist_43_local_property.in Running Time 65.77408742904663
properties/mnist_44_local_property.in DeepPoly Failed!
Abstract Mode Changed: 0
Refreshed ReLu nodes: 231
Abstract Mode Changed: 31
Split: 0 Infeasible
verification neuron: 1 Unsafe Overapproximate(Box)%: 0
Overall Unsafe Overapproximate(Area)% 0
Overall Unsafe Overapproximate(Smart Area)% 0.0
Overall Unsafe Overapproximate(Box)%: 0.0
Overall Unsafe Overapproximate(Deeppoly)%: 100.0
properties/mnist_44_local_property.in DeepSRGR Success!
properties/mnist_44_local_property.in Running Time 1011.8417761325836
properties/mnist_45_local_property.in DeepPoly Success!
Property Verified
properties/mnist_45_local_property.in DeepSRGR Success!
properties/mnist_45_local_property.in Running Time 26.782560348510742
properties/mnist_46_local_property.in DeepPoly Success!
Property Verified
properties/mnist_46_local_property.in DeepSRGR Success!
properties/mnist_46_local_property.in Running Time 24.381300687789917
properties/mnist_47_local_property.in DeepPoly Failed!
Abstract Mode Changed: 0
Refreshed ReLu nodes: 1
Abstract Mode Changed: 11
Refreshed ReLu nodes: 1
Abstract Mode Changed: 6
Refreshed ReLu nodes: 0
Abstract Mode Changed: 1
Refreshed ReLu nodes: 0
Abstract Mode Changed: 0
Refreshed ReLu nodes: 0
Split: 0 Area: 99.99999999998563
properties/mnist_47_local_property.in DeepSRGR Failed!
properties/mnist_47_local_property.in Running Time 5472.984804153442
properties/mnist_48_local_property.in DeepPoly Success!
Property Verified
properties/mnist_48_local_property.in DeepSRGR Success!
properties/mnist_48_local_property.in Running Time 24.929150104522705
properties/mnist_49_local_property.in DeepPoly Failed!
Abstract Mode Changed: 0
Refreshed ReLu nodes: 12
Abstract Mode Changed: 10
Refreshed ReLu nodes: 3
Abstract Mode Changed: 5
Refreshed ReLu nodes: 3
Abstract Mode Changed: 9
Refreshed ReLu nodes: 11
Abstract Mode Changed: 8
Refreshed ReLu nodes: 26
Split: 0 Area: 99.99999999998
properties/mnist_49_local_property.in DeepSRGR Failed!
properties/mnist_49_local_property.in Running Time 5522.194946527481
DeepPoly Verified: 14 DeepSRGR Verified: 25
Min Time: 22.21571636199951 Max Time 23157.544641256332 Avg Time 6178.820947985649
Passlist: [0, 2, 3, 4, 6, 10, 11, 14, 16, 18, 20, 27, 29, 30, 31, 32, 37, 40, 41, 42, 43, 44, 45, 46, 48]
Nopasslist: [1, 5, 7, 8, 9, 12, 13, 15, 17, 19, 21, 22, 23, 24, 25, 26, 28, 33, 34, 35, 36, 38, 39, 47, 49]
